[ 2017-08-11T15:33:40+08:00 ] 127.0.0.1 /favicon.ico
INFO: [ app_init ] --START--
INFO: Run Behavior\BuildLiteBehavior [ RunTime:0.000013s ]
INFO: [ app_init ] --END-- [ RunTime:0.000647s ]
ERR: 无法加载模块:Favicon

[ 2017-08-11T17:39:28+08:00 ] 127.0.0.1 /Public/B-JUI/themes/css/bootstrap.css.map
INFO: [ app_init ] --START--
INFO: Run Behavior\BuildLiteBehavior [ RunTime:0.000011s ]
INFO: [ app_init ] --END-- [ RunTime:0.000405s ]
ERR: 无法加载模块:Public

[ 2017-08-11T17:43:43+08:00 ] 127.0.0.1 /Public/B-JUI/themes/css/bootstrap.css.map
INFO: [ app_init ] --START--
INFO: Run Behavior\BuildLiteBehavior [ RunTime:0.000010s ]
INFO: [ app_init ] --END-- [ RunTime:0.000388s ]
ERR: 无法加载模块:Public

[ 2017-08-11T17:44:14+08:00 ] 127.0.0.1 /Public/B-JUI/themes/css/bootstrap.css.map
INFO: [ app_init ] --START--
INFO: Run Behavior\BuildLiteBehavior [ RunTime:0.000015s ]
INFO: [ app_init ] --END-- [ RunTime:0.000409s ]
ERR: 无法加载模块:Public

[ 2017-08-11T17:44:30+08:00 ] 127.0.0.1 /Public/B-JUI/themes/css/bootstrap.css.map
INFO: [ app_init ] --START--
INFO: Run Behavior\BuildLiteBehavior [ RunTime:0.000011s ]
INFO: [ app_init ] --END-- [ RunTime:0.000486s ]
ERR: 无法加载模块:Public

[ 2017-08-11T17:44:48+08:00 ] 127.0.0.1 /Public/B-JUI/themes/css/bootstrap.css.map
INFO: [ app_init ] --START--
INFO: Run Behavior\BuildLiteBehavior [ RunTime:0.000010s ]
INFO: [ app_init ] --END-- [ RunTime:0.000405s ]
ERR: 无法加载模块:Public

[ 2017-08-11T17:44:57+08:00 ] 127.0.0.1 /Public/B-JUI/themes/css/bootstrap.css.map
INFO: [ app_init ] --START--
INFO: Run Behavior\BuildLiteBehavior [ RunTime:0.000010s ]
INFO: [ app_init ] --END-- [ RunTime:0.000429s ]
ERR: 无法加载模块:Public

[ 2017-08-11T17:45:57+08:00 ] 127.0.0.1 /Public/B-JUI/themes/css/bootstrap.css.map
INFO: [ app_init ] --START--
INFO: Run Behavior\BuildLiteBehavior [ RunTime:0.000009s ]
INFO: [ app_init ] --END-- [ RunTime:0.000328s ]
ERR: 无法加载模块:Public

[ 2017-08-11T17:46:05+08:00 ] 127.0.0.1 /Public/B-JUI/themes/css/bootstrap.css.map
INFO: [ app_init ] --START--
INFO: Run Behavior\BuildLiteBehavior [ RunTime:0.000011s ]
INFO: [ app_init ] --END-- [ RunTime:0.000429s ]
ERR: 无法加载模块:Public

[ 2017-08-11T17:46:39+08:00 ] 127.0.0.1 /Public/B-JUI/themes/css/bootstrap.css.map
INFO: [ app_init ] --START--
INFO: Run Behavior\BuildLiteBehavior [ RunTime:0.000010s ]
INFO: [ app_init ] --END-- [ RunTime:0.000399s ]
ERR: 无法加载模块:Public

[ 2017-08-11T17:47:04+08:00 ] 127.0.0.1 /Public/B-JUI/themes/css/bootstrap.css.map
INFO: [ app_init ] --START--
INFO: Run Behavior\BuildLiteBehavior [ RunTime:0.000012s ]
INFO: [ app_init ] --END-- [ RunTime:0.000446s ]
ERR: 无法加载模块:Public

[ 2017-08-11T17:47:49+08:00 ] 127.0.0.1 /Public/B-JUI/themes/css/bootstrap.css.map
INFO: [ app_init ] --START--
INFO: Run Behavior\BuildLiteBehavior [ RunTime:0.000010s ]
INFO: [ app_init ] --END-- [ RunTime:0.000339s ]
ERR: 无法加载模块:Public

[ 2017-08-11T17:47:57+08:00 ] 127.0.0.1 /Public/B-JUI/themes/css/bootstrap.css.map
INFO: [ app_init ] --START--
INFO: Run Behavior\BuildLiteBehavior [ RunTime:0.000012s ]
INFO: [ app_init ] --END-- [ RunTime:0.000449s ]
ERR: 无法加载模块:Public

[ 2017-08-11T17:48:03+08:00 ] 127.0.0.1 /Public/B-JUI/themes/css/bootstrap.css.map
INFO: [ app_init ] --START--
INFO: Run Behavior\BuildLiteBehavior [ RunTime:0.000015s ]
INFO: [ app_init ] --END-- [ RunTime:0.000405s ]
ERR: 无法加载模块:Public

[ 2017-08-11T17:48:24+08:00 ] 127.0.0.1 /Public/B-JUI/themes/css/bootstrap.css.map
INFO: [ app_init ] --START--
INFO: Run Behavior\BuildLiteBehavior [ RunTime:0.000012s ]
INFO: [ app_init ] --END-- [ RunTime:0.000540s ]
ERR: 无法加载模块:Public

[ 2017-08-11T17:50:17+08:00 ] 127.0.0.1 /Public/B-JUI/themes/css/bootstrap.css.map
INFO: [ app_init ] --START--
INFO: Run Behavior\BuildLiteBehavior [ RunTime:0.000010s ]
INFO: [ app_init ] --END-- [ RunTime:0.000394s ]
ERR: 无法加载模块:Public

[ 2017-08-11T17:50:51+08:00 ] 127.0.0.1 /Public/B-JUI/themes/css/bootstrap.css.map
INFO: [ app_init ] --START--
INFO: Run Behavior\BuildLiteBehavior [ RunTime:0.000017s ]
INFO: [ app_init ] --END-- [ RunTime:0.000552s ]
ERR: 无法加载模块:Public

[ 2017-08-11T17:51:17+08:00 ] 127.0.0.1 /Public/B-JUI/themes/css/bootstrap.css.map
INFO: [ app_init ] --START--
INFO: Run Behavior\BuildLiteBehavior [ RunTime:0.000010s ]
INFO: [ app_init ] --END-- [ RunTime:0.000474s ]
ERR: 无法加载模块:Public

[ 2017-08-11T17:51:27+08:00 ] 127.0.0.1 /Public/B-JUI/themes/css/bootstrap.css.map
INFO: [ app_init ] --START--
INFO: Run Behavior\BuildLiteBehavior [ RunTime:0.000011s ]
INFO: [ app_init ] --END-- [ RunTime:0.000459s ]
ERR: 无法加载模块:Public

[ 2017-08-11T17:52:03+08:00 ] 127.0.0.1 /Public/B-JUI/themes/css/bootstrap.css.map
INFO: [ app_init ] --START--
INFO: Run Behavior\BuildLiteBehavior [ RunTime:0.000010s ]
INFO: [ app_init ] --END-- [ RunTime:0.000393s ]
ERR: 无法加载模块:Public

[ 2017-08-11T17:52:55+08:00 ] 127.0.0.1 /Public/B-JUI/themes/css/bootstrap.css.map
INFO: [ app_init ] --START--
INFO: Run Behavior\BuildLiteBehavior [ RunTime:0.000012s ]
INFO: [ app_init ] --END-- [ RunTime:0.000469s ]
ERR: 无法加载模块:Public

[ 2017-08-11T17:53:11+08:00 ] 127.0.0.1 /Public/B-JUI/themes/css/bootstrap.css.map
INFO: [ app_init ] --START--
INFO: Run Behavior\BuildLiteBehavior [ RunTime:0.000010s ]
INFO: [ app_init ] --END-- [ RunTime:0.000337s ]
ERR: 无法加载模块:Public

[ 2017-08-11T17:53:41+08:00 ] 127.0.0.1 /Public/B-JUI/themes/css/bootstrap.css.map
INFO: [ app_init ] --START--
INFO: Run Behavior\BuildLiteBehavior [ RunTime:0.000010s ]
INFO: [ app_init ] --END-- [ RunTime:0.000393s ]
ERR: 无法加载模块:Public

[ 2017-08-11T17:54:02+08:00 ] 127.0.0.1 /Public/B-JUI/themes/css/bootstrap.css.map
INFO: [ app_init ] --START--
INFO: Run Behavior\BuildLiteBehavior [ RunTime:0.000010s ]
INFO: [ app_init ] --END-- [ RunTime:0.000412s ]
ERR: 无法加载模块:Public

[ 2017-08-11T17:55:16+08:00 ] 127.0.0.1 /Public/B-JUI/themes/css/bootstrap.css.map
INFO: [ app_init ] --START--
INFO: Run Behavior\BuildLiteBehavior [ RunTime:0.000009s ]
INFO: [ app_init ] --END-- [ RunTime:0.000401s ]
ERR: 无法加载模块:Public

[ 2017-08-11T17:57:06+08:00 ] 127.0.0.1 /Public/B-JUI/themes/css/bootstrap.css.map
INFO: [ app_init ] --START--
INFO: Run Behavior\BuildLiteBehavior [ RunTime:0.000010s ]
INFO: [ app_init ] --END-- [ RunTime:0.000403s ]
ERR: 无法加载模块:Public

[ 2017-08-11T17:57:54+08:00 ] 127.0.0.1 /Public/B-JUI/themes/css/bootstrap.css.map
INFO: [ app_init ] --START--
INFO: Run Behavior\BuildLiteBehavior [ RunTime:0.000010s ]
INFO: [ app_init ] --END-- [ RunTime:0.000434s ]
ERR: 无法加载模块:Public

[ 2017-08-11T17:58:47+08:00 ] 127.0.0.1 /Public/B-JUI/themes/css/bootstrap.css.map
INFO: [ app_init ] --START--
INFO: Run Behavior\BuildLiteBehavior [ RunTime:0.000012s ]
INFO: [ app_init ] --END-- [ RunTime:0.000484s ]
ERR: 无法加载模块:Public

[ 2017-08-11T17:58:59+08:00 ] 127.0.0.1 /Public/B-JUI/themes/css/bootstrap.css.map
INFO: [ app_init ] --START--
INFO: Run Behavior\BuildLiteBehavior [ RunTime:0.000012s ]
INFO: [ app_init ] --END-- [ RunTime:0.000738s ]
ERR: 无法加载模块:Public

[ 2017-08-11T17:59:11+08:00 ] 127.0.0.1 /Public/B-JUI/themes/css/bootstrap.css.map
INFO: [ app_init ] --START--
INFO: Run Behavior\BuildLiteBehavior [ RunTime:0.000010s ]
INFO: [ app_init ] --END-- [ RunTime:0.000382s ]
ERR: 无法加载模块:Public

[ 2017-08-11T17:59:56+08:00 ] 127.0.0.1 /Public/B-JUI/themes/css/bootstrap.css.map
INFO: [ app_init ] --START--
INFO: Run Behavior\BuildLiteBehavior [ RunTime:0.000010s ]
INFO: [ app_init ] --END-- [ RunTime:0.000336s ]
ERR: 无法加载模块:Public

[ 2017-08-11T18:00:06+08:00 ] 127.0.0.1 /Public/B-JUI/themes/css/bootstrap.css.map
INFO: [ app_init ] --START--
INFO: Run Behavior\BuildLiteBehavior [ RunTime:0.000012s ]
INFO: [ app_init ] --END-- [ RunTime:0.000515s ]
ERR: 无法加载模块:Public

[ 2017-08-11T18:00:22+08:00 ] 127.0.0.1 /Public/B-JUI/themes/css/bootstrap.css.map
INFO: [ app_init ] --START--
INFO: Run Behavior\BuildLiteBehavior [ RunTime:0.000009s ]
INFO: [ app_init ] --END-- [ RunTime:0.000336s ]
ERR: 无法加载模块:Public

[ 2017-08-11T18:01:06+08:00 ] 127.0.0.1 /Public/B-JUI/themes/css/bootstrap.css.map
INFO: [ app_init ] --START--
INFO: Run Behavior\BuildLiteBehavior [ RunTime:0.000010s ]
INFO: [ app_init ] --END-- [ RunTime:0.000347s ]
ERR: 无法加载模块:Public

[ 2017-08-11T18:01:21+08:00 ] 127.0.0.1 /Public/B-JUI/themes/css/bootstrap.css.map
INFO: [ app_init ] --START--
INFO: Run Behavior\BuildLiteBehavior [ RunTime:0.000026s ]
INFO: [ app_init ] --END-- [ RunTime:0.000429s ]
ERR: 无法加载模块:Public

[ 2017-08-11T18:01:30+08:00 ] 127.0.0.1 /Public/B-JUI/themes/css/bootstrap.css.map
INFO: [ app_init ] --START--
INFO: Run Behavior\BuildLiteBehavior [ RunTime:0.000010s ]
INFO: [ app_init ] --END-- [ RunTime:0.000335s ]
ERR: 无法加载模块:Public

[ 2017-08-11T18:01:52+08:00 ] 127.0.0.1 /Public/B-JUI/themes/css/bootstrap.css.map
INFO: [ app_init ] --START--
INFO: Run Behavior\BuildLiteBehavior [ RunTime:0.000104s ]
INFO: [ app_init ] --END-- [ RunTime:0.000598s ]
ERR: 无法加载模块:Public

[ 2017-08-11T18:02:08+08:00 ] 127.0.0.1 /Public/B-JUI/themes/css/bootstrap.css.map
INFO: [ app_init ] --START--
INFO: Run Behavior\BuildLiteBehavior [ RunTime:0.000009s ]
INFO: [ app_init ] --END-- [ RunTime:0.000304s ]
ERR: 无法加载模块:Public

[ 2017-08-11T18:02:16+08:00 ] 127.0.0.1 /Public/B-JUI/themes/css/bootstrap.css.map
INFO: [ app_init ] --START--
INFO: Run Behavior\BuildLiteBehavior [ RunTime:0.000012s ]
INFO: [ app_init ] --END-- [ RunTime:0.000398s ]
ERR: 无法加载模块:Public

[ 2017-08-11T18:02:42+08:00 ] 127.0.0.1 /Public/B-JUI/themes/css/bootstrap.css.map
INFO: [ app_init ] --START--
INFO: Run Behavior\BuildLiteBehavior [ RunTime:0.000018s ]
INFO: [ app_init ] --END-- [ RunTime:0.000455s ]
ERR: 无法加载模块:Public

[ 2017-08-11T18:03:06+08:00 ] 127.0.0.1 /Public/B-JUI/themes/css/bootstrap.css.map
INFO: [ app_init ] --START--
INFO: Run Behavior\BuildLiteBehavior [ RunTime:0.000010s ]
INFO: [ app_init ] --END-- [ RunTime:0.000357s ]
ERR: 无法加载模块:Public

