[ 2017-08-09T09:41:07+08:00 ] 127.0.0.1 /admin
INFO: [ app_init ] --START--
INFO: Run Behavior\BuildLiteBehavior [ RunTime:0.000010s ]
INFO: [ app_init ] --END-- [ RunTime:0.000299s ]
INFO: [ app_begin ] --START--
INFO: Run Behavior\ReadHtmlCacheBehavior [ RunTime:0.001533s ]
INFO: [ app_begin ] --END-- [ RunTime:0.001615s ]

[ 2017-08-09T09:41:08+08:00 ] 127.0.0.1 /Admin/Login/login.html
INFO: [ app_init ] --START--
INFO: Run Behavior\BuildLiteBehavior [ RunTime:0.000008s ]
INFO: [ app_init ] --END-- [ RunTime:0.000246s ]
INFO: [ app_begin ] --START--
INFO: Run Behavior\ReadHtmlCacheBehavior [ RunTime:0.000284s ]
INFO: [ app_begin ] --END-- [ RunTime:0.000318s ]
INFO: [ view_parse ] --START--
INFO: [ template_filter ] --START--
INFO: Run Behavior\ContentReplaceBehavior [ RunTime:0.000062s ]
INFO: [ template_filter ] --END-- [ RunTime:0.000094s ]
INFO: Run Behavior\ParseTemplateBehavior [ RunTime:0.076936s ]
INFO: [ view_parse ] --END-- [ RunTime:0.076978s ]
INFO: [ view_filter ] --START--
INFO: Run Behavior\WriteHtmlCacheBehavior [ RunTime:0.000188s ]
INFO: [ view_filter ] --END-- [ RunTime:0.000210s ]
INFO: [ app_end ] --START--
INFO: Run Behavior\ShowPageTraceBehavior [ RunTime:0.000394s ]
INFO: [ app_end ] --END-- [ RunTime:0.000429s ]

[ 2017-08-09T09:41:17+08:00 ] 127.0.0.1 /Admin/Login/doLogin.html
INFO: [ app_init ] --START--
INFO: Run Behavior\BuildLiteBehavior [ RunTime:0.000010s ]
INFO: [ app_init ] --END-- [ RunTime:0.000271s ]
INFO: [ app_begin ] --START--
INFO: Run Behavior\ReadHtmlCacheBehavior [ RunTime:0.000369s ]
INFO: [ app_begin ] --END-- [ RunTime:0.000596s ]
NOTIC: [2] Missing argument 2 for authcode(), called in C:\phpStudy\WWW\mwt2.0_web\ThinkPHP\Common\functions.php on line 370 and defined C:\phpStudy\WWW\mwt2.0_web\Application\Common\Common\function.php 第 13 行.
NOTIC: [8] Undefined variable: key C:\phpStudy\WWW\mwt2.0_web\Application\Common\Common\function.php 第 14 行.
ERR: SQLSTATE[HY000] [1045] Access denied for user 'root'@'localhost' (using password: YES)

[ 2017-08-09T09:42:14+08:00 ] 127.0.0.1 /Admin/Login/doLogin.html
INFO: [ app_init ] --START--
INFO: Run Behavior\BuildLiteBehavior [ RunTime:0.000025s ]
INFO: [ app_init ] --END-- [ RunTime:0.000250s ]
INFO: [ app_begin ] --START--
INFO: Run Behavior\ReadHtmlCacheBehavior [ RunTime:0.000328s ]
INFO: [ app_begin ] --END-- [ RunTime:0.000366s ]
INFO: [ view_parse ] --START--
INFO: [ template_filter ] --START--
INFO: Run Behavior\ContentReplaceBehavior [ RunTime:0.000038s ]
INFO: [ template_filter ] --END-- [ RunTime:0.000072s ]
INFO: Run Behavior\ParseTemplateBehavior [ RunTime:0.027213s ]
INFO: [ view_parse ] --END-- [ RunTime:0.027267s ]
INFO: [ view_filter ] --START--
INFO: Run Behavior\WriteHtmlCacheBehavior [ RunTime:0.000196s ]
INFO: [ view_filter ] --END-- [ RunTime:0.000219s ]

[ 2017-08-09T09:42:16+08:00 ] 127.0.0.1 /Admin/Login/login.html
INFO: [ app_init ] --START--
INFO: Run Behavior\BuildLiteBehavior [ RunTime:0.000008s ]
INFO: [ app_init ] --END-- [ RunTime:0.000249s ]
INFO: [ app_begin ] --START--
INFO: Run Behavior\ReadHtmlCacheBehavior [ RunTime:0.000300s ]
INFO: [ app_begin ] --END-- [ RunTime:0.000330s ]
INFO: [ view_parse ] --START--
INFO: [ template_filter ] --START--
INFO: Run Behavior\ContentReplaceBehavior [ RunTime:0.000060s ]
INFO: [ template_filter ] --END-- [ RunTime:0.000094s ]
INFO: Run Behavior\ParseTemplateBehavior [ RunTime:0.032283s ]
INFO: [ view_parse ] --END-- [ RunTime:0.032321s ]
INFO: [ view_filter ] --START--
INFO: Run Behavior\WriteHtmlCacheBehavior [ RunTime:0.000234s ]
INFO: [ view_filter ] --END-- [ RunTime:0.000259s ]
INFO: [ app_end ] --START--
INFO: Run Behavior\ShowPageTraceBehavior [ RunTime:0.000384s ]
INFO: [ app_end ] --END-- [ RunTime:0.000419s ]

[ 2017-08-09T09:42:20+08:00 ] 127.0.0.1 /Admin/Login/doLogin.html
INFO: [ app_init ] --START--
INFO: Run Behavior\BuildLiteBehavior [ RunTime:0.000008s ]
INFO: [ app_init ] --END-- [ RunTime:0.000214s ]
INFO: [ app_begin ] --START--
INFO: Run Behavior\ReadHtmlCacheBehavior [ RunTime:0.000279s ]
INFO: [ app_begin ] --END-- [ RunTime:0.000309s ]
NOTIC: [2] Missing argument 2 for authcode(), called in C:\phpStudy\WWW\mwt2.0_web\ThinkPHP\Common\functions.php on line 370 and defined C:\phpStudy\WWW\mwt2.0_web\Application\Common\Common\function.php 第 13 行.
NOTIC: [8] Undefined variable: key C:\phpStudy\WWW\mwt2.0_web\Application\Common\Common\function.php 第 14 行.
ERR: SQLSTATE[HY000] [1045] Access denied for user 'root'@'localhost' (using password: YES)

[ 2017-08-09T09:42:35+08:00 ] 127.0.0.1 /Admin/Login/doLogin.html
INFO: [ app_init ] --START--
INFO: Run Behavior\BuildLiteBehavior [ RunTime:0.000008s ]
INFO: [ app_init ] --END-- [ RunTime:0.000224s ]
INFO: [ app_begin ] --START--
INFO: Run Behavior\ReadHtmlCacheBehavior [ RunTime:0.000274s ]
INFO: [ app_begin ] --END-- [ RunTime:0.000326s ]
INFO: [ view_parse ] --START--
INFO: [ template_filter ] --START--
INFO: Run Behavior\ContentReplaceBehavior [ RunTime:0.000035s ]
INFO: [ template_filter ] --END-- [ RunTime:0.000066s ]
INFO: Run Behavior\ParseTemplateBehavior [ RunTime:0.004725s ]
INFO: [ view_parse ] --END-- [ RunTime:0.004766s ]
INFO: [ view_filter ] --START--
INFO: Run Behavior\WriteHtmlCacheBehavior [ RunTime:0.000156s ]
INFO: [ view_filter ] --END-- [ RunTime:0.000178s ]

[ 2017-08-09T09:42:36+08:00 ] 127.0.0.1 /Admin/Login/login.html
INFO: [ app_init ] --START--
INFO: Run Behavior\BuildLiteBehavior [ RunTime:0.000008s ]
INFO: [ app_init ] --END-- [ RunTime:0.000226s ]
INFO: [ app_begin ] --START--
INFO: Run Behavior\ReadHtmlCacheBehavior [ RunTime:0.000276s ]
INFO: [ app_begin ] --END-- [ RunTime:0.000321s ]
INFO: [ view_parse ] --START--
INFO: [ template_filter ] --START--
INFO: Run Behavior\ContentReplaceBehavior [ RunTime:0.000070s ]
INFO: [ template_filter ] --END-- [ RunTime:0.000109s ]
INFO: Run Behavior\ParseTemplateBehavior [ RunTime:0.012074s ]
INFO: [ view_parse ] --END-- [ RunTime:0.012109s ]
INFO: [ view_filter ] --START--
INFO: Run Behavior\WriteHtmlCacheBehavior [ RunTime:0.000171s ]
INFO: [ view_filter ] --END-- [ RunTime:0.000191s ]
INFO: [ app_end ] --START--
INFO: Run Behavior\ShowPageTraceBehavior [ RunTime:0.000315s ]
INFO: [ app_end ] --END-- [ RunTime:0.000364s ]

[ 2017-08-09T09:42:39+08:00 ] 127.0.0.1 /Admin/Login/doLogin.html
INFO: [ app_init ] --START--
INFO: Run Behavior\BuildLiteBehavior [ RunTime:0.000010s ]
INFO: [ app_init ] --END-- [ RunTime:0.000322s ]
INFO: [ app_begin ] --START--
INFO: Run Behavior\ReadHtmlCacheBehavior [ RunTime:0.000441s ]
INFO: [ app_begin ] --END-- [ RunTime:0.000491s ]
NOTIC: [2] Missing argument 2 for authcode(), called in C:\phpStudy\WWW\mwt2.0_web\ThinkPHP\Common\functions.php on line 370 and defined C:\phpStudy\WWW\mwt2.0_web\Application\Common\Common\function.php 第 13 行.
NOTIC: [8] Undefined variable: key C:\phpStudy\WWW\mwt2.0_web\Application\Common\Common\function.php 第 14 行.
SQL: SHOW COLUMNS FROM `coal_admin` [ RunTime:0.0109s ]
SQL: SELECT * FROM coal_admin u WHERE ( (account = 'admin' or phone = 'admin') AND password = 'de13a23d04c96774e64e93ae78b2b8ad4ba8133c' ) LIMIT 1   [ RunTime:0.0099s ]
SQL: UPDATE coal_admin u SET `login_time`='2017-08-09 09:42:39',`login_ip`='127.0.0.1' WHERE `id` = 1 [ RunTime:0.0085s ]
SQL: SELECT g.* FROM coal_admin u left join coal_admin_auth_group_access aga on aga.uid = u.id left join coal_admin_auth_group g on g.id = aga.group_id  WHERE u.id = '1' LIMIT 1   [ RunTime:0.0063s ]

[ 2017-08-09T09:42:40+08:00 ] 127.0.0.1 /Admin/Index/index.html
INFO: [ app_init ] --START--
INFO: Run Behavior\BuildLiteBehavior [ RunTime:0.000008s ]
INFO: [ app_init ] --END-- [ RunTime:0.000218s ]
INFO: [ app_begin ] --START--
INFO: Run Behavior\ReadHtmlCacheBehavior [ RunTime:0.000287s ]
INFO: [ app_begin ] --END-- [ RunTime:0.000315s ]
SQL: SHOW COLUMNS FROM `coal_menu` [ RunTime:0.0113s ]
SQL: SELECT * FROM `coal_menu` WHERE `is_admin` = 1 AND `status` = 1 AND `level` = 1 AND `pid` = 0 ORDER BY sort desc  [ RunTime:0.0080s ]
SQL: SHOW COLUMNS FROM `coal_admin_auth_group_access` [ RunTime:0.0069s ]
SQL: SELECT `uid`,`group_id`,`title`,`rules` FROM coal_admin_auth_group_access a INNER JOIN coal_admin_auth_group g on a.group_id=g.id  WHERE ( a.uid='1' and g.status='1' )  [ RunTime:0.0055s ]
SQL: SHOW COLUMNS FROM `coal_admin_auth_rule` [ RunTime:0.0097s ]
SQL: SELECT `condition`,`name` FROM `coal_admin_auth_rule` WHERE `id` IN ('1','2','3','4','5','6','7','8','9','10','11','12','13','14','15','16','17','18','19','20','21','22','23','24','25','26','27','28','29','30','31','32','33','34','35','36','37','38','39','40','41','42','43','44','45','46','47','48','49','50','51','52','53','54','55','56','57','58','59','60','61','62','63','64','65','66','67','68','69','70','71','72','73','74','75','76','77','78','79','80','81','82','83','84','85','86','87','88','89','90','91','92','93','94','95','96','97','98','99','100','101','102','103','104','105','106','107','108','109','110','111','112','113','114','115','116','117','118','119','120','121','122','123','124','125','126','127','128','129','130','131','132','133','134','135','136','137','138','139','140','141','142','143','144','145','146','147','148','149','150','151','152','153','154','155','156','157','158','159','160','161','162','163','164','165','166','167','168','169','170','171','172','173','174','175','176','177','178','179','180','181','182','183','184','185','186','187','188','189','190','191','192','193','194','195','196','197','198','199','200') AND `type` = 1 AND `status` = 1  [ RunTime:0.0054s ]
SQL: SHOW COLUMNS FROM `coal_users` [ RunTime:0.0059s ]
SQL: SELECT COUNT(*) AS tp_count FROM `coal_users` WHERE `is_authentication` = 0 LIMIT 1   [ RunTime:0.0052s ]
SQL: SELECT COUNT(*) AS tp_count FROM `coal_users` WHERE `is_authentication` = 2 LIMIT 1   [ RunTime:0.0059s ]
SQL: SELECT COUNT(*) AS tp_count FROM `coal_users` WHERE `is_authentication` = 1 LIMIT 1   [ RunTime:0.0046s ]
SQL: SHOW COLUMNS FROM `coal_truck` [ RunTime:0.0046s ]
SQL: SELECT COUNT(*) AS tp_count FROM `coal_truck` LIMIT 1   [ RunTime:0.0054s ]
SQL: SELECT COUNT(*) AS tp_count FROM `coal_truck` WHERE `owner_type` = 1 LIMIT 1   [ RunTime:0.0042s ]
SQL: SELECT COUNT(*) AS tp_count FROM `coal_truck` WHERE `owner_type` = 2 LIMIT 1   [ RunTime:0.0056s ]
SQL: SELECT COUNT(*) AS tp_count FROM `coal_truck` WHERE `state` = 1 LIMIT 1   [ RunTime:0.0059s ]
SQL: SELECT COUNT(*) AS tp_count FROM `coal_truck` WHERE `state` = 2 LIMIT 1   [ RunTime:0.0070s ]
SQL: SELECT COUNT(*) AS tp_count FROM `coal_truck` WHERE `state` = 3 LIMIT 1   [ RunTime:0.0072s ]
SQL: SELECT COUNT(*) AS tp_count FROM `coal_truck` WHERE `state` = 4 LIMIT 1   [ RunTime:0.0052s ]
SQL: SHOW COLUMNS FROM `coal_company` [ RunTime:0.0044s ]
SQL: SELECT * FROM `coal_company` WHERE `is_passed` = 0  [ RunTime:0.0055s ]
SQL: SELECT * FROM `coal_users` WHERE `company_id` = 308 AND `is_admin` = 1 LIMIT 1   [ RunTime:0.0056s ]
SQL: SELECT * FROM `coal_users` WHERE `company_id` = 309 AND `is_admin` = 1 LIMIT 1   [ RunTime:0.0054s ]
SQL: SELECT * FROM `coal_users` WHERE `company_id` = 329 AND `is_admin` = 1 LIMIT 1   [ RunTime:0.0060s ]
SQL: SELECT * FROM `coal_users` WHERE `company_id` = 330 AND `is_admin` = 1 LIMIT 1   [ RunTime:0.0056s ]
SQL: SELECT * FROM `coal_users` WHERE `company_id` = 337 AND `is_admin` = 1 LIMIT 1   [ RunTime:0.0060s ]
SQL: SELECT * FROM `coal_users` WHERE `company_id` = 361 AND `is_admin` = 1 LIMIT 1   [ RunTime:0.0064s ]
SQL: SELECT * FROM `coal_users` WHERE `company_id` = 362 AND `is_admin` = 1 LIMIT 1   [ RunTime:0.0063s ]
SQL: SELECT * FROM `coal_users` WHERE `company_id` = 364 AND `is_admin` = 1 LIMIT 1   [ RunTime:0.0064s ]
SQL: SELECT * FROM `coal_users` WHERE `company_id` = 365 AND `is_admin` = 1 LIMIT 1   [ RunTime:0.0056s ]
SQL: SELECT * FROM `coal_users` WHERE `company_id` = 366 AND `is_admin` = 1 LIMIT 1   [ RunTime:0.0061s ]
SQL: SELECT * FROM `coal_users` WHERE `company_id` = 370 AND `is_admin` = 1 LIMIT 1   [ RunTime:0.0057s ]
SQL: SELECT * FROM `coal_users` WHERE `company_id` = 371 AND `is_admin` = 1 LIMIT 1   [ RunTime:0.0059s ]
SQL: SELECT * FROM `coal_users` WHERE `company_id` = 372 AND `is_admin` = 1 LIMIT 1   [ RunTime:0.0052s ]
SQL: SELECT * FROM `coal_users` WHERE `company_id` = 373 AND `is_admin` = 1 LIMIT 1   [ RunTime:0.0051s ]
SQL: SELECT * FROM `coal_users` WHERE `company_id` = 374 AND `is_admin` = 1 LIMIT 1   [ RunTime:0.0059s ]
SQL: SELECT * FROM `coal_users` WHERE `company_id` = 375 AND `is_admin` = 1 LIMIT 1   [ RunTime:0.0062s ]
SQL: SELECT * FROM `coal_users` WHERE `company_id` = 378 AND `is_admin` = 1 LIMIT 1   [ RunTime:0.0058s ]
SQL: SELECT * FROM `coal_users` WHERE `company_id` = 379 AND `is_admin` = 1 LIMIT 1   [ RunTime:0.0059s ]
SQL: SELECT * FROM `coal_users` WHERE `company_id` = 383 AND `is_admin` = 1 LIMIT 1   [ RunTime:0.0059s ]
SQL: SELECT * FROM `coal_users` WHERE `company_id` = 384 AND `is_admin` = 1 LIMIT 1   [ RunTime:0.0054s ]
SQL: SELECT * FROM `coal_users` WHERE `company_id` = 388 AND `is_admin` = 1 LIMIT 1   [ RunTime:0.0053s ]
SQL: SELECT * FROM `coal_users` WHERE `company_id` = 389 AND `is_admin` = 1 LIMIT 1   [ RunTime:0.0053s ]
SQL: SELECT * FROM `coal_users` WHERE `company_id` = 390 AND `is_admin` = 1 LIMIT 1   [ RunTime:0.0061s ]
SQL: SELECT * FROM `coal_users` WHERE `company_id` = 392 AND `is_admin` = 1 LIMIT 1   [ RunTime:0.0045s ]
SQL: SELECT * FROM `coal_users` WHERE `company_id` = 393 AND `is_admin` = 1 LIMIT 1   [ RunTime:0.0062s ]
SQL: SELECT * FROM `coal_users` WHERE `company_id` = 394 AND `is_admin` = 1 LIMIT 1   [ RunTime:0.0055s ]
SQL: SELECT * FROM `coal_users` WHERE `company_id` = 395 AND `is_admin` = 1 LIMIT 1   [ RunTime:0.0052s ]
SQL: SELECT * FROM `coal_users` WHERE `company_id` = 396 AND `is_admin` = 1 LIMIT 1   [ RunTime:0.0056s ]
SQL: SELECT * FROM `coal_users` WHERE `company_id` = 397 AND `is_admin` = 1 LIMIT 1   [ RunTime:0.0057s ]
SQL: SELECT * FROM `coal_users` WHERE `company_id` = 398 AND `is_admin` = 1 LIMIT 1   [ RunTime:0.0057s ]
SQL: SELECT * FROM `coal_users` WHERE `company_id` = 399 AND `is_admin` = 1 LIMIT 1   [ RunTime:0.0053s ]
SQL: SELECT * FROM `coal_users` WHERE `company_id` = 400 AND `is_admin` = 1 LIMIT 1   [ RunTime:0.0056s ]
SQL: SELECT * FROM `coal_users` WHERE `company_id` = 401 AND `is_admin` = 1 LIMIT 1   [ RunTime:0.0051s ]
SQL: SELECT * FROM `coal_users` WHERE `company_id` = 403 AND `is_admin` = 1 LIMIT 1   [ RunTime:0.0061s ]
SQL: SELECT * FROM `coal_users` WHERE `company_id` = 404 AND `is_admin` = 1 LIMIT 1   [ RunTime:0.0060s ]
SQL: SELECT * FROM `coal_users` WHERE `company_id` = 405 AND `is_admin` = 1 LIMIT 1   [ RunTime:0.0051s ]
SQL: SELECT * FROM `coal_users` WHERE `company_id` = 406 AND `is_admin` = 1 LIMIT 1   [ RunTime:0.0056s ]
SQL: SELECT * FROM `coal_users` WHERE `company_id` = 407 AND `is_admin` = 1 LIMIT 1   [ RunTime:0.0054s ]
SQL: SELECT * FROM `coal_users` WHERE `company_id` = 409 AND `is_admin` = 1 LIMIT 1   [ RunTime:0.0054s ]
SQL: SELECT * FROM `coal_users` WHERE `company_id` = 410 AND `is_admin` = 1 LIMIT 1   [ RunTime:0.0053s ]
SQL: SELECT * FROM `coal_users` WHERE `company_id` = 411 AND `is_admin` = 1 LIMIT 1   [ RunTime:0.0068s ]
SQL: SELECT * FROM `coal_users` WHERE `company_id` = 412 AND `is_admin` = 1 LIMIT 1   [ RunTime:0.0096s ]
SQL: SELECT * FROM `coal_users` WHERE `company_id` = 414 AND `is_admin` = 1 LIMIT 1   [ RunTime:0.0056s ]
SQL: SELECT * FROM `coal_users` WHERE `company_id` = 419 AND `is_admin` = 1 LIMIT 1   [ RunTime:0.0070s ]
SQL: SELECT * FROM `coal_users` WHERE `company_id` = 420 AND `is_admin` = 1 LIMIT 1   [ RunTime:0.0079s ]
SQL: SELECT * FROM `coal_users` WHERE `company_id` = 421 AND `is_admin` = 1 LIMIT 1   [ RunTime:0.0058s ]
SQL: SELECT * FROM `coal_users` WHERE `company_id` = 422 AND `is_admin` = 1 LIMIT 1   [ RunTime:0.0066s ]
SQL: SELECT * FROM `coal_users` WHERE `company_id` = 424 AND `is_admin` = 1 LIMIT 1   [ RunTime:0.0067s ]
SQL: SELECT * FROM `coal_users` WHERE `company_id` = 425 AND `is_admin` = 1 LIMIT 1   [ RunTime:0.0064s ]
SQL: SELECT * FROM `coal_users` WHERE `company_id` = 426 AND `is_admin` = 1 LIMIT 1   [ RunTime:0.0053s ]
SQL: SELECT * FROM `coal_users` WHERE `company_id` = 428 AND `is_admin` = 1 LIMIT 1   [ RunTime:0.0075s ]
SQL: SELECT * FROM `coal_users` WHERE `company_id` = 429 AND `is_admin` = 1 LIMIT 1   [ RunTime:0.0079s ]
SQL: SELECT * FROM `coal_users` WHERE `company_id` = 430 AND `is_admin` = 1 LIMIT 1   [ RunTime:0.0049s ]
SQL: SELECT * FROM `coal_users` WHERE `company_id` = 431 AND `is_admin` = 1 LIMIT 1   [ RunTime:0.0068s ]
SQL: SELECT COUNT(*) AS tp_count FROM `coal_company` WHERE `is_passed` = 1 LIMIT 1   [ RunTime:0.0042s ]
SQL: SELECT COUNT(*) AS tp_count FROM `coal_truck` WHERE `is_passed` = 0 LIMIT 1   [ RunTime:0.0054s ]
SQL: SELECT COUNT(*) AS tp_count FROM `coal_truck` WHERE `is_passed` = 1 LIMIT 1   [ RunTime:0.0040s ]
SQL: SHOW COLUMNS FROM `coal_driver` [ RunTime:0.0052s ]
SQL: SELECT COUNT(*) AS tp_count FROM `coal_driver` WHERE `is_passed` = 0 LIMIT 1   [ RunTime:0.0041s ]
SQL: SELECT COUNT(*) AS tp_count FROM `coal_driver` WHERE `is_passed` = 1 LIMIT 1   [ RunTime:0.0053s ]
SQL: SELECT COUNT(*) AS tp_count FROM `coal_truck` WHERE `is_passed` = 0 LIMIT 1   [ RunTime:0.0047s ]
SQL: SELECT COUNT(*) AS tp_count FROM `coal_truck` WHERE `is_passed` = 1 LIMIT 1   [ RunTime:0.0046s ]
SQL: SHOW COLUMNS FROM `coal_recruitment` [ RunTime:0.0056s ]
SQL: SELECT COUNT(*) AS tp_count FROM `coal_recruitment` WHERE `is_passed` = 0 LIMIT 1   [ RunTime:0.0065s ]
SQL: SELECT COUNT(*) AS tp_count FROM `coal_recruitment` WHERE `is_passed` = 1 LIMIT 1   [ RunTime:0.0083s ]
SQL: SHOW COLUMNS FROM `coal_human_info` [ RunTime:0.0187s ]
SQL: SELECT COUNT(*) AS tp_count FROM `coal_human_info` WHERE `is_passed` = 0 LIMIT 1   [ RunTime:0.0048s ]
SQL: SELECT COUNT(*) AS tp_count FROM `coal_human_info` WHERE `is_passed` = 1 LIMIT 1   [ RunTime:0.0049s ]
SQL: SHOW COLUMNS FROM `coal_logistics_goods` [ RunTime:0.0054s ]
SQL: SELECT COUNT(*) AS tp_count FROM `coal_logistics_goods` WHERE `is_passed` = 0 LIMIT 1   [ RunTime:0.0041s ]
SQL: SELECT COUNT(*) AS tp_count FROM `coal_logistics_goods` WHERE `is_passed` = 1 LIMIT 1   [ RunTime:0.0048s ]
SQL: SHOW COLUMNS FROM `coal_re_goods` [ RunTime:0.0052s ]
SQL: SELECT COUNT(*) AS tp_count FROM `coal_re_goods` WHERE `state` = 5 LIMIT 1   [ RunTime:0.0061s ]
SQL: SELECT COUNT(*) AS tp_count FROM `coal_re_goods` WHERE `state` IN (6,7) LIMIT 1   [ RunTime:0.0049s ]
SQL: SHOW COLUMNS FROM `coal_admin` [ RunTime:0.0060s ]
SQL: SELECT `login_time` FROM `coal_admin` WHERE `account` = 'admin' LIMIT 1   [ RunTime:0.0048s ]
INFO: [ view_parse ] --START--
INFO: [ template_filter ] --START--
INFO: Run Behavior\ContentReplaceBehavior [ RunTime:0.000143s ]
INFO: [ template_filter ] --END-- [ RunTime:0.000182s ]
NOTIC: [8] Undefined index: long_haul0 C:\phpStudy\WWW\mwt2.0_web\Application\Runtime\Cache\Admin\6fedbbe541e195344bf1450076482852.php 第 464 行.
NOTIC: [8] Undefined index: long_haul1 C:\phpStudy\WWW\mwt2.0_web\Application\Runtime\Cache\Admin\6fedbbe541e195344bf1450076482852.php 第 465 行.
NOTIC: [8] Undefined index: train0 C:\phpStudy\WWW\mwt2.0_web\Application\Runtime\Cache\Admin\6fedbbe541e195344bf1450076482852.php 第 469 行.
NOTIC: [8] Undefined index: train1 C:\phpStudy\WWW\mwt2.0_web\Application\Runtime\Cache\Admin\6fedbbe541e195344bf1450076482852.php 第 470 行.
NOTIC: [8] Undefined index: ship0 C:\phpStudy\WWW\mwt2.0_web\Application\Runtime\Cache\Admin\6fedbbe541e195344bf1450076482852.php 第 474 行.
NOTIC: [8] Undefined index: ship1 C:\phpStudy\WWW\mwt2.0_web\Application\Runtime\Cache\Admin\6fedbbe541e195344bf1450076482852.php 第 475 行.
INFO: Run Behavior\ParseTemplateBehavior [ RunTime:0.089215s ]
INFO: [ view_parse ] --END-- [ RunTime:0.089246s ]
INFO: [ view_filter ] --START--
INFO: Run Behavior\WriteHtmlCacheBehavior [ RunTime:0.000243s ]
INFO: [ view_filter ] --END-- [ RunTime:0.000264s ]
INFO: [ app_end ] --START--
INFO: Run Behavior\ShowPageTraceBehavior [ RunTime:0.000349s ]
INFO: [ app_end ] --END-- [ RunTime:0.000381s ]

[ 2017-08-09T09:42:42+08:00 ] 127.0.0.1 /Admin/Index/menu/id/40
INFO: [ app_init ] --START--
INFO: Run Behavior\BuildLiteBehavior [ RunTime:0.000009s ]
INFO: [ app_init ] --END-- [ RunTime:0.000273s ]
INFO: [ app_begin ] --START--
INFO: Run Behavior\ReadHtmlCacheBehavior [ RunTime:0.000308s ]
INFO: [ app_begin ] --END-- [ RunTime:0.000346s ]
NOTIC: [2] session_start(): Cannot send session cache limiter - headers already sent C:\phpStudy\WWW\mwt2.0_web\ThinkPHP\Common\functions.php 第 1263 行.
SQL: SHOW COLUMNS FROM `coal_menu` [ RunTime:0.0110s ]
SQL: SELECT * FROM `coal_menu` WHERE `is_admin` = 1 AND `status` = 1 AND `level` = 1 AND `pid` = 0 ORDER BY sort desc  [ RunTime:0.0115s ]
SQL: SHOW COLUMNS FROM `coal_admin_auth_group_access` [ RunTime:0.0098s ]
SQL: SELECT `uid`,`group_id`,`title`,`rules` FROM coal_admin_auth_group_access a INNER JOIN coal_admin_auth_group g on a.group_id=g.id  WHERE ( a.uid='1' and g.status='1' )  [ RunTime:0.0101s ]
SQL: SHOW COLUMNS FROM `coal_admin_auth_rule` [ RunTime:0.0098s ]
SQL: SELECT `condition`,`name` FROM `coal_admin_auth_rule` WHERE `id` IN ('1','2','3','4','5','6','7','8','9','10','11','12','13','14','15','16','17','18','19','20','21','22','23','24','25','26','27','28','29','30','31','32','33','34','35','36','37','38','39','40','41','42','43','44','45','46','47','48','49','50','51','52','53','54','55','56','57','58','59','60','61','62','63','64','65','66','67','68','69','70','71','72','73','74','75','76','77','78','79','80','81','82','83','84','85','86','87','88','89','90','91','92','93','94','95','96','97','98','99','100','101','102','103','104','105','106','107','108','109','110','111','112','113','114','115','116','117','118','119','120','121','122','123','124','125','126','127','128','129','130','131','132','133','134','135','136','137','138','139','140','141','142','143','144','145','146','147','148','149','150','151','152','153','154','155','156','157','158','159','160','161','162','163','164','165','166','167','168','169','170','171','172','173','174','175','176','177','178','179','180','181','182','183','184','185','186','187','188','189','190','191','192','193','194','195','196','197','198','199','200') AND `type` = 1 AND `status` = 1  [ RunTime:0.0126s ]
SQL: SELECT * FROM `coal_menu` WHERE `is_admin` = 1 AND `status` = 1 AND `level` = 2 AND `pid` = 40 ORDER BY sort desc  [ RunTime:0.0113s ]
SQL: SELECT * FROM `coal_menu` WHERE `is_admin` = 1 AND `status` = 1 AND `level` = 3 AND `pid` = 41 ORDER BY sort desc  [ RunTime:0.0101s ]

[ 2017-08-09T09:51:14+08:00 ] 127.0.0.1 /Admin/Index/menu/id/34
INFO: [ app_init ] --START--
INFO: Run Behavior\BuildLiteBehavior [ RunTime:0.000010s ]
INFO: [ app_init ] --END-- [ RunTime:0.000370s ]
INFO: [ app_begin ] --START--
INFO: Run Behavior\ReadHtmlCacheBehavior [ RunTime:0.000430s ]
INFO: [ app_begin ] --END-- [ RunTime:0.000465s ]
NOTIC: [2] session_start(): Cannot send session cache limiter - headers already sent C:\phpStudy\WWW\mwt2.0_web\ThinkPHP\Common\functions.php 第 1263 行.
ERR: 1146:Table 'mwt.coal_menu' doesn't exist
 [ SQL语句 ] : SHOW COLUMNS FROM `coal_menu`
ERR: 1146:Table 'mwt.coal_menu' doesn't exist
 [ SQL语句 ] : SHOW COLUMNS FROM `coal_menu`
NOTIC: [2] Cannot modify header information - headers already sent C:\phpStudy\WWW\mwt2.0_web\ThinkPHP\Library\Think\Think.class.php 第 229 行.
NOTIC: [2] Cannot modify header information - headers already sent C:\phpStudy\WWW\mwt2.0_web\ThinkPHP\Library\Think\Think.class.php 第 230 行.

[ 2017-08-09T09:51:15+08:00 ] 127.0.0.1 /Admin/Index/menu/id/40
INFO: [ app_init ] --START--
INFO: Run Behavior\BuildLiteBehavior [ RunTime:0.000021s ]
INFO: [ app_init ] --END-- [ RunTime:0.000492s ]
INFO: [ app_begin ] --START--
INFO: Run Behavior\ReadHtmlCacheBehavior [ RunTime:0.000765s ]
INFO: [ app_begin ] --END-- [ RunTime:0.000808s ]
NOTIC: [2] session_start(): Cannot send session cache limiter - headers already sent C:\phpStudy\WWW\mwt2.0_web\ThinkPHP\Common\functions.php 第 1263 行.
ERR: 1146:Table 'mwt.coal_menu' doesn't exist
 [ SQL语句 ] : SHOW COLUMNS FROM `coal_menu`
ERR: 1146:Table 'mwt.coal_menu' doesn't exist
 [ SQL语句 ] : SHOW COLUMNS FROM `coal_menu`
NOTIC: [2] Cannot modify header information - headers already sent C:\phpStudy\WWW\mwt2.0_web\ThinkPHP\Library\Think\Think.class.php 第 229 行.
NOTIC: [2] Cannot modify header information - headers already sent C:\phpStudy\WWW\mwt2.0_web\ThinkPHP\Library\Think\Think.class.php 第 230 行.

[ 2017-08-09T09:51:32+08:00 ] 127.0.0.1 /Admin/Login/logout.html
INFO: [ app_init ] --START--
INFO: Run Behavior\BuildLiteBehavior [ RunTime:0.000010s ]
INFO: [ app_init ] --END-- [ RunTime:0.000338s ]
INFO: [ app_begin ] --START--
INFO: Run Behavior\ReadHtmlCacheBehavior [ RunTime:0.000399s ]
INFO: [ app_begin ] --END-- [ RunTime:0.000439s ]

[ 2017-08-09T09:51:32+08:00 ] 127.0.0.1 /Admin/Login/login.html
INFO: [ app_init ] --START--
INFO: Run Behavior\BuildLiteBehavior [ RunTime:0.000009s ]
INFO: [ app_init ] --END-- [ RunTime:0.000286s ]
INFO: [ app_begin ] --START--
INFO: Run Behavior\ReadHtmlCacheBehavior [ RunTime:0.000679s ]
INFO: [ app_begin ] --END-- [ RunTime:0.000732s ]
INFO: [ view_parse ] --START--
INFO: [ template_filter ] --START--
INFO: Run Behavior\ContentReplaceBehavior [ RunTime:0.000075s ]
INFO: [ template_filter ] --END-- [ RunTime:0.000148s ]
INFO: Run Behavior\ParseTemplateBehavior [ RunTime:0.028315s ]
INFO: [ view_parse ] --END-- [ RunTime:0.028355s ]
INFO: [ view_filter ] --START--
INFO: Run Behavior\WriteHtmlCacheBehavior [ RunTime:0.000381s ]
INFO: [ view_filter ] --END-- [ RunTime:0.001460s ]
INFO: [ app_end ] --START--
INFO: Run Behavior\ShowPageTraceBehavior [ RunTime:0.002566s ]
INFO: [ app_end ] --END-- [ RunTime:0.002648s ]

[ 2017-08-09T09:51:39+08:00 ] 127.0.0.1 /Admin/Login/doLogin.html
INFO: [ app_init ] --START--
INFO: Run Behavior\BuildLiteBehavior [ RunTime:0.000011s ]
INFO: [ app_init ] --END-- [ RunTime:0.000461s ]
INFO: [ app_begin ] --START--
INFO: Run Behavior\ReadHtmlCacheBehavior [ RunTime:0.000444s ]
INFO: [ app_begin ] --END-- [ RunTime:0.000480s ]
NOTIC: [2] Missing argument 2 for authcode(), called in C:\phpStudy\WWW\mwt2.0_web\ThinkPHP\Common\functions.php on line 370 and defined C:\phpStudy\WWW\mwt2.0_web\Application\Common\Common\function.php 第 13 行.
NOTIC: [8] Undefined variable: key C:\phpStudy\WWW\mwt2.0_web\Application\Common\Common\function.php 第 14 行.
SQL: SHOW COLUMNS FROM `coal_admin` [ RunTime:0.0170s ]
SQL: SELECT * FROM coal_admin u WHERE ( (account = 'admin' or phone = 'admin') AND password = 'de13a23d04c96774e64e93ae78b2b8ad4ba8133c' ) LIMIT 1   [ RunTime:0.0003s ]
SQL: UPDATE coal_admin u SET `login_time`='2017-08-09 09:51:39',`login_ip`='127.0.0.1' WHERE `id` = 1 [ RunTime:0.0068s ]
SQL: SELECT g.* FROM coal_admin u left join coal_admin_auth_group_access aga on aga.uid = u.id left join coal_admin_auth_group g on g.id = aga.group_id  WHERE u.id = '1' LIMIT 1   [ RunTime:0.0003s ]

[ 2017-08-09T09:51:40+08:00 ] 127.0.0.1 /Admin/Index/index.html
INFO: [ app_init ] --START--
INFO: Run Behavior\BuildLiteBehavior [ RunTime:0.000012s ]
INFO: [ app_init ] --END-- [ RunTime:0.000429s ]
INFO: [ app_begin ] --START--
INFO: Run Behavior\ReadHtmlCacheBehavior [ RunTime:0.000448s ]
INFO: [ app_begin ] --END-- [ RunTime:0.000487s ]
ERR: 1146:Table 'mwt.coal_menu' doesn't exist
 [ SQL语句 ] : SHOW COLUMNS FROM `coal_menu`
ERR: 1146:Table 'mwt.coal_menu' doesn't exist
 [ SQL语句 ] : SHOW COLUMNS FROM `coal_menu`

[ 2017-08-09T09:52:10+08:00 ] 127.0.0.1 /Admin/Login/doLogin.html
INFO: [ app_init ] --START--
INFO: Run Behavior\BuildLiteBehavior [ RunTime:0.000008s ]
INFO: [ app_init ] --END-- [ RunTime:0.000260s ]
INFO: [ app_begin ] --START--
INFO: Run Behavior\ReadHtmlCacheBehavior [ RunTime:0.000493s ]
INFO: [ app_begin ] --END-- [ RunTime:0.000541s ]
NOTIC: [2] Missing argument 2 for authcode(), called in C:\phpStudy\WWW\mwt2.0_web\ThinkPHP\Common\functions.php on line 370 and defined C:\phpStudy\WWW\mwt2.0_web\Application\Common\Common\function.php 第 13 行.
NOTIC: [8] Undefined variable: key C:\phpStudy\WWW\mwt2.0_web\Application\Common\Common\function.php 第 14 行.
SQL: SHOW COLUMNS FROM `coal_admin` [ RunTime:0.0116s ]
SQL: SELECT * FROM coal_admin u WHERE ( (account = 'admin' or phone = 'admin') AND password = 'de13a23d04c96774e64e93ae78b2b8ad4ba8133c' ) LIMIT 1   [ RunTime:0.0003s ]
SQL: UPDATE coal_admin u SET `login_time`='2017-08-09 09:52:10',`login_ip`='127.0.0.1' WHERE `id` = 1 [ RunTime:0.0016s ]
SQL: SELECT g.* FROM coal_admin u left join coal_admin_auth_group_access aga on aga.uid = u.id left join coal_admin_auth_group g on g.id = aga.group_id  WHERE u.id = '1' LIMIT 1   [ RunTime:0.0003s ]

[ 2017-08-09T09:52:12+08:00 ] 127.0.0.1 /Admin/Index/index.html
INFO: [ app_init ] --START--
INFO: Run Behavior\BuildLiteBehavior [ RunTime:0.000007s ]
INFO: [ app_init ] --END-- [ RunTime:0.000243s ]
INFO: [ app_begin ] --START--
INFO: Run Behavior\ReadHtmlCacheBehavior [ RunTime:0.000452s ]
INFO: [ app_begin ] --END-- [ RunTime:0.000487s ]
ERR: 1146:Table 'mwt.coal_menu' doesn't exist
 [ SQL语句 ] : SHOW COLUMNS FROM `coal_menu`
ERR: 1146:Table 'mwt.coal_menu' doesn't exist
 [ SQL语句 ] : SHOW COLUMNS FROM `coal_menu`

[ 2017-08-09T09:53:36+08:00 ] 127.0.0.1 /Admin/Index/index.html
INFO: [ app_init ] --START--
INFO: Run Behavior\BuildLiteBehavior [ RunTime:0.000008s ]
INFO: [ app_init ] --END-- [ RunTime:0.000239s ]
INFO: [ app_begin ] --START--
INFO: Run Behavior\ReadHtmlCacheBehavior [ RunTime:0.000366s ]
INFO: [ app_begin ] --END-- [ RunTime:0.000393s ]
SQL: SHOW COLUMNS FROM `coal_menu` [ RunTime:0.0246s ]
SQL: SELECT * FROM `coal_menu` WHERE `is_admin` = 1 AND `status` = 1 AND `level` = 1 AND `pid` = 0 ORDER BY sort desc  [ RunTime:0.0004s ]
SQL: SHOW COLUMNS FROM `coal_admin_auth_group_access` [ RunTime:0.0103s ]
SQL: SELECT `uid`,`group_id`,`title`,`rules` FROM coal_admin_auth_group_access a INNER JOIN coal_admin_auth_group g on a.group_id=g.id  WHERE ( a.uid='1' and g.status='1' )  [ RunTime:0.0003s ]
SQL: SHOW COLUMNS FROM `coal_admin_auth_rule` [ RunTime:0.0098s ]
SQL: SELECT `condition`,`name` FROM `coal_admin_auth_rule` WHERE `id` IN ('1','2','3','4','5','6','7','8','9','10','11','12','13','14','15','16','17','18','19','20','21','22','23','24','25','26','27','28','29','30','31','32','33','34','35','36','37','38','39','40','41','42','43','44','45','46','47','48','49','50','51','52','53','54','55','56','57','58','59','60','61','62','63','64','65','66','67','68','69','70','71','72','73','74','75','76','77','78','79','80','81','82','83','84','85','86','87','88','89','90','91','92','93','94','95','96','97','98','99','100','101','102','103','104','105','106','107','108','109','110','111','112','113','114','115','116','117','118','119','120','121','122','123','124','125','126','127','128','129','130','131','132','133','134','135','136','137','138','139','140','141','142','143','144','145','146','147','148','149','150','151','152','153','154','155','156','157','158','159','160','161','162','163','164','165','166','167','168','169','170','171','172','173','174','175','176','177','178','179','180','181','182','183','184','185','186','187','188','189','190','191','192','193','194','195','196','197','198','199','200') AND `type` = 1 AND `status` = 1  [ RunTime:0.0008s ]
SQL: SHOW COLUMNS FROM `coal_users` [ RunTime:0.0099s ]
SQL: SELECT COUNT(*) AS tp_count FROM `coal_users` WHERE `is_authentication` = 0 LIMIT 1   [ RunTime:0.0006s ]
SQL: SELECT COUNT(*) AS tp_count FROM `coal_users` WHERE `is_authentication` = 2 LIMIT 1   [ RunTime:0.0005s ]
SQL: SELECT COUNT(*) AS tp_count FROM `coal_users` WHERE `is_authentication` = 1 LIMIT 1   [ RunTime:0.0004s ]
SQL: SHOW COLUMNS FROM `coal_truck` [ RunTime:0.0104s ]
SQL: SELECT COUNT(*) AS tp_count FROM `coal_truck` LIMIT 1   [ RunTime:0.0003s ]
SQL: SELECT COUNT(*) AS tp_count FROM `coal_truck` WHERE `owner_type` = 1 LIMIT 1   [ RunTime:0.0004s ]
SQL: SELECT COUNT(*) AS tp_count FROM `coal_truck` WHERE `owner_type` = 2 LIMIT 1   [ RunTime:0.0003s ]
SQL: SELECT COUNT(*) AS tp_count FROM `coal_truck` WHERE `state` = 1 LIMIT 1   [ RunTime:0.0003s ]
SQL: SELECT COUNT(*) AS tp_count FROM `coal_truck` WHERE `state` = 2 LIMIT 1   [ RunTime:0.0003s ]
SQL: SELECT COUNT(*) AS tp_count FROM `coal_truck` WHERE `state` = 3 LIMIT 1   [ RunTime:0.0003s ]
SQL: SELECT COUNT(*) AS tp_count FROM `coal_truck` WHERE `state` = 4 LIMIT 1   [ RunTime:0.0003s ]
SQL: SHOW COLUMNS FROM `coal_company` [ RunTime:0.0097s ]
SQL: SELECT * FROM `coal_company` WHERE `is_passed` = 0  [ RunTime:0.0005s ]
SQL: SELECT * FROM `coal_users` WHERE `company_id` = 308 AND `is_admin` = 1 LIMIT 1   [ RunTime:0.0011s ]
SQL: SELECT * FROM `coal_users` WHERE `company_id` = 309 AND `is_admin` = 1 LIMIT 1   [ RunTime:0.0011s ]
SQL: SELECT * FROM `coal_users` WHERE `company_id` = 329 AND `is_admin` = 1 LIMIT 1   [ RunTime:0.0011s ]
SQL: SELECT * FROM `coal_users` WHERE `company_id` = 330 AND `is_admin` = 1 LIMIT 1   [ RunTime:0.0010s ]
SQL: SELECT * FROM `coal_users` WHERE `company_id` = 337 AND `is_admin` = 1 LIMIT 1   [ RunTime:0.0011s ]
SQL: SELECT * FROM `coal_users` WHERE `company_id` = 361 AND `is_admin` = 1 LIMIT 1   [ RunTime:0.0011s ]
SQL: SELECT * FROM `coal_users` WHERE `company_id` = 362 AND `is_admin` = 1 LIMIT 1   [ RunTime:0.0010s ]
SQL: SELECT * FROM `coal_users` WHERE `company_id` = 364 AND `is_admin` = 1 LIMIT 1   [ RunTime:0.0010s ]
SQL: SELECT * FROM `coal_users` WHERE `company_id` = 365 AND `is_admin` = 1 LIMIT 1   [ RunTime:0.0012s ]
SQL: SELECT * FROM `coal_users` WHERE `company_id` = 366 AND `is_admin` = 1 LIMIT 1   [ RunTime:0.0011s ]
SQL: SELECT * FROM `coal_users` WHERE `company_id` = 370 AND `is_admin` = 1 LIMIT 1   [ RunTime:0.0010s ]
SQL: SELECT * FROM `coal_users` WHERE `company_id` = 371 AND `is_admin` = 1 LIMIT 1   [ RunTime:0.0011s ]
SQL: SELECT * FROM `coal_users` WHERE `company_id` = 372 AND `is_admin` = 1 LIMIT 1   [ RunTime:0.0012s ]
SQL: SELECT * FROM `coal_users` WHERE `company_id` = 373 AND `is_admin` = 1 LIMIT 1   [ RunTime:0.0011s ]
SQL: SELECT * FROM `coal_users` WHERE `company_id` = 374 AND `is_admin` = 1 LIMIT 1   [ RunTime:0.0011s ]
SQL: SELECT * FROM `coal_users` WHERE `company_id` = 375 AND `is_admin` = 1 LIMIT 1   [ RunTime:0.0011s ]
SQL: SELECT * FROM `coal_users` WHERE `company_id` = 378 AND `is_admin` = 1 LIMIT 1   [ RunTime:0.0011s ]
SQL: SELECT * FROM `coal_users` WHERE `company_id` = 379 AND `is_admin` = 1 LIMIT 1   [ RunTime:0.0012s ]
SQL: SELECT * FROM `coal_users` WHERE `company_id` = 383 AND `is_admin` = 1 LIMIT 1   [ RunTime:0.0011s ]
SQL: SELECT * FROM `coal_users` WHERE `company_id` = 384 AND `is_admin` = 1 LIMIT 1   [ RunTime:0.0011s ]
SQL: SELECT * FROM `coal_users` WHERE `company_id` = 388 AND `is_admin` = 1 LIMIT 1   [ RunTime:0.0010s ]
SQL: SELECT * FROM `coal_users` WHERE `company_id` = 389 AND `is_admin` = 1 LIMIT 1   [ RunTime:0.0012s ]
SQL: SELECT * FROM `coal_users` WHERE `company_id` = 390 AND `is_admin` = 1 LIMIT 1   [ RunTime:0.0011s ]
SQL: SELECT * FROM `coal_users` WHERE `company_id` = 392 AND `is_admin` = 1 LIMIT 1   [ RunTime:0.0007s ]
SQL: SELECT * FROM `coal_users` WHERE `company_id` = 393 AND `is_admin` = 1 LIMIT 1   [ RunTime:0.0010s ]
SQL: SELECT * FROM `coal_users` WHERE `company_id` = 394 AND `is_admin` = 1 LIMIT 1   [ RunTime:0.0010s ]
SQL: SELECT * FROM `coal_users` WHERE `company_id` = 395 AND `is_admin` = 1 LIMIT 1   [ RunTime:0.0015s ]
SQL: SELECT * FROM `coal_users` WHERE `company_id` = 396 AND `is_admin` = 1 LIMIT 1   [ RunTime:0.0012s ]
SQL: SELECT * FROM `coal_users` WHERE `company_id` = 397 AND `is_admin` = 1 LIMIT 1   [ RunTime:0.0012s ]
SQL: SELECT * FROM `coal_users` WHERE `company_id` = 398 AND `is_admin` = 1 LIMIT 1   [ RunTime:0.0011s ]
SQL: SELECT * FROM `coal_users` WHERE `company_id` = 399 AND `is_admin` = 1 LIMIT 1   [ RunTime:0.0011s ]
SQL: SELECT * FROM `coal_users` WHERE `company_id` = 400 AND `is_admin` = 1 LIMIT 1   [ RunTime:0.0010s ]
SQL: SELECT * FROM `coal_users` WHERE `company_id` = 401 AND `is_admin` = 1 LIMIT 1   [ RunTime:0.0011s ]
SQL: SELECT * FROM `coal_users` WHERE `company_id` = 403 AND `is_admin` = 1 LIMIT 1   [ RunTime:0.0010s ]
SQL: SELECT * FROM `coal_users` WHERE `company_id` = 404 AND `is_admin` = 1 LIMIT 1   [ RunTime:0.0011s ]
SQL: SELECT * FROM `coal_users` WHERE `company_id` = 405 AND `is_admin` = 1 LIMIT 1   [ RunTime:0.0011s ]
SQL: SELECT * FROM `coal_users` WHERE `company_id` = 406 AND `is_admin` = 1 LIMIT 1   [ RunTime:0.0010s ]
SQL: SELECT * FROM `coal_users` WHERE `company_id` = 407 AND `is_admin` = 1 LIMIT 1   [ RunTime:0.0012s ]
SQL: SELECT * FROM `coal_users` WHERE `company_id` = 409 AND `is_admin` = 1 LIMIT 1   [ RunTime:0.0011s ]
SQL: SELECT * FROM `coal_users` WHERE `company_id` = 410 AND `is_admin` = 1 LIMIT 1   [ RunTime:0.0016s ]
SQL: SELECT * FROM `coal_users` WHERE `company_id` = 411 AND `is_admin` = 1 LIMIT 1   [ RunTime:0.0012s ]
SQL: SELECT * FROM `coal_users` WHERE `company_id` = 412 AND `is_admin` = 1 LIMIT 1   [ RunTime:0.0011s ]
SQL: SELECT * FROM `coal_users` WHERE `company_id` = 414 AND `is_admin` = 1 LIMIT 1   [ RunTime:0.0011s ]
SQL: SELECT * FROM `coal_users` WHERE `company_id` = 419 AND `is_admin` = 1 LIMIT 1   [ RunTime:0.0010s ]
SQL: SELECT * FROM `coal_users` WHERE `company_id` = 420 AND `is_admin` = 1 LIMIT 1   [ RunTime:0.0010s ]
SQL: SELECT * FROM `coal_users` WHERE `company_id` = 421 AND `is_admin` = 1 LIMIT 1   [ RunTime:0.0011s ]
SQL: SELECT * FROM `coal_users` WHERE `company_id` = 422 AND `is_admin` = 1 LIMIT 1   [ RunTime:0.0011s ]
SQL: SELECT * FROM `coal_users` WHERE `company_id` = 424 AND `is_admin` = 1 LIMIT 1   [ RunTime:0.0012s ]
SQL: SELECT * FROM `coal_users` WHERE `company_id` = 425 AND `is_admin` = 1 LIMIT 1   [ RunTime:0.0010s ]
SQL: SELECT * FROM `coal_users` WHERE `company_id` = 426 AND `is_admin` = 1 LIMIT 1   [ RunTime:0.0009s ]
SQL: SELECT * FROM `coal_users` WHERE `company_id` = 428 AND `is_admin` = 1 LIMIT 1   [ RunTime:0.0009s ]
SQL: SELECT * FROM `coal_users` WHERE `company_id` = 429 AND `is_admin` = 1 LIMIT 1   [ RunTime:0.0009s ]
SQL: SELECT * FROM `coal_users` WHERE `company_id` = 430 AND `is_admin` = 1 LIMIT 1   [ RunTime:0.0010s ]
SQL: SELECT * FROM `coal_users` WHERE `company_id` = 431 AND `is_admin` = 1 LIMIT 1   [ RunTime:0.0012s ]
SQL: SELECT COUNT(*) AS tp_count FROM `coal_company` WHERE `is_passed` = 1 LIMIT 1   [ RunTime:0.0003s ]
SQL: SELECT COUNT(*) AS tp_count FROM `coal_truck` WHERE `is_passed` = 0 LIMIT 1   [ RunTime:0.0003s ]
SQL: SELECT COUNT(*) AS tp_count FROM `coal_truck` WHERE `is_passed` = 1 LIMIT 1   [ RunTime:0.0002s ]
SQL: SHOW COLUMNS FROM `coal_driver` [ RunTime:0.0108s ]
SQL: SELECT COUNT(*) AS tp_count FROM `coal_driver` WHERE `is_passed` = 0 LIMIT 1   [ RunTime:0.0004s ]
SQL: SELECT COUNT(*) AS tp_count FROM `coal_driver` WHERE `is_passed` = 1 LIMIT 1   [ RunTime:0.0003s ]
SQL: SELECT COUNT(*) AS tp_count FROM `coal_truck` WHERE `is_passed` = 0 LIMIT 1   [ RunTime:0.0002s ]
SQL: SELECT COUNT(*) AS tp_count FROM `coal_truck` WHERE `is_passed` = 1 LIMIT 1   [ RunTime:0.0002s ]
ERR: 1146:Table 'mwt.coal_recruitment' doesn't exist
 [ SQL语句 ] : SHOW COLUMNS FROM `coal_recruitment`
ERR: 1146:Table 'mwt.coal_recruitment' doesn't exist
 [ SQL语句 ] : SHOW COLUMNS FROM `coal_recruitment`

[ 2017-08-09T09:53:46+08:00 ] 127.0.0.1 /Admin/Login/login.html
INFO: [ app_init ] --START--
INFO: Run Behavior\BuildLiteBehavior [ RunTime:0.000008s ]
INFO: [ app_init ] --END-- [ RunTime:0.000229s ]
INFO: [ app_begin ] --START--
INFO: Run Behavior\ReadHtmlCacheBehavior [ RunTime:0.000352s ]
INFO: [ app_begin ] --END-- [ RunTime:0.000379s ]
INFO: [ view_parse ] --START--
INFO: [ template_filter ] --START--
INFO: Run Behavior\ContentReplaceBehavior [ RunTime:0.000054s ]
INFO: [ template_filter ] --END-- [ RunTime:0.000081s ]
INFO: Run Behavior\ParseTemplateBehavior [ RunTime:0.022903s ]
INFO: [ view_parse ] --END-- [ RunTime:0.022937s ]
INFO: [ view_filter ] --START--
INFO: Run Behavior\WriteHtmlCacheBehavior [ RunTime:0.000342s ]
INFO: [ view_filter ] --END-- [ RunTime:0.000368s ]
INFO: [ app_end ] --START--
INFO: Run Behavior\ShowPageTraceBehavior [ RunTime:0.000494s ]
INFO: [ app_end ] --END-- [ RunTime:0.000528s ]

[ 2017-08-09T09:53:50+08:00 ] 127.0.0.1 /Admin/Login/doLogin.html
INFO: [ app_init ] --START--
INFO: Run Behavior\BuildLiteBehavior [ RunTime:0.000009s ]
INFO: [ app_init ] --END-- [ RunTime:0.000259s ]
INFO: [ app_begin ] --START--
INFO: Run Behavior\ReadHtmlCacheBehavior [ RunTime:0.000400s ]
INFO: [ app_begin ] --END-- [ RunTime:0.000437s ]
NOTIC: [2] Missing argument 2 for authcode(), called in C:\phpStudy\WWW\mwt2.0_web\ThinkPHP\Common\functions.php on line 370 and defined C:\phpStudy\WWW\mwt2.0_web\Application\Common\Common\function.php 第 13 行.
NOTIC: [8] Undefined variable: key C:\phpStudy\WWW\mwt2.0_web\Application\Common\Common\function.php 第 14 行.
SQL: SHOW COLUMNS FROM `coal_admin` [ RunTime:0.0195s ]
SQL: SELECT * FROM coal_admin u WHERE ( (account = 'admin' or phone = 'admin') AND password = 'de13a23d04c96774e64e93ae78b2b8ad4ba8133c' ) LIMIT 1   [ RunTime:0.0004s ]
SQL: UPDATE coal_admin u SET `login_time`='2017-08-09 09:53:50',`login_ip`='127.0.0.1' WHERE `id` = 1 [ RunTime:0.0033s ]
SQL: SELECT g.* FROM coal_admin u left join coal_admin_auth_group_access aga on aga.uid = u.id left join coal_admin_auth_group g on g.id = aga.group_id  WHERE u.id = '1' LIMIT 1   [ RunTime:0.0004s ]

[ 2017-08-09T09:53:51+08:00 ] 127.0.0.1 /Admin/Index/index.html
INFO: [ app_init ] --START--
INFO: Run Behavior\BuildLiteBehavior [ RunTime:0.000007s ]
INFO: [ app_init ] --END-- [ RunTime:0.000235s ]
INFO: [ app_begin ] --START--
INFO: Run Behavior\ReadHtmlCacheBehavior [ RunTime:0.000357s ]
INFO: [ app_begin ] --END-- [ RunTime:0.000385s ]
SQL: SHOW COLUMNS FROM `coal_menu` [ RunTime:0.0180s ]
SQL: SELECT * FROM `coal_menu` WHERE `is_admin` = 1 AND `status` = 1 AND `level` = 1 AND `pid` = 0 ORDER BY sort desc  [ RunTime:0.0007s ]
SQL: SHOW COLUMNS FROM `coal_admin_auth_group_access` [ RunTime:0.0136s ]
SQL: SELECT `uid`,`group_id`,`title`,`rules` FROM coal_admin_auth_group_access a INNER JOIN coal_admin_auth_group g on a.group_id=g.id  WHERE ( a.uid='1' and g.status='1' )  [ RunTime:0.0004s ]
SQL: SHOW COLUMNS FROM `coal_admin_auth_rule` [ RunTime:0.0136s ]
SQL: SELECT `condition`,`name` FROM `coal_admin_auth_rule` WHERE `id` IN ('1','2','3','4','5','6','7','8','9','10','11','12','13','14','15','16','17','18','19','20','21','22','23','24','25','26','27','28','29','30','31','32','33','34','35','36','37','38','39','40','41','42','43','44','45','46','47','48','49','50','51','52','53','54','55','56','57','58','59','60','61','62','63','64','65','66','67','68','69','70','71','72','73','74','75','76','77','78','79','80','81','82','83','84','85','86','87','88','89','90','91','92','93','94','95','96','97','98','99','100','101','102','103','104','105','106','107','108','109','110','111','112','113','114','115','116','117','118','119','120','121','122','123','124','125','126','127','128','129','130','131','132','133','134','135','136','137','138','139','140','141','142','143','144','145','146','147','148','149','150','151','152','153','154','155','156','157','158','159','160','161','162','163','164','165','166','167','168','169','170','171','172','173','174','175','176','177','178','179','180','181','182','183','184','185','186','187','188','189','190','191','192','193','194','195','196','197','198','199','200') AND `type` = 1 AND `status` = 1  [ RunTime:0.0007s ]
SQL: SHOW COLUMNS FROM `coal_users` [ RunTime:0.0069s ]
SQL: SELECT COUNT(*) AS tp_count FROM `coal_users` WHERE `is_authentication` = 0 LIMIT 1   [ RunTime:0.0005s ]
SQL: SELECT COUNT(*) AS tp_count FROM `coal_users` WHERE `is_authentication` = 2 LIMIT 1   [ RunTime:0.0005s ]
SQL: SELECT COUNT(*) AS tp_count FROM `coal_users` WHERE `is_authentication` = 1 LIMIT 1   [ RunTime:0.0005s ]
SQL: SHOW COLUMNS FROM `coal_truck` [ RunTime:0.0075s ]
SQL: SELECT COUNT(*) AS tp_count FROM `coal_truck` LIMIT 1   [ RunTime:0.0003s ]
SQL: SELECT COUNT(*) AS tp_count FROM `coal_truck` WHERE `owner_type` = 1 LIMIT 1   [ RunTime:0.0004s ]
SQL: SELECT COUNT(*) AS tp_count FROM `coal_truck` WHERE `owner_type` = 2 LIMIT 1   [ RunTime:0.0003s ]
SQL: SELECT COUNT(*) AS tp_count FROM `coal_truck` WHERE `state` = 1 LIMIT 1   [ RunTime:0.0003s ]
SQL: SELECT COUNT(*) AS tp_count FROM `coal_truck` WHERE `state` = 2 LIMIT 1   [ RunTime:0.0003s ]
SQL: SELECT COUNT(*) AS tp_count FROM `coal_truck` WHERE `state` = 3 LIMIT 1   [ RunTime:0.0003s ]
SQL: SELECT COUNT(*) AS tp_count FROM `coal_truck` WHERE `state` = 4 LIMIT 1   [ RunTime:0.0003s ]
SQL: SHOW COLUMNS FROM `coal_company` [ RunTime:0.0069s ]
SQL: SELECT * FROM `coal_company` WHERE `is_passed` = 0  [ RunTime:0.0013s ]
SQL: SELECT * FROM `coal_users` WHERE `company_id` = 308 AND `is_admin` = 1 LIMIT 1   [ RunTime:0.0011s ]
SQL: SELECT * FROM `coal_users` WHERE `company_id` = 309 AND `is_admin` = 1 LIMIT 1   [ RunTime:0.0010s ]
SQL: SELECT * FROM `coal_users` WHERE `company_id` = 329 AND `is_admin` = 1 LIMIT 1   [ RunTime:0.0009s ]
SQL: SELECT * FROM `coal_users` WHERE `company_id` = 330 AND `is_admin` = 1 LIMIT 1   [ RunTime:0.0009s ]
SQL: SELECT * FROM `coal_users` WHERE `company_id` = 337 AND `is_admin` = 1 LIMIT 1   [ RunTime:0.0011s ]
SQL: SELECT * FROM `coal_users` WHERE `company_id` = 361 AND `is_admin` = 1 LIMIT 1   [ RunTime:0.0011s ]
SQL: SELECT * FROM `coal_users` WHERE `company_id` = 362 AND `is_admin` = 1 LIMIT 1   [ RunTime:0.0009s ]
SQL: SELECT * FROM `coal_users` WHERE `company_id` = 364 AND `is_admin` = 1 LIMIT 1   [ RunTime:0.0009s ]
SQL: SELECT * FROM `coal_users` WHERE `company_id` = 365 AND `is_admin` = 1 LIMIT 1   [ RunTime:0.0010s ]
SQL: SELECT * FROM `coal_users` WHERE `company_id` = 366 AND `is_admin` = 1 LIMIT 1   [ RunTime:0.0010s ]
SQL: SELECT * FROM `coal_users` WHERE `company_id` = 370 AND `is_admin` = 1 LIMIT 1   [ RunTime:0.0009s ]
SQL: SELECT * FROM `coal_users` WHERE `company_id` = 371 AND `is_admin` = 1 LIMIT 1   [ RunTime:0.0009s ]
SQL: SELECT * FROM `coal_users` WHERE `company_id` = 372 AND `is_admin` = 1 LIMIT 1   [ RunTime:0.0012s ]
SQL: SELECT * FROM `coal_users` WHERE `company_id` = 373 AND `is_admin` = 1 LIMIT 1   [ RunTime:0.0014s ]
SQL: SELECT * FROM `coal_users` WHERE `company_id` = 374 AND `is_admin` = 1 LIMIT 1   [ RunTime:0.0011s ]
SQL: SELECT * FROM `coal_users` WHERE `company_id` = 375 AND `is_admin` = 1 LIMIT 1   [ RunTime:0.0010s ]
SQL: SELECT * FROM `coal_users` WHERE `company_id` = 378 AND `is_admin` = 1 LIMIT 1   [ RunTime:0.0009s ]
SQL: SELECT * FROM `coal_users` WHERE `company_id` = 379 AND `is_admin` = 1 LIMIT 1   [ RunTime:0.0009s ]
SQL: SELECT * FROM `coal_users` WHERE `company_id` = 383 AND `is_admin` = 1 LIMIT 1   [ RunTime:0.0010s ]
SQL: SELECT * FROM `coal_users` WHERE `company_id` = 384 AND `is_admin` = 1 LIMIT 1   [ RunTime:0.0010s ]
SQL: SELECT * FROM `coal_users` WHERE `company_id` = 388 AND `is_admin` = 1 LIMIT 1   [ RunTime:0.0010s ]
SQL: SELECT * FROM `coal_users` WHERE `company_id` = 389 AND `is_admin` = 1 LIMIT 1   [ RunTime:0.0009s ]
SQL: SELECT * FROM `coal_users` WHERE `company_id` = 390 AND `is_admin` = 1 LIMIT 1   [ RunTime:0.0009s ]
SQL: SELECT * FROM `coal_users` WHERE `company_id` = 392 AND `is_admin` = 1 LIMIT 1   [ RunTime:0.0006s ]
SQL: SELECT * FROM `coal_users` WHERE `company_id` = 393 AND `is_admin` = 1 LIMIT 1   [ RunTime:0.0009s ]
SQL: SELECT * FROM `coal_users` WHERE `company_id` = 394 AND `is_admin` = 1 LIMIT 1   [ RunTime:0.0009s ]
SQL: SELECT * FROM `coal_users` WHERE `company_id` = 395 AND `is_admin` = 1 LIMIT 1   [ RunTime:0.0010s ]
SQL: SELECT * FROM `coal_users` WHERE `company_id` = 396 AND `is_admin` = 1 LIMIT 1   [ RunTime:0.0011s ]
SQL: SELECT * FROM `coal_users` WHERE `company_id` = 397 AND `is_admin` = 1 LIMIT 1   [ RunTime:0.0013s ]
SQL: SELECT * FROM `coal_users` WHERE `company_id` = 398 AND `is_admin` = 1 LIMIT 1   [ RunTime:0.0013s ]
SQL: SELECT * FROM `coal_users` WHERE `company_id` = 399 AND `is_admin` = 1 LIMIT 1   [ RunTime:0.0010s ]
SQL: SELECT * FROM `coal_users` WHERE `company_id` = 400 AND `is_admin` = 1 LIMIT 1   [ RunTime:0.0009s ]
SQL: SELECT * FROM `coal_users` WHERE `company_id` = 401 AND `is_admin` = 1 LIMIT 1   [ RunTime:0.0009s ]
SQL: SELECT * FROM `coal_users` WHERE `company_id` = 403 AND `is_admin` = 1 LIMIT 1   [ RunTime:0.0010s ]
SQL: SELECT * FROM `coal_users` WHERE `company_id` = 404 AND `is_admin` = 1 LIMIT 1   [ RunTime:0.0010s ]
SQL: SELECT * FROM `coal_users` WHERE `company_id` = 405 AND `is_admin` = 1 LIMIT 1   [ RunTime:0.0010s ]
SQL: SELECT * FROM `coal_users` WHERE `company_id` = 406 AND `is_admin` = 1 LIMIT 1   [ RunTime:0.0009s ]
SQL: SELECT * FROM `coal_users` WHERE `company_id` = 407 AND `is_admin` = 1 LIMIT 1   [ RunTime:0.0009s ]
SQL: SELECT * FROM `coal_users` WHERE `company_id` = 409 AND `is_admin` = 1 LIMIT 1   [ RunTime:0.0009s ]
SQL: SELECT * FROM `coal_users` WHERE `company_id` = 410 AND `is_admin` = 1 LIMIT 1   [ RunTime:0.0009s ]
SQL: SELECT * FROM `coal_users` WHERE `company_id` = 411 AND `is_admin` = 1 LIMIT 1   [ RunTime:0.0009s ]
SQL: SELECT * FROM `coal_users` WHERE `company_id` = 412 AND `is_admin` = 1 LIMIT 1   [ RunTime:0.0011s ]
SQL: SELECT * FROM `coal_users` WHERE `company_id` = 414 AND `is_admin` = 1 LIMIT 1   [ RunTime:0.0010s ]
SQL: SELECT * FROM `coal_users` WHERE `company_id` = 419 AND `is_admin` = 1 LIMIT 1   [ RunTime:0.0009s ]
SQL: SELECT * FROM `coal_users` WHERE `company_id` = 420 AND `is_admin` = 1 LIMIT 1   [ RunTime:0.0014s ]
SQL: SELECT * FROM `coal_users` WHERE `company_id` = 421 AND `is_admin` = 1 LIMIT 1   [ RunTime:0.0010s ]
SQL: SELECT * FROM `coal_users` WHERE `company_id` = 422 AND `is_admin` = 1 LIMIT 1   [ RunTime:0.0009s ]
SQL: SELECT * FROM `coal_users` WHERE `company_id` = 424 AND `is_admin` = 1 LIMIT 1   [ RunTime:0.0010s ]
SQL: SELECT * FROM `coal_users` WHERE `company_id` = 425 AND `is_admin` = 1 LIMIT 1   [ RunTime:0.0010s ]
SQL: SELECT * FROM `coal_users` WHERE `company_id` = 426 AND `is_admin` = 1 LIMIT 1   [ RunTime:0.0010s ]
SQL: SELECT * FROM `coal_users` WHERE `company_id` = 428 AND `is_admin` = 1 LIMIT 1   [ RunTime:0.0009s ]
SQL: SELECT * FROM `coal_users` WHERE `company_id` = 429 AND `is_admin` = 1 LIMIT 1   [ RunTime:0.0010s ]
SQL: SELECT * FROM `coal_users` WHERE `company_id` = 430 AND `is_admin` = 1 LIMIT 1   [ RunTime:0.0009s ]
SQL: SELECT * FROM `coal_users` WHERE `company_id` = 431 AND `is_admin` = 1 LIMIT 1   [ RunTime:0.0009s ]
SQL: SELECT COUNT(*) AS tp_count FROM `coal_company` WHERE `is_passed` = 1 LIMIT 1   [ RunTime:0.0001s ]
SQL: SELECT COUNT(*) AS tp_count FROM `coal_truck` WHERE `is_passed` = 0 LIMIT 1   [ RunTime:0.0002s ]
SQL: SELECT COUNT(*) AS tp_count FROM `coal_truck` WHERE `is_passed` = 1 LIMIT 1   [ RunTime:0.0002s ]
SQL: SHOW COLUMNS FROM `coal_driver` [ RunTime:0.0085s ]
SQL: SELECT COUNT(*) AS tp_count FROM `coal_driver` WHERE `is_passed` = 0 LIMIT 1   [ RunTime:0.0006s ]
SQL: SELECT COUNT(*) AS tp_count FROM `coal_driver` WHERE `is_passed` = 1 LIMIT 1   [ RunTime:0.0004s ]
SQL: SELECT COUNT(*) AS tp_count FROM `coal_truck` WHERE `is_passed` = 0 LIMIT 1   [ RunTime:0.0003s ]
SQL: SELECT COUNT(*) AS tp_count FROM `coal_truck` WHERE `is_passed` = 1 LIMIT 1   [ RunTime:0.0003s ]
ERR: 1146:Table 'mwt.coal_recruitment' doesn't exist
 [ SQL语句 ] : SHOW COLUMNS FROM `coal_recruitment`
ERR: 1146:Table 'mwt.coal_recruitment' doesn't exist
 [ SQL语句 ] : SHOW COLUMNS FROM `coal_recruitment`

[ 2017-08-09T10:03:31+08:00 ] 127.0.0.1 /Admin/Index/index.html
INFO: [ app_init ] --START--
INFO: Run Behavior\BuildLiteBehavior [ RunTime:0.000010s ]
INFO: [ app_init ] --END-- [ RunTime:0.000284s ]
INFO: [ app_begin ] --START--
INFO: Run Behavior\ReadHtmlCacheBehavior [ RunTime:0.000307s ]
INFO: [ app_begin ] --END-- [ RunTime:0.000337s ]
SQL: SHOW COLUMNS FROM `coal_menu` [ RunTime:0.0242s ]
SQL: SELECT * FROM `coal_menu` WHERE `is_admin` = 1 AND `status` = 1 AND `level` = 1 AND `pid` = 0 ORDER BY sort desc  [ RunTime:0.0007s ]
SQL: SHOW COLUMNS FROM `coal_admin_auth_group_access` [ RunTime:0.0119s ]
SQL: SELECT `uid`,`group_id`,`title`,`rules` FROM coal_admin_auth_group_access a INNER JOIN coal_admin_auth_group g on a.group_id=g.id  WHERE ( a.uid='1' and g.status='1' )  [ RunTime:0.0005s ]
SQL: SHOW COLUMNS FROM `coal_admin_auth_rule` [ RunTime:0.0077s ]
SQL: SELECT `condition`,`name` FROM `coal_admin_auth_rule` WHERE `id` IN ('1','2','3','4','5','6','7','8','9','10','11','12','13','14','15','16','17','18','19','20','21','22','23','24','25','26','27','28','29','30','31','32','33','34','35','36','37','38','39','40','41','42','43','44','45','46','47','48','49','50','51','52','53','54','55','56','57','58','59','60','61','62','63','64','65','66','67','68','69','70','71','72','73','74','75','76','77','78','79','80','81','82','83','84','85','86','87','88','89','90','91','92','93','94','95','96','97','98','99','100','101','102','103','104','105','106','107','108','109','110','111','112','113','114','115','116','117','118','119','120','121','122','123','124','125','126','127','128','129','130','131','132','133','134','135','136','137','138','139','140','141','142','143','144','145','146','147','148','149','150','151','152','153','154','155','156','157','158','159','160','161','162','163','164','165','166','167','168','169','170','171','172','173','174','175','176','177','178','179','180','181','182','183','184','185','186','187','188','189','190','191','192','193','194','195','196','197','198','199','200') AND `type` = 1 AND `status` = 1  [ RunTime:0.0007s ]
SQL: SHOW COLUMNS FROM `coal_users` [ RunTime:0.0073s ]
SQL: SELECT COUNT(*) AS tp_count FROM `coal_users` WHERE `is_authentication` = 0 LIMIT 1   [ RunTime:0.0005s ]
SQL: SELECT COUNT(*) AS tp_count FROM `coal_users` WHERE `is_authentication` = 2 LIMIT 1   [ RunTime:0.0007s ]
SQL: SELECT COUNT(*) AS tp_count FROM `coal_users` WHERE `is_authentication` = 1 LIMIT 1   [ RunTime:0.0006s ]
SQL: SHOW COLUMNS FROM `coal_truck` [ RunTime:0.0078s ]
SQL: SELECT COUNT(*) AS tp_count FROM `coal_truck` LIMIT 1   [ RunTime:0.0003s ]
SQL: SELECT COUNT(*) AS tp_count FROM `coal_truck` WHERE `owner_type` = 1 LIMIT 1   [ RunTime:0.0004s ]
SQL: SELECT COUNT(*) AS tp_count FROM `coal_truck` WHERE `owner_type` = 2 LIMIT 1   [ RunTime:0.0004s ]
SQL: SELECT COUNT(*) AS tp_count FROM `coal_truck` WHERE `state` = 1 LIMIT 1   [ RunTime:0.0004s ]
SQL: SELECT COUNT(*) AS tp_count FROM `coal_truck` WHERE `state` = 2 LIMIT 1   [ RunTime:0.0003s ]
SQL: SELECT COUNT(*) AS tp_count FROM `coal_truck` WHERE `state` = 3 LIMIT 1   [ RunTime:0.0003s ]
SQL: SELECT COUNT(*) AS tp_count FROM `coal_truck` WHERE `state` = 4 LIMIT 1   [ RunTime:0.0003s ]
SQL: SHOW COLUMNS FROM `coal_company` [ RunTime:0.0068s ]
SQL: SELECT * FROM `coal_company` WHERE `is_passed` = 0  [ RunTime:0.0006s ]
SQL: SELECT * FROM `coal_users` WHERE `company_id` = 308 AND `is_admin` = 1 LIMIT 1   [ RunTime:0.0015s ]
SQL: SELECT * FROM `coal_users` WHERE `company_id` = 309 AND `is_admin` = 1 LIMIT 1   [ RunTime:0.0011s ]
SQL: SELECT * FROM `coal_users` WHERE `company_id` = 329 AND `is_admin` = 1 LIMIT 1   [ RunTime:0.0010s ]
SQL: SELECT * FROM `coal_users` WHERE `company_id` = 330 AND `is_admin` = 1 LIMIT 1   [ RunTime:0.0010s ]
SQL: SELECT * FROM `coal_users` WHERE `company_id` = 337 AND `is_admin` = 1 LIMIT 1   [ RunTime:0.0011s ]
SQL: SELECT * FROM `coal_users` WHERE `company_id` = 361 AND `is_admin` = 1 LIMIT 1   [ RunTime:0.0010s ]
SQL: SELECT * FROM `coal_users` WHERE `company_id` = 362 AND `is_admin` = 1 LIMIT 1   [ RunTime:0.0010s ]
SQL: SELECT * FROM `coal_users` WHERE `company_id` = 364 AND `is_admin` = 1 LIMIT 1   [ RunTime:0.0012s ]
SQL: SELECT * FROM `coal_users` WHERE `company_id` = 365 AND `is_admin` = 1 LIMIT 1   [ RunTime:0.0010s ]
SQL: SELECT * FROM `coal_users` WHERE `company_id` = 366 AND `is_admin` = 1 LIMIT 1   [ RunTime:0.0011s ]
SQL: SELECT * FROM `coal_users` WHERE `company_id` = 370 AND `is_admin` = 1 LIMIT 1   [ RunTime:0.0011s ]
SQL: SELECT * FROM `coal_users` WHERE `company_id` = 371 AND `is_admin` = 1 LIMIT 1   [ RunTime:0.0011s ]
SQL: SELECT * FROM `coal_users` WHERE `company_id` = 372 AND `is_admin` = 1 LIMIT 1   [ RunTime:0.0011s ]
SQL: SELECT * FROM `coal_users` WHERE `company_id` = 373 AND `is_admin` = 1 LIMIT 1   [ RunTime:0.0010s ]
SQL: SELECT * FROM `coal_users` WHERE `company_id` = 374 AND `is_admin` = 1 LIMIT 1   [ RunTime:0.0013s ]
SQL: SELECT * FROM `coal_users` WHERE `company_id` = 375 AND `is_admin` = 1 LIMIT 1   [ RunTime:0.0011s ]
SQL: SELECT * FROM `coal_users` WHERE `company_id` = 378 AND `is_admin` = 1 LIMIT 1   [ RunTime:0.0011s ]
SQL: SELECT * FROM `coal_users` WHERE `company_id` = 379 AND `is_admin` = 1 LIMIT 1   [ RunTime:0.0011s ]
SQL: SELECT * FROM `coal_users` WHERE `company_id` = 383 AND `is_admin` = 1 LIMIT 1   [ RunTime:0.0010s ]
SQL: SELECT * FROM `coal_users` WHERE `company_id` = 384 AND `is_admin` = 1 LIMIT 1   [ RunTime:0.0010s ]
SQL: SELECT * FROM `coal_users` WHERE `company_id` = 388 AND `is_admin` = 1 LIMIT 1   [ RunTime:0.0012s ]
SQL: SELECT * FROM `coal_users` WHERE `company_id` = 389 AND `is_admin` = 1 LIMIT 1   [ RunTime:0.0011s ]
SQL: SELECT * FROM `coal_users` WHERE `company_id` = 390 AND `is_admin` = 1 LIMIT 1   [ RunTime:0.0010s ]
SQL: SELECT * FROM `coal_users` WHERE `company_id` = 392 AND `is_admin` = 1 LIMIT 1   [ RunTime:0.0007s ]
SQL: SELECT * FROM `coal_users` WHERE `company_id` = 393 AND `is_admin` = 1 LIMIT 1   [ RunTime:0.0010s ]
SQL: SELECT * FROM `coal_users` WHERE `company_id` = 394 AND `is_admin` = 1 LIMIT 1   [ RunTime:0.0010s ]
SQL: SELECT * FROM `coal_users` WHERE `company_id` = 395 AND `is_admin` = 1 LIMIT 1   [ RunTime:0.0010s ]
SQL: SELECT * FROM `coal_users` WHERE `company_id` = 396 AND `is_admin` = 1 LIMIT 1   [ RunTime:0.0010s ]
SQL: SELECT * FROM `coal_users` WHERE `company_id` = 397 AND `is_admin` = 1 LIMIT 1   [ RunTime:0.0014s ]
SQL: SELECT * FROM `coal_users` WHERE `company_id` = 398 AND `is_admin` = 1 LIMIT 1   [ RunTime:0.0016s ]
SQL: SELECT * FROM `coal_users` WHERE `company_id` = 399 AND `is_admin` = 1 LIMIT 1   [ RunTime:0.0011s ]
SQL: SELECT * FROM `coal_users` WHERE `company_id` = 400 AND `is_admin` = 1 LIMIT 1   [ RunTime:0.0010s ]
SQL: SELECT * FROM `coal_users` WHERE `company_id` = 401 AND `is_admin` = 1 LIMIT 1   [ RunTime:0.0010s ]
SQL: SELECT * FROM `coal_users` WHERE `company_id` = 403 AND `is_admin` = 1 LIMIT 1   [ RunTime:0.0012s ]
SQL: SELECT * FROM `coal_users` WHERE `company_id` = 404 AND `is_admin` = 1 LIMIT 1   [ RunTime:0.0010s ]
SQL: SELECT * FROM `coal_users` WHERE `company_id` = 405 AND `is_admin` = 1 LIMIT 1   [ RunTime:0.0011s ]
SQL: SELECT * FROM `coal_users` WHERE `company_id` = 406 AND `is_admin` = 1 LIMIT 1   [ RunTime:0.0012s ]
SQL: SELECT * FROM `coal_users` WHERE `company_id` = 407 AND `is_admin` = 1 LIMIT 1   [ RunTime:0.0011s ]
SQL: SELECT * FROM `coal_users` WHERE `company_id` = 409 AND `is_admin` = 1 LIMIT 1   [ RunTime:0.0010s ]
SQL: SELECT * FROM `coal_users` WHERE `company_id` = 410 AND `is_admin` = 1 LIMIT 1   [ RunTime:0.0011s ]
SQL: SELECT * FROM `coal_users` WHERE `company_id` = 411 AND `is_admin` = 1 LIMIT 1   [ RunTime:0.0011s ]
SQL: SELECT * FROM `coal_users` WHERE `company_id` = 412 AND `is_admin` = 1 LIMIT 1   [ RunTime:0.0011s ]
SQL: SELECT * FROM `coal_users` WHERE `company_id` = 414 AND `is_admin` = 1 LIMIT 1   [ RunTime:0.0015s ]
SQL: SELECT * FROM `coal_users` WHERE `company_id` = 419 AND `is_admin` = 1 LIMIT 1   [ RunTime:0.0011s ]
SQL: SELECT * FROM `coal_users` WHERE `company_id` = 420 AND `is_admin` = 1 LIMIT 1   [ RunTime:0.0010s ]
SQL: SELECT * FROM `coal_users` WHERE `company_id` = 421 AND `is_admin` = 1 LIMIT 1   [ RunTime:0.0012s ]
SQL: SELECT * FROM `coal_users` WHERE `company_id` = 422 AND `is_admin` = 1 LIMIT 1   [ RunTime:0.0011s ]
SQL: SELECT * FROM `coal_users` WHERE `company_id` = 424 AND `is_admin` = 1 LIMIT 1   [ RunTime:0.0010s ]
SQL: SELECT * FROM `coal_users` WHERE `company_id` = 425 AND `is_admin` = 1 LIMIT 1   [ RunTime:0.0010s ]
SQL: SELECT * FROM `coal_users` WHERE `company_id` = 426 AND `is_admin` = 1 LIMIT 1   [ RunTime:0.0011s ]
SQL: SELECT * FROM `coal_users` WHERE `company_id` = 428 AND `is_admin` = 1 LIMIT 1   [ RunTime:0.0011s ]
SQL: SELECT * FROM `coal_users` WHERE `company_id` = 429 AND `is_admin` = 1 LIMIT 1   [ RunTime:0.0010s ]
SQL: SELECT * FROM `coal_users` WHERE `company_id` = 430 AND `is_admin` = 1 LIMIT 1   [ RunTime:0.0010s ]
SQL: SELECT * FROM `coal_users` WHERE `company_id` = 431 AND `is_admin` = 1 LIMIT 1   [ RunTime:0.0010s ]
SQL: SELECT COUNT(*) AS tp_count FROM `coal_company` WHERE `is_passed` = 1 LIMIT 1   [ RunTime:0.0002s ]
SQL: SELECT COUNT(*) AS tp_count FROM `coal_truck` WHERE `is_passed` = 0 LIMIT 1   [ RunTime:0.0003s ]
SQL: SELECT COUNT(*) AS tp_count FROM `coal_truck` WHERE `is_passed` = 1 LIMIT 1   [ RunTime:0.0003s ]
SQL: SHOW COLUMNS FROM `coal_driver` [ RunTime:0.0082s ]
SQL: SELECT COUNT(*) AS tp_count FROM `coal_driver` WHERE `is_passed` = 0 LIMIT 1   [ RunTime:0.0004s ]
SQL: SELECT COUNT(*) AS tp_count FROM `coal_driver` WHERE `is_passed` = 1 LIMIT 1   [ RunTime:0.0004s ]
SQL: SELECT COUNT(*) AS tp_count FROM `coal_truck` WHERE `is_passed` = 0 LIMIT 1   [ RunTime:0.0003s ]
SQL: SELECT COUNT(*) AS tp_count FROM `coal_truck` WHERE `is_passed` = 1 LIMIT 1   [ RunTime:0.0003s ]
ERR: 1146:Table 'mwt.coal_recruitment' doesn't exist
 [ SQL语句 ] : SHOW COLUMNS FROM `coal_recruitment`
ERR: 1146:Table 'mwt.coal_recruitment' doesn't exist
 [ SQL语句 ] : SHOW COLUMNS FROM `coal_recruitment`

[ 2017-08-09T10:04:16+08:00 ] 127.0.0.1 /index.php/Admin/Index/index.html
INFO: [ app_init ] --START--
INFO: Run Behavior\BuildLiteBehavior [ RunTime:0.000012s ]
INFO: [ app_init ] --END-- [ RunTime:0.000343s ]
INFO: [ app_begin ] --START--
INFO: Run Behavior\ReadHtmlCacheBehavior [ RunTime:0.000370s ]
INFO: [ app_begin ] --END-- [ RunTime:0.000414s ]
SQL: SHOW COLUMNS FROM `coal_menu` [ RunTime:0.0258s ]
SQL: SELECT * FROM `coal_menu` WHERE `is_admin` = 1 AND `status` = 1 AND `level` = 1 AND `pid` = 0 ORDER BY sort desc  [ RunTime:0.0006s ]
SQL: SHOW COLUMNS FROM `coal_admin_auth_group_access` [ RunTime:0.0131s ]
SQL: SELECT `uid`,`group_id`,`title`,`rules` FROM coal_admin_auth_group_access a INNER JOIN coal_admin_auth_group g on a.group_id=g.id  WHERE ( a.uid='1' and g.status='1' )  [ RunTime:0.0005s ]
SQL: SHOW COLUMNS FROM `coal_admin_auth_rule` [ RunTime:0.0080s ]
SQL: SELECT `condition`,`name` FROM `coal_admin_auth_rule` WHERE `id` IN ('1','2','3','4','5','6','7','8','9','10','11','12','13','14','15','16','17','18','19','20','21','22','23','24','25','26','27','28','29','30','31','32','33','34','35','36','37','38','39','40','41','42','43','44','45','46','47','48','49','50','51','52','53','54','55','56','57','58','59','60','61','62','63','64','65','66','67','68','69','70','71','72','73','74','75','76','77','78','79','80','81','82','83','84','85','86','87','88','89','90','91','92','93','94','95','96','97','98','99','100','101','102','103','104','105','106','107','108','109','110','111','112','113','114','115','116','117','118','119','120','121','122','123','124','125','126','127','128','129','130','131','132','133','134','135','136','137','138','139','140','141','142','143','144','145','146','147','148','149','150','151','152','153','154','155','156','157','158','159','160','161','162','163','164','165','166','167','168','169','170','171','172','173','174','175','176','177','178','179','180','181','182','183','184','185','186','187','188','189','190','191','192','193','194','195','196','197','198','199','200') AND `type` = 1 AND `status` = 1  [ RunTime:0.0007s ]
SQL: SHOW COLUMNS FROM `coal_users` [ RunTime:0.0081s ]
SQL: SELECT COUNT(*) AS tp_count FROM `coal_users` WHERE `is_authentication` = 0 LIMIT 1   [ RunTime:0.0007s ]
SQL: SELECT COUNT(*) AS tp_count FROM `coal_users` WHERE `is_authentication` = 2 LIMIT 1   [ RunTime:0.0006s ]
SQL: SELECT COUNT(*) AS tp_count FROM `coal_users` WHERE `is_authentication` = 1 LIMIT 1   [ RunTime:0.0004s ]
SQL: SHOW COLUMNS FROM `coal_truck` [ RunTime:0.0092s ]
SQL: SELECT COUNT(*) AS tp_count FROM `coal_truck` LIMIT 1   [ RunTime:0.0004s ]
SQL: SELECT COUNT(*) AS tp_count FROM `coal_truck` WHERE `owner_type` = 1 LIMIT 1   [ RunTime:0.0005s ]
SQL: SELECT COUNT(*) AS tp_count FROM `coal_truck` WHERE `owner_type` = 2 LIMIT 1   [ RunTime:0.0003s ]
SQL: SELECT COUNT(*) AS tp_count FROM `coal_truck` WHERE `state` = 1 LIMIT 1   [ RunTime:0.0003s ]
SQL: SELECT COUNT(*) AS tp_count FROM `coal_truck` WHERE `state` = 2 LIMIT 1   [ RunTime:0.0005s ]
SQL: SELECT COUNT(*) AS tp_count FROM `coal_truck` WHERE `state` = 3 LIMIT 1   [ RunTime:0.0009s ]
SQL: SELECT COUNT(*) AS tp_count FROM `coal_truck` WHERE `state` = 4 LIMIT 1   [ RunTime:0.0004s ]
SQL: SHOW COLUMNS FROM `coal_company` [ RunTime:0.0073s ]
SQL: SELECT * FROM `coal_company` WHERE `is_passed` = 0  [ RunTime:0.0007s ]
SQL: SELECT * FROM `coal_users` WHERE `company_id` = 308 AND `is_admin` = 1 LIMIT 1   [ RunTime:0.0011s ]
SQL: SELECT * FROM `coal_users` WHERE `company_id` = 309 AND `is_admin` = 1 LIMIT 1   [ RunTime:0.0010s ]
SQL: SELECT * FROM `coal_users` WHERE `company_id` = 329 AND `is_admin` = 1 LIMIT 1   [ RunTime:0.0011s ]
SQL: SELECT * FROM `coal_users` WHERE `company_id` = 330 AND `is_admin` = 1 LIMIT 1   [ RunTime:0.0012s ]
SQL: SELECT * FROM `coal_users` WHERE `company_id` = 337 AND `is_admin` = 1 LIMIT 1   [ RunTime:0.0025s ]
SQL: SELECT * FROM `coal_users` WHERE `company_id` = 361 AND `is_admin` = 1 LIMIT 1   [ RunTime:0.0016s ]
SQL: SELECT * FROM `coal_users` WHERE `company_id` = 362 AND `is_admin` = 1 LIMIT 1   [ RunTime:0.0011s ]
SQL: SELECT * FROM `coal_users` WHERE `company_id` = 364 AND `is_admin` = 1 LIMIT 1   [ RunTime:0.0010s ]
SQL: SELECT * FROM `coal_users` WHERE `company_id` = 365 AND `is_admin` = 1 LIMIT 1   [ RunTime:0.0010s ]
SQL: SELECT * FROM `coal_users` WHERE `company_id` = 366 AND `is_admin` = 1 LIMIT 1   [ RunTime:0.0010s ]
SQL: SELECT * FROM `coal_users` WHERE `company_id` = 370 AND `is_admin` = 1 LIMIT 1   [ RunTime:0.0032s ]
SQL: SELECT * FROM `coal_users` WHERE `company_id` = 371 AND `is_admin` = 1 LIMIT 1   [ RunTime:0.0011s ]
SQL: SELECT * FROM `coal_users` WHERE `company_id` = 372 AND `is_admin` = 1 LIMIT 1   [ RunTime:0.0022s ]
SQL: SELECT * FROM `coal_users` WHERE `company_id` = 373 AND `is_admin` = 1 LIMIT 1   [ RunTime:0.0019s ]
SQL: SELECT * FROM `coal_users` WHERE `company_id` = 374 AND `is_admin` = 1 LIMIT 1   [ RunTime:0.0014s ]
SQL: SELECT * FROM `coal_users` WHERE `company_id` = 375 AND `is_admin` = 1 LIMIT 1   [ RunTime:0.0012s ]
SQL: SELECT * FROM `coal_users` WHERE `company_id` = 378 AND `is_admin` = 1 LIMIT 1   [ RunTime:0.0011s ]
SQL: SELECT * FROM `coal_users` WHERE `company_id` = 379 AND `is_admin` = 1 LIMIT 1   [ RunTime:0.0011s ]
SQL: SELECT * FROM `coal_users` WHERE `company_id` = 383 AND `is_admin` = 1 LIMIT 1   [ RunTime:0.0011s ]
SQL: SELECT * FROM `coal_users` WHERE `company_id` = 384 AND `is_admin` = 1 LIMIT 1   [ RunTime:0.0011s ]
SQL: SELECT * FROM `coal_users` WHERE `company_id` = 388 AND `is_admin` = 1 LIMIT 1   [ RunTime:0.0011s ]
SQL: SELECT * FROM `coal_users` WHERE `company_id` = 389 AND `is_admin` = 1 LIMIT 1   [ RunTime:0.0010s ]
SQL: SELECT * FROM `coal_users` WHERE `company_id` = 390 AND `is_admin` = 1 LIMIT 1   [ RunTime:0.0010s ]
SQL: SELECT * FROM `coal_users` WHERE `company_id` = 392 AND `is_admin` = 1 LIMIT 1   [ RunTime:0.0007s ]
SQL: SELECT * FROM `coal_users` WHERE `company_id` = 393 AND `is_admin` = 1 LIMIT 1   [ RunTime:0.0034s ]
SQL: SELECT * FROM `coal_users` WHERE `company_id` = 394 AND `is_admin` = 1 LIMIT 1   [ RunTime:0.0027s ]
SQL: SELECT * FROM `coal_users` WHERE `company_id` = 395 AND `is_admin` = 1 LIMIT 1   [ RunTime:0.0014s ]
SQL: SELECT * FROM `coal_users` WHERE `company_id` = 396 AND `is_admin` = 1 LIMIT 1   [ RunTime:0.0011s ]
SQL: SELECT * FROM `coal_users` WHERE `company_id` = 397 AND `is_admin` = 1 LIMIT 1   [ RunTime:0.0010s ]
SQL: SELECT * FROM `coal_users` WHERE `company_id` = 398 AND `is_admin` = 1 LIMIT 1   [ RunTime:0.0011s ]
SQL: SELECT * FROM `coal_users` WHERE `company_id` = 399 AND `is_admin` = 1 LIMIT 1   [ RunTime:0.0011s ]
SQL: SELECT * FROM `coal_users` WHERE `company_id` = 400 AND `is_admin` = 1 LIMIT 1   [ RunTime:0.0010s ]
SQL: SELECT * FROM `coal_users` WHERE `company_id` = 401 AND `is_admin` = 1 LIMIT 1   [ RunTime:0.0010s ]
SQL: SELECT * FROM `coal_users` WHERE `company_id` = 403 AND `is_admin` = 1 LIMIT 1   [ RunTime:0.0010s ]
SQL: SELECT * FROM `coal_users` WHERE `company_id` = 404 AND `is_admin` = 1 LIMIT 1   [ RunTime:0.0010s ]
SQL: SELECT * FROM `coal_users` WHERE `company_id` = 405 AND `is_admin` = 1 LIMIT 1   [ RunTime:0.0021s ]
SQL: SELECT * FROM `coal_users` WHERE `company_id` = 406 AND `is_admin` = 1 LIMIT 1   [ RunTime:0.0016s ]
SQL: SELECT * FROM `coal_users` WHERE `company_id` = 407 AND `is_admin` = 1 LIMIT 1   [ RunTime:0.0011s ]
SQL: SELECT * FROM `coal_users` WHERE `company_id` = 409 AND `is_admin` = 1 LIMIT 1   [ RunTime:0.0011s ]
SQL: SELECT * FROM `coal_users` WHERE `company_id` = 410 AND `is_admin` = 1 LIMIT 1   [ RunTime:0.0010s ]
SQL: SELECT * FROM `coal_users` WHERE `company_id` = 411 AND `is_admin` = 1 LIMIT 1   [ RunTime:0.0010s ]
SQL: SELECT * FROM `coal_users` WHERE `company_id` = 412 AND `is_admin` = 1 LIMIT 1   [ RunTime:0.0010s ]
SQL: SELECT * FROM `coal_users` WHERE `company_id` = 414 AND `is_admin` = 1 LIMIT 1   [ RunTime:0.0015s ]
SQL: SELECT * FROM `coal_users` WHERE `company_id` = 419 AND `is_admin` = 1 LIMIT 1   [ RunTime:0.0009s ]
SQL: SELECT * FROM `coal_users` WHERE `company_id` = 420 AND `is_admin` = 1 LIMIT 1   [ RunTime:0.0009s ]
SQL: SELECT * FROM `coal_users` WHERE `company_id` = 421 AND `is_admin` = 1 LIMIT 1   [ RunTime:0.0009s ]
SQL: SELECT * FROM `coal_users` WHERE `company_id` = 422 AND `is_admin` = 1 LIMIT 1   [ RunTime:0.0009s ]
SQL: SELECT * FROM `coal_users` WHERE `company_id` = 424 AND `is_admin` = 1 LIMIT 1   [ RunTime:0.0011s ]
SQL: SELECT * FROM `coal_users` WHERE `company_id` = 425 AND `is_admin` = 1 LIMIT 1   [ RunTime:0.0038s ]
SQL: SELECT * FROM `coal_users` WHERE `company_id` = 426 AND `is_admin` = 1 LIMIT 1   [ RunTime:0.0011s ]
SQL: SELECT * FROM `coal_users` WHERE `company_id` = 428 AND `is_admin` = 1 LIMIT 1   [ RunTime:0.0010s ]
SQL: SELECT * FROM `coal_users` WHERE `company_id` = 429 AND `is_admin` = 1 LIMIT 1   [ RunTime:0.0009s ]
SQL: SELECT * FROM `coal_users` WHERE `company_id` = 430 AND `is_admin` = 1 LIMIT 1   [ RunTime:0.0009s ]
SQL: SELECT * FROM `coal_users` WHERE `company_id` = 431 AND `is_admin` = 1 LIMIT 1   [ RunTime:0.0009s ]
SQL: SELECT COUNT(*) AS tp_count FROM `coal_company` WHERE `is_passed` = 1 LIMIT 1   [ RunTime:0.0001s ]
SQL: SELECT COUNT(*) AS tp_count FROM `coal_truck` WHERE `is_passed` = 0 LIMIT 1   [ RunTime:0.0002s ]
SQL: SELECT COUNT(*) AS tp_count FROM `coal_truck` WHERE `is_passed` = 1 LIMIT 1   [ RunTime:0.0003s ]
SQL: SHOW COLUMNS FROM `coal_driver` [ RunTime:0.0062s ]
SQL: SELECT COUNT(*) AS tp_count FROM `coal_driver` WHERE `is_passed` = 0 LIMIT 1   [ RunTime:0.0003s ]
SQL: SELECT COUNT(*) AS tp_count FROM `coal_driver` WHERE `is_passed` = 1 LIMIT 1   [ RunTime:0.0002s ]
SQL: SELECT COUNT(*) AS tp_count FROM `coal_truck` WHERE `is_passed` = 0 LIMIT 1   [ RunTime:0.0003s ]
SQL: SELECT COUNT(*) AS tp_count FROM `coal_truck` WHERE `is_passed` = 1 LIMIT 1   [ RunTime:0.0004s ]
ERR: 1146:Table 'mwt.coal_recruitment' doesn't exist
 [ SQL语句 ] : SHOW COLUMNS FROM `coal_recruitment`
ERR: 1146:Table 'mwt.coal_recruitment' doesn't exist
 [ SQL语句 ] : SHOW COLUMNS FROM `coal_recruitment`

[ 2017-08-09T10:04:27+08:00 ] 127.0.0.1 /admin
INFO: [ app_init ] --START--
INFO: Run Behavior\BuildLiteBehavior [ RunTime:0.000011s ]
INFO: [ app_init ] --END-- [ RunTime:0.000490s ]
INFO: [ app_begin ] --START--
INFO: Run Behavior\ReadHtmlCacheBehavior [ RunTime:0.000360s ]
INFO: [ app_begin ] --END-- [ RunTime:0.000403s ]
SQL: SHOW COLUMNS FROM `coal_menu` [ RunTime:0.0174s ]
SQL: SELECT * FROM `coal_menu` WHERE `is_admin` = 1 AND `status` = 1 AND `level` = 1 AND `pid` = 0 ORDER BY sort desc  [ RunTime:0.0005s ]
SQL: SHOW COLUMNS FROM `coal_admin_auth_group_access` [ RunTime:0.0129s ]
SQL: SELECT `uid`,`group_id`,`title`,`rules` FROM coal_admin_auth_group_access a INNER JOIN coal_admin_auth_group g on a.group_id=g.id  WHERE ( a.uid='1' and g.status='1' )  [ RunTime:0.0003s ]
SQL: SHOW COLUMNS FROM `coal_admin_auth_rule` [ RunTime:0.0077s ]
SQL: SELECT `condition`,`name` FROM `coal_admin_auth_rule` WHERE `id` IN ('1','2','3','4','5','6','7','8','9','10','11','12','13','14','15','16','17','18','19','20','21','22','23','24','25','26','27','28','29','30','31','32','33','34','35','36','37','38','39','40','41','42','43','44','45','46','47','48','49','50','51','52','53','54','55','56','57','58','59','60','61','62','63','64','65','66','67','68','69','70','71','72','73','74','75','76','77','78','79','80','81','82','83','84','85','86','87','88','89','90','91','92','93','94','95','96','97','98','99','100','101','102','103','104','105','106','107','108','109','110','111','112','113','114','115','116','117','118','119','120','121','122','123','124','125','126','127','128','129','130','131','132','133','134','135','136','137','138','139','140','141','142','143','144','145','146','147','148','149','150','151','152','153','154','155','156','157','158','159','160','161','162','163','164','165','166','167','168','169','170','171','172','173','174','175','176','177','178','179','180','181','182','183','184','185','186','187','188','189','190','191','192','193','194','195','196','197','198','199','200') AND `type` = 1 AND `status` = 1  [ RunTime:0.0006s ]
SQL: SHOW COLUMNS FROM `coal_users` [ RunTime:0.0082s ]
SQL: SELECT COUNT(*) AS tp_count FROM `coal_users` WHERE `is_authentication` = 0 LIMIT 1   [ RunTime:0.0005s ]
SQL: SELECT COUNT(*) AS tp_count FROM `coal_users` WHERE `is_authentication` = 2 LIMIT 1   [ RunTime:0.0005s ]
SQL: SELECT COUNT(*) AS tp_count FROM `coal_users` WHERE `is_authentication` = 1 LIMIT 1   [ RunTime:0.0005s ]
SQL: SHOW COLUMNS FROM `coal_truck` [ RunTime:0.0074s ]
SQL: SELECT COUNT(*) AS tp_count FROM `coal_truck` LIMIT 1   [ RunTime:0.0003s ]
SQL: SELECT COUNT(*) AS tp_count FROM `coal_truck` WHERE `owner_type` = 1 LIMIT 1   [ RunTime:0.0004s ]
SQL: SELECT COUNT(*) AS tp_count FROM `coal_truck` WHERE `owner_type` = 2 LIMIT 1   [ RunTime:0.0008s ]
SQL: SELECT COUNT(*) AS tp_count FROM `coal_truck` WHERE `state` = 1 LIMIT 1   [ RunTime:0.0004s ]
SQL: SELECT COUNT(*) AS tp_count FROM `coal_truck` WHERE `state` = 2 LIMIT 1   [ RunTime:0.0003s ]
SQL: SELECT COUNT(*) AS tp_count FROM `coal_truck` WHERE `state` = 3 LIMIT 1   [ RunTime:0.0003s ]
SQL: SELECT COUNT(*) AS tp_count FROM `coal_truck` WHERE `state` = 4 LIMIT 1   [ RunTime:0.0002s ]
SQL: SHOW COLUMNS FROM `coal_company` [ RunTime:0.0066s ]
SQL: SELECT * FROM `coal_company` WHERE `is_passed` = 0  [ RunTime:0.0005s ]
SQL: SELECT * FROM `coal_users` WHERE `company_id` = 308 AND `is_admin` = 1 LIMIT 1   [ RunTime:0.0010s ]
SQL: SELECT * FROM `coal_users` WHERE `company_id` = 309 AND `is_admin` = 1 LIMIT 1   [ RunTime:0.0010s ]
SQL: SELECT * FROM `coal_users` WHERE `company_id` = 329 AND `is_admin` = 1 LIMIT 1   [ RunTime:0.0010s ]
SQL: SELECT * FROM `coal_users` WHERE `company_id` = 330 AND `is_admin` = 1 LIMIT 1   [ RunTime:0.0010s ]
SQL: SELECT * FROM `coal_users` WHERE `company_id` = 337 AND `is_admin` = 1 LIMIT 1   [ RunTime:0.0010s ]
SQL: SELECT * FROM `coal_users` WHERE `company_id` = 361 AND `is_admin` = 1 LIMIT 1   [ RunTime:0.0018s ]
SQL: SELECT * FROM `coal_users` WHERE `company_id` = 362 AND `is_admin` = 1 LIMIT 1   [ RunTime:0.0011s ]
SQL: SELECT * FROM `coal_users` WHERE `company_id` = 364 AND `is_admin` = 1 LIMIT 1   [ RunTime:0.0010s ]
SQL: SELECT * FROM `coal_users` WHERE `company_id` = 365 AND `is_admin` = 1 LIMIT 1   [ RunTime:0.0010s ]
SQL: SELECT * FROM `coal_users` WHERE `company_id` = 366 AND `is_admin` = 1 LIMIT 1   [ RunTime:0.0010s ]
SQL: SELECT * FROM `coal_users` WHERE `company_id` = 370 AND `is_admin` = 1 LIMIT 1   [ RunTime:0.0010s ]
SQL: SELECT * FROM `coal_users` WHERE `company_id` = 371 AND `is_admin` = 1 LIMIT 1   [ RunTime:0.0010s ]
SQL: SELECT * FROM `coal_users` WHERE `company_id` = 372 AND `is_admin` = 1 LIMIT 1   [ RunTime:0.0010s ]
SQL: SELECT * FROM `coal_users` WHERE `company_id` = 373 AND `is_admin` = 1 LIMIT 1   [ RunTime:0.0011s ]
SQL: SELECT * FROM `coal_users` WHERE `company_id` = 374 AND `is_admin` = 1 LIMIT 1   [ RunTime:0.0010s ]
SQL: SELECT * FROM `coal_users` WHERE `company_id` = 375 AND `is_admin` = 1 LIMIT 1   [ RunTime:0.0010s ]
SQL: SELECT * FROM `coal_users` WHERE `company_id` = 378 AND `is_admin` = 1 LIMIT 1   [ RunTime:0.0010s ]
SQL: SELECT * FROM `coal_users` WHERE `company_id` = 379 AND `is_admin` = 1 LIMIT 1   [ RunTime:0.0010s ]
SQL: SELECT * FROM `coal_users` WHERE `company_id` = 383 AND `is_admin` = 1 LIMIT 1   [ RunTime:0.0011s ]
SQL: SELECT * FROM `coal_users` WHERE `company_id` = 384 AND `is_admin` = 1 LIMIT 1   [ RunTime:0.0017s ]
SQL: SELECT * FROM `coal_users` WHERE `company_id` = 388 AND `is_admin` = 1 LIMIT 1   [ RunTime:0.0011s ]
SQL: SELECT * FROM `coal_users` WHERE `company_id` = 389 AND `is_admin` = 1 LIMIT 1   [ RunTime:0.0011s ]
SQL: SELECT * FROM `coal_users` WHERE `company_id` = 390 AND `is_admin` = 1 LIMIT 1   [ RunTime:0.0010s ]
SQL: SELECT * FROM `coal_users` WHERE `company_id` = 392 AND `is_admin` = 1 LIMIT 1   [ RunTime:0.0007s ]
SQL: SELECT * FROM `coal_users` WHERE `company_id` = 393 AND `is_admin` = 1 LIMIT 1   [ RunTime:0.0010s ]
SQL: SELECT * FROM `coal_users` WHERE `company_id` = 394 AND `is_admin` = 1 LIMIT 1   [ RunTime:0.0010s ]
SQL: SELECT * FROM `coal_users` WHERE `company_id` = 395 AND `is_admin` = 1 LIMIT 1   [ RunTime:0.0010s ]
SQL: SELECT * FROM `coal_users` WHERE `company_id` = 396 AND `is_admin` = 1 LIMIT 1   [ RunTime:0.0010s ]
SQL: SELECT * FROM `coal_users` WHERE `company_id` = 397 AND `is_admin` = 1 LIMIT 1   [ RunTime:0.0010s ]
SQL: SELECT * FROM `coal_users` WHERE `company_id` = 398 AND `is_admin` = 1 LIMIT 1   [ RunTime:0.0010s ]
SQL: SELECT * FROM `coal_users` WHERE `company_id` = 399 AND `is_admin` = 1 LIMIT 1   [ RunTime:0.0010s ]
SQL: SELECT * FROM `coal_users` WHERE `company_id` = 400 AND `is_admin` = 1 LIMIT 1   [ RunTime:0.0011s ]
SQL: SELECT * FROM `coal_users` WHERE `company_id` = 401 AND `is_admin` = 1 LIMIT 1   [ RunTime:0.0010s ]
SQL: SELECT * FROM `coal_users` WHERE `company_id` = 403 AND `is_admin` = 1 LIMIT 1   [ RunTime:0.0015s ]
SQL: SELECT * FROM `coal_users` WHERE `company_id` = 404 AND `is_admin` = 1 LIMIT 1   [ RunTime:0.0011s ]
SQL: SELECT * FROM `coal_users` WHERE `company_id` = 405 AND `is_admin` = 1 LIMIT 1   [ RunTime:0.0010s ]
SQL: SELECT * FROM `coal_users` WHERE `company_id` = 406 AND `is_admin` = 1 LIMIT 1   [ RunTime:0.0010s ]
SQL: SELECT * FROM `coal_users` WHERE `company_id` = 407 AND `is_admin` = 1 LIMIT 1   [ RunTime:0.0010s ]
SQL: SELECT * FROM `coal_users` WHERE `company_id` = 409 AND `is_admin` = 1 LIMIT 1   [ RunTime:0.0010s ]
SQL: SELECT * FROM `coal_users` WHERE `company_id` = 410 AND `is_admin` = 1 LIMIT 1   [ RunTime:0.0011s ]
SQL: SELECT * FROM `coal_users` WHERE `company_id` = 411 AND `is_admin` = 1 LIMIT 1   [ RunTime:0.0011s ]
SQL: SELECT * FROM `coal_users` WHERE `company_id` = 412 AND `is_admin` = 1 LIMIT 1   [ RunTime:0.0010s ]
SQL: SELECT * FROM `coal_users` WHERE `company_id` = 414 AND `is_admin` = 1 LIMIT 1   [ RunTime:0.0010s ]
SQL: SELECT * FROM `coal_users` WHERE `company_id` = 419 AND `is_admin` = 1 LIMIT 1   [ RunTime:0.0010s ]
SQL: SELECT * FROM `coal_users` WHERE `company_id` = 420 AND `is_admin` = 1 LIMIT 1   [ RunTime:0.0012s ]
SQL: SELECT * FROM `coal_users` WHERE `company_id` = 421 AND `is_admin` = 1 LIMIT 1   [ RunTime:0.0010s ]
SQL: SELECT * FROM `coal_users` WHERE `company_id` = 422 AND `is_admin` = 1 LIMIT 1   [ RunTime:0.0013s ]
SQL: SELECT * FROM `coal_users` WHERE `company_id` = 424 AND `is_admin` = 1 LIMIT 1   [ RunTime:0.0016s ]
SQL: SELECT * FROM `coal_users` WHERE `company_id` = 425 AND `is_admin` = 1 LIMIT 1   [ RunTime:0.0011s ]
SQL: SELECT * FROM `coal_users` WHERE `company_id` = 426 AND `is_admin` = 1 LIMIT 1   [ RunTime:0.0011s ]
SQL: SELECT * FROM `coal_users` WHERE `company_id` = 428 AND `is_admin` = 1 LIMIT 1   [ RunTime:0.0010s ]
SQL: SELECT * FROM `coal_users` WHERE `company_id` = 429 AND `is_admin` = 1 LIMIT 1   [ RunTime:0.0010s ]
SQL: SELECT * FROM `coal_users` WHERE `company_id` = 430 AND `is_admin` = 1 LIMIT 1   [ RunTime:0.0011s ]
SQL: SELECT * FROM `coal_users` WHERE `company_id` = 431 AND `is_admin` = 1 LIMIT 1   [ RunTime:0.0011s ]
SQL: SELECT COUNT(*) AS tp_count FROM `coal_company` WHERE `is_passed` = 1 LIMIT 1   [ RunTime:0.0003s ]
SQL: SELECT COUNT(*) AS tp_count FROM `coal_truck` WHERE `is_passed` = 0 LIMIT 1   [ RunTime:0.0003s ]
SQL: SELECT COUNT(*) AS tp_count FROM `coal_truck` WHERE `is_passed` = 1 LIMIT 1   [ RunTime:0.0003s ]
SQL: SHOW COLUMNS FROM `coal_driver` [ RunTime:0.0080s ]
SQL: SELECT COUNT(*) AS tp_count FROM `coal_driver` WHERE `is_passed` = 0 LIMIT 1   [ RunTime:0.0004s ]
SQL: SELECT COUNT(*) AS tp_count FROM `coal_driver` WHERE `is_passed` = 1 LIMIT 1   [ RunTime:0.0003s ]
SQL: SELECT COUNT(*) AS tp_count FROM `coal_truck` WHERE `is_passed` = 0 LIMIT 1   [ RunTime:0.0003s ]
SQL: SELECT COUNT(*) AS tp_count FROM `coal_truck` WHERE `is_passed` = 1 LIMIT 1   [ RunTime:0.0003s ]
ERR: 1146:Table 'mwt.coal_recruitment' doesn't exist
 [ SQL语句 ] : SHOW COLUMNS FROM `coal_recruitment`
ERR: 1146:Table 'mwt.coal_recruitment' doesn't exist
 [ SQL语句 ] : SHOW COLUMNS FROM `coal_recruitment`

