[ 2017-08-10T15:17:38+08:00 ] 127.0.0.1 /Admin/Login/login.html
INFO: [ app_init ] --START--
INFO: Run Behavior\BuildLiteBehavior [ RunTime:0.000009s ]
INFO: [ app_init ] --END-- [ RunTime:0.000294s ]
INFO: [ app_begin ] --START--
INFO: Run Behavior\ReadHtmlCacheBehavior [ RunTime:0.000438s ]
INFO: [ app_begin ] --END-- [ RunTime:0.000474s ]
INFO: [ view_parse ] --START--
INFO: [ template_filter ] --START--
INFO: Run Behavior\ContentReplaceBehavior [ RunTime:0.000098s ]
INFO: [ template_filter ] --END-- [ RunTime:0.000152s ]
INFO: Run Behavior\ParseTemplateBehavior [ RunTime:0.060283s ]
INFO: [ view_parse ] --END-- [ RunTime:0.060326s ]
INFO: [ view_filter ] --START--
INFO: Run Behavior\WriteHtmlCacheBehavior [ RunTime:0.000735s ]
INFO: [ view_filter ] --END-- [ RunTime:0.000777s ]
INFO: [ app_end ] --START--
INFO: Run Behavior\ShowPageTraceBehavior [ RunTime:0.000650s ]
INFO: [ app_end ] --END-- [ RunTime:0.000715s ]

[ 2017-08-10T15:17:44+08:00 ] 127.0.0.1 /Admin/Login/doLogin.html
INFO: [ app_init ] --START--
INFO: Run Behavior\BuildLiteBehavior [ RunTime:0.000009s ]
INFO: [ app_init ] --END-- [ RunTime:0.000269s ]
INFO: [ app_begin ] --START--
INFO: Run Behavior\ReadHtmlCacheBehavior [ RunTime:0.000391s ]
INFO: [ app_begin ] --END-- [ RunTime:0.000426s ]
NOTIC: [2] Missing argument 2 for authcode(), called in C:\phpStudy\WWW\mwt2.0_web\ThinkPHP\Common\functions.php on line 370 and defined C:\phpStudy\WWW\mwt2.0_web\Application\Common\Common\function.php 第 13 行.
NOTIC: [8] Undefined variable: key C:\phpStudy\WWW\mwt2.0_web\Application\Common\Common\function.php 第 14 行.
SQL: SHOW COLUMNS FROM `coal_admin` [ RunTime:0.0322s ]
SQL: SELECT * FROM coal_admin u WHERE ( (account = 'admin' or phone = 'admin') AND password = 'de13a23d04c96774e64e93ae78b2b8ad4ba8133c' ) LIMIT 1   [ RunTime:0.0032s ]
SQL: UPDATE coal_admin u SET `login_time`='2017-08-10 15:17:44',`login_ip`='127.0.0.1' WHERE `id` = 1 [ RunTime:0.0023s ]
SQL: SELECT g.* FROM coal_admin u left join coal_admin_auth_group_access aga on aga.uid = u.id left join coal_admin_auth_group g on g.id = aga.group_id  WHERE u.id = '1' LIMIT 1   [ RunTime:0.0009s ]

[ 2017-08-10T15:17:46+08:00 ] 127.0.0.1 /Admin/Index/index.html
INFO: [ app_init ] --START--
INFO: Run Behavior\BuildLiteBehavior [ RunTime:0.000008s ]
INFO: [ app_init ] --END-- [ RunTime:0.000259s ]
INFO: [ app_begin ] --START--
INFO: Run Behavior\ReadHtmlCacheBehavior [ RunTime:0.000390s ]
INFO: [ app_begin ] --END-- [ RunTime:0.000424s ]
SQL: SHOW COLUMNS FROM `coal_menu` [ RunTime:0.0225s ]
SQL: SELECT * FROM `coal_menu` WHERE `is_admin` = 1 AND `status` = 1 AND `level` = 1 AND `pid` = 0 ORDER BY sort desc  [ RunTime:0.0005s ]
SQL: SHOW COLUMNS FROM `coal_admin_auth_group_access` [ RunTime:0.0139s ]
SQL: SELECT `uid`,`group_id`,`title`,`rules` FROM coal_admin_auth_group_access a INNER JOIN coal_admin_auth_group g on a.group_id=g.id  WHERE ( a.uid='1' and g.status='1' )  [ RunTime:0.0005s ]
SQL: SHOW COLUMNS FROM `coal_admin_auth_rule` [ RunTime:0.0117s ]
SQL: SELECT `condition`,`name` FROM `coal_admin_auth_rule` WHERE `id` IN ('1','2','3','4','5','6','7','8','9','10','11','12','13','14','15','16','17','18','19','20','21','22','23','24','25','26','27','28','29','30','31','32','33','34','35','36','37','38','39','40','41','42','43','44','45','46','47','48','49','50','51','52','53','54','55','56','57','58','59','60','61','62','63','64','65','66','67','68','69','70','71','72','73','74','75','76','77','78','79','80','81','82','83','84','85','86','87','88','89','90','91','92','93','94','95','96','97','98','99','100','101','102','103','104','105','106','107','108','109','110','111','112','113','114','115','116','117','118','119','120','121','122','123','124','125','126','127','128','129','130','131','132','133','134','135','136','137','138','139','140','141','142','143','144','145','146','147','148','149','150','151','152','153','154','155','156','157','158','159','160','161','162','163','164','165','166','167','168','169','170','171','172','173','174','175','176','177','178','179','180','181','182','183','184','185','186','187','188','189','190','191','192','193','194','195','196','197','198','199','200') AND `type` = 1 AND `status` = 1  [ RunTime:0.0007s ]
SQL: SHOW COLUMNS FROM `coal_users` [ RunTime:0.0097s ]
SQL: SELECT COUNT(*) AS tp_count FROM `coal_users` WHERE `is_authentication` = 0 LIMIT 1   [ RunTime:0.0005s ]
SQL: SELECT COUNT(*) AS tp_count FROM `coal_users` WHERE `is_authentication` = 2 LIMIT 1   [ RunTime:0.0008s ]
SQL: SELECT COUNT(*) AS tp_count FROM `coal_users` WHERE `is_authentication` = 1 LIMIT 1   [ RunTime:0.0005s ]
SQL: SHOW COLUMNS FROM `coal_truck` [ RunTime:0.0099s ]
SQL: SELECT COUNT(*) AS tp_count FROM `coal_truck` LIMIT 1   [ RunTime:0.0003s ]
SQL: SELECT COUNT(*) AS tp_count FROM `coal_truck` WHERE `owner_type` = 1 LIMIT 1   [ RunTime:0.0004s ]
SQL: SELECT COUNT(*) AS tp_count FROM `coal_truck` WHERE `owner_type` = 2 LIMIT 1   [ RunTime:0.0004s ]
SQL: SELECT COUNT(*) AS tp_count FROM `coal_truck` WHERE `state` = 1 LIMIT 1   [ RunTime:0.0003s ]
SQL: SELECT COUNT(*) AS tp_count FROM `coal_truck` WHERE `state` = 2 LIMIT 1   [ RunTime:0.0003s ]
SQL: SELECT COUNT(*) AS tp_count FROM `coal_truck` WHERE `state` = 3 LIMIT 1   [ RunTime:0.0003s ]
SQL: SELECT COUNT(*) AS tp_count FROM `coal_truck` WHERE `state` = 4 LIMIT 1   [ RunTime:0.0003s ]
SQL: SHOW COLUMNS FROM `coal_company` [ RunTime:0.0104s ]
SQL: SELECT * FROM `coal_company` WHERE `is_passed` = 0  [ RunTime:0.0006s ]
SQL: SELECT * FROM `coal_users` WHERE `company_id` = 308 AND `is_admin` = 1 LIMIT 1   [ RunTime:0.0011s ]
SQL: SELECT * FROM `coal_users` WHERE `company_id` = 309 AND `is_admin` = 1 LIMIT 1   [ RunTime:0.0011s ]
SQL: SELECT * FROM `coal_users` WHERE `company_id` = 329 AND `is_admin` = 1 LIMIT 1   [ RunTime:0.0011s ]
SQL: SELECT * FROM `coal_users` WHERE `company_id` = 330 AND `is_admin` = 1 LIMIT 1   [ RunTime:0.0010s ]
SQL: SELECT * FROM `coal_users` WHERE `company_id` = 337 AND `is_admin` = 1 LIMIT 1   [ RunTime:0.0013s ]
SQL: SELECT * FROM `coal_users` WHERE `company_id` = 361 AND `is_admin` = 1 LIMIT 1   [ RunTime:0.0014s ]
SQL: SELECT * FROM `coal_users` WHERE `company_id` = 362 AND `is_admin` = 1 LIMIT 1   [ RunTime:0.0013s ]
SQL: SELECT * FROM `coal_users` WHERE `company_id` = 364 AND `is_admin` = 1 LIMIT 1   [ RunTime:0.0011s ]
SQL: SELECT * FROM `coal_users` WHERE `company_id` = 365 AND `is_admin` = 1 LIMIT 1   [ RunTime:0.0011s ]
SQL: SELECT * FROM `coal_users` WHERE `company_id` = 366 AND `is_admin` = 1 LIMIT 1   [ RunTime:0.0011s ]
SQL: SELECT * FROM `coal_users` WHERE `company_id` = 370 AND `is_admin` = 1 LIMIT 1   [ RunTime:0.0011s ]
SQL: SELECT * FROM `coal_users` WHERE `company_id` = 371 AND `is_admin` = 1 LIMIT 1   [ RunTime:0.0011s ]
SQL: SELECT * FROM `coal_users` WHERE `company_id` = 372 AND `is_admin` = 1 LIMIT 1   [ RunTime:0.0011s ]
SQL: SELECT * FROM `coal_users` WHERE `company_id` = 373 AND `is_admin` = 1 LIMIT 1   [ RunTime:0.0012s ]
SQL: SELECT * FROM `coal_users` WHERE `company_id` = 374 AND `is_admin` = 1 LIMIT 1   [ RunTime:0.0011s ]
SQL: SELECT * FROM `coal_users` WHERE `company_id` = 375 AND `is_admin` = 1 LIMIT 1   [ RunTime:0.0011s ]
SQL: SELECT * FROM `coal_users` WHERE `company_id` = 378 AND `is_admin` = 1 LIMIT 1   [ RunTime:0.0011s ]
SQL: SELECT * FROM `coal_users` WHERE `company_id` = 379 AND `is_admin` = 1 LIMIT 1   [ RunTime:0.0011s ]
SQL: SELECT * FROM `coal_users` WHERE `company_id` = 383 AND `is_admin` = 1 LIMIT 1   [ RunTime:0.0015s ]
SQL: SELECT * FROM `coal_users` WHERE `company_id` = 384 AND `is_admin` = 1 LIMIT 1   [ RunTime:0.0012s ]
SQL: SELECT * FROM `coal_users` WHERE `company_id` = 388 AND `is_admin` = 1 LIMIT 1   [ RunTime:0.0011s ]
SQL: SELECT * FROM `coal_users` WHERE `company_id` = 389 AND `is_admin` = 1 LIMIT 1   [ RunTime:0.0011s ]
SQL: SELECT * FROM `coal_users` WHERE `company_id` = 390 AND `is_admin` = 1 LIMIT 1   [ RunTime:0.0011s ]
SQL: SELECT * FROM `coal_users` WHERE `company_id` = 392 AND `is_admin` = 1 LIMIT 1   [ RunTime:0.0007s ]
SQL: SELECT * FROM `coal_users` WHERE `company_id` = 393 AND `is_admin` = 1 LIMIT 1   [ RunTime:0.0011s ]
SQL: SELECT * FROM `coal_users` WHERE `company_id` = 394 AND `is_admin` = 1 LIMIT 1   [ RunTime:0.0011s ]
SQL: SELECT * FROM `coal_users` WHERE `company_id` = 395 AND `is_admin` = 1 LIMIT 1   [ RunTime:0.0012s ]
SQL: SELECT * FROM `coal_users` WHERE `company_id` = 396 AND `is_admin` = 1 LIMIT 1   [ RunTime:0.0011s ]
SQL: SELECT * FROM `coal_users` WHERE `company_id` = 397 AND `is_admin` = 1 LIMIT 1   [ RunTime:0.0011s ]
SQL: SELECT * FROM `coal_users` WHERE `company_id` = 398 AND `is_admin` = 1 LIMIT 1   [ RunTime:0.0011s ]
SQL: SELECT * FROM `coal_users` WHERE `company_id` = 399 AND `is_admin` = 1 LIMIT 1   [ RunTime:0.0011s ]
SQL: SELECT * FROM `coal_users` WHERE `company_id` = 400 AND `is_admin` = 1 LIMIT 1   [ RunTime:0.0013s ]
SQL: SELECT * FROM `coal_users` WHERE `company_id` = 401 AND `is_admin` = 1 LIMIT 1   [ RunTime:0.0015s ]
SQL: SELECT * FROM `coal_users` WHERE `company_id` = 403 AND `is_admin` = 1 LIMIT 1   [ RunTime:0.0011s ]
SQL: SELECT * FROM `coal_users` WHERE `company_id` = 404 AND `is_admin` = 1 LIMIT 1   [ RunTime:0.0011s ]
SQL: SELECT * FROM `coal_users` WHERE `company_id` = 405 AND `is_admin` = 1 LIMIT 1   [ RunTime:0.0012s ]
SQL: SELECT * FROM `coal_users` WHERE `company_id` = 406 AND `is_admin` = 1 LIMIT 1   [ RunTime:0.0011s ]
SQL: SELECT * FROM `coal_users` WHERE `company_id` = 407 AND `is_admin` = 1 LIMIT 1   [ RunTime:0.0011s ]
SQL: SELECT * FROM `coal_users` WHERE `company_id` = 409 AND `is_admin` = 1 LIMIT 1   [ RunTime:0.0011s ]
SQL: SELECT * FROM `coal_users` WHERE `company_id` = 410 AND `is_admin` = 1 LIMIT 1   [ RunTime:0.0012s ]
SQL: SELECT * FROM `coal_users` WHERE `company_id` = 411 AND `is_admin` = 1 LIMIT 1   [ RunTime:0.0011s ]
SQL: SELECT * FROM `coal_users` WHERE `company_id` = 412 AND `is_admin` = 1 LIMIT 1   [ RunTime:0.0011s ]
SQL: SELECT * FROM `coal_users` WHERE `company_id` = 414 AND `is_admin` = 1 LIMIT 1   [ RunTime:0.0011s ]
SQL: SELECT * FROM `coal_users` WHERE `company_id` = 419 AND `is_admin` = 1 LIMIT 1   [ RunTime:0.0011s ]
SQL: SELECT * FROM `coal_users` WHERE `company_id` = 420 AND `is_admin` = 1 LIMIT 1   [ RunTime:0.0011s ]
SQL: SELECT * FROM `coal_users` WHERE `company_id` = 421 AND `is_admin` = 1 LIMIT 1   [ RunTime:0.0014s ]
SQL: SELECT * FROM `coal_users` WHERE `company_id` = 422 AND `is_admin` = 1 LIMIT 1   [ RunTime:0.0011s ]
SQL: SELECT * FROM `coal_users` WHERE `company_id` = 424 AND `is_admin` = 1 LIMIT 1   [ RunTime:0.0011s ]
SQL: SELECT * FROM `coal_users` WHERE `company_id` = 425 AND `is_admin` = 1 LIMIT 1   [ RunTime:0.0011s ]
SQL: SELECT * FROM `coal_users` WHERE `company_id` = 426 AND `is_admin` = 1 LIMIT 1   [ RunTime:0.0011s ]
SQL: SELECT * FROM `coal_users` WHERE `company_id` = 428 AND `is_admin` = 1 LIMIT 1   [ RunTime:0.0010s ]
SQL: SELECT * FROM `coal_users` WHERE `company_id` = 429 AND `is_admin` = 1 LIMIT 1   [ RunTime:0.0011s ]
SQL: SELECT * FROM `coal_users` WHERE `company_id` = 430 AND `is_admin` = 1 LIMIT 1   [ RunTime:0.0012s ]
SQL: SELECT * FROM `coal_users` WHERE `company_id` = 431 AND `is_admin` = 1 LIMIT 1   [ RunTime:0.0012s ]
SQL: SELECT COUNT(*) AS tp_count FROM `coal_company` WHERE `is_passed` = 1 LIMIT 1   [ RunTime:0.0003s ]
SQL: SELECT COUNT(*) AS tp_count FROM `coal_truck` WHERE `is_passed` = 0 LIMIT 1   [ RunTime:0.0003s ]
SQL: SELECT COUNT(*) AS tp_count FROM `coal_truck` WHERE `is_passed` = 1 LIMIT 1   [ RunTime:0.0003s ]
SQL: SHOW COLUMNS FROM `coal_driver` [ RunTime:0.0100s ]
SQL: SELECT COUNT(*) AS tp_count FROM `coal_driver` WHERE `is_passed` = 0 LIMIT 1   [ RunTime:0.0004s ]
SQL: SELECT COUNT(*) AS tp_count FROM `coal_driver` WHERE `is_passed` = 1 LIMIT 1   [ RunTime:0.0003s ]
SQL: SELECT COUNT(*) AS tp_count FROM `coal_truck` WHERE `is_passed` = 0 LIMIT 1   [ RunTime:0.0004s ]
SQL: SELECT COUNT(*) AS tp_count FROM `coal_truck` WHERE `is_passed` = 1 LIMIT 1   [ RunTime:0.0004s ]
SQL: SHOW COLUMNS FROM `coal_recruitment` [ RunTime:0.0109s ]
SQL: SELECT COUNT(*) AS tp_count FROM `coal_recruitment` WHERE `is_passed` = 0 LIMIT 1   [ RunTime:0.0002s ]
SQL: SELECT COUNT(*) AS tp_count FROM `coal_recruitment` WHERE `is_passed` = 1 LIMIT 1   [ RunTime:0.0001s ]
SQL: SHOW COLUMNS FROM `coal_human_info` [ RunTime:0.0094s ]
SQL: SELECT COUNT(*) AS tp_count FROM `coal_human_info` WHERE `is_passed` = 0 LIMIT 1   [ RunTime:0.0002s ]
SQL: SELECT COUNT(*) AS tp_count FROM `coal_human_info` WHERE `is_passed` = 1 LIMIT 1   [ RunTime:0.0001s ]
SQL: SHOW COLUMNS FROM `coal_logistics_goods` [ RunTime:0.0100s ]
SQL: SELECT COUNT(*) AS tp_count FROM `coal_logistics_goods` WHERE `is_passed` = 0 LIMIT 1   [ RunTime:0.0002s ]
SQL: SELECT COUNT(*) AS tp_count FROM `coal_logistics_goods` WHERE `is_passed` = 1 LIMIT 1   [ RunTime:0.0001s ]
SQL: SHOW COLUMNS FROM `coal_re_goods` [ RunTime:0.0089s ]
SQL: SELECT COUNT(*) AS tp_count FROM `coal_re_goods` WHERE `state` = 5 LIMIT 1   [ RunTime:0.0002s ]
SQL: SELECT COUNT(*) AS tp_count FROM `coal_re_goods` WHERE `state` IN (6,7) LIMIT 1   [ RunTime:0.0002s ]
SQL: SHOW COLUMNS FROM `coal_admin` [ RunTime:0.0070s ]
SQL: SELECT `login_time` FROM `coal_admin` WHERE `account` = 'admin' LIMIT 1   [ RunTime:0.0002s ]
INFO: [ view_parse ] --START--
INFO: [ template_filter ] --START--
INFO: Run Behavior\ContentReplaceBehavior [ RunTime:0.000143s ]
INFO: [ template_filter ] --END-- [ RunTime:0.000174s ]
NOTIC: [8] Undefined index: long_haul0 C:\phpStudy\WWW\mwt2.0_web\Application\Runtime\Cache\Admin\6fedbbe541e195344bf1450076482852.php 第 464 行.
NOTIC: [8] Undefined index: long_haul1 C:\phpStudy\WWW\mwt2.0_web\Application\Runtime\Cache\Admin\6fedbbe541e195344bf1450076482852.php 第 465 行.
NOTIC: [8] Undefined index: train0 C:\phpStudy\WWW\mwt2.0_web\Application\Runtime\Cache\Admin\6fedbbe541e195344bf1450076482852.php 第 469 行.
NOTIC: [8] Undefined index: train1 C:\phpStudy\WWW\mwt2.0_web\Application\Runtime\Cache\Admin\6fedbbe541e195344bf1450076482852.php 第 470 行.
NOTIC: [8] Undefined index: ship0 C:\phpStudy\WWW\mwt2.0_web\Application\Runtime\Cache\Admin\6fedbbe541e195344bf1450076482852.php 第 474 行.
NOTIC: [8] Undefined index: ship1 C:\phpStudy\WWW\mwt2.0_web\Application\Runtime\Cache\Admin\6fedbbe541e195344bf1450076482852.php 第 475 行.
INFO: Run Behavior\ParseTemplateBehavior [ RunTime:0.080927s ]
INFO: [ view_parse ] --END-- [ RunTime:0.080965s ]
INFO: [ view_filter ] --START--
INFO: Run Behavior\WriteHtmlCacheBehavior [ RunTime:0.000426s ]
INFO: [ view_filter ] --END-- [ RunTime:0.000452s ]
INFO: [ app_end ] --START--
INFO: Run Behavior\ShowPageTraceBehavior [ RunTime:0.000512s ]
INFO: [ app_end ] --END-- [ RunTime:0.000549s ]

[ 2017-08-10T15:17:48+08:00 ] 127.0.0.1 /Admin/Index/menu/id/40
INFO: [ app_init ] --START--
INFO: Run Behavior\BuildLiteBehavior [ RunTime:0.000009s ]
INFO: [ app_init ] --END-- [ RunTime:0.000264s ]
INFO: [ app_begin ] --START--
INFO: Run Behavior\ReadHtmlCacheBehavior [ RunTime:0.000380s ]
INFO: [ app_begin ] --END-- [ RunTime:0.000410s ]
NOTIC: [2] session_start(): Cannot send session cache limiter - headers already sent C:\phpStudy\WWW\mwt2.0_web\ThinkPHP\Common\functions.php 第 1263 行.
SQL: SHOW COLUMNS FROM `coal_menu` [ RunTime:0.0328s ]
SQL: SELECT * FROM `coal_menu` WHERE `is_admin` = 1 AND `status` = 1 AND `level` = 1 AND `pid` = 0 ORDER BY sort desc  [ RunTime:0.0012s ]
SQL: SHOW COLUMNS FROM `coal_admin_auth_group_access` [ RunTime:0.0118s ]
SQL: SELECT `uid`,`group_id`,`title`,`rules` FROM coal_admin_auth_group_access a INNER JOIN coal_admin_auth_group g on a.group_id=g.id  WHERE ( a.uid='1' and g.status='1' )  [ RunTime:0.0004s ]
SQL: SHOW COLUMNS FROM `coal_admin_auth_rule` [ RunTime:0.0129s ]
SQL: SELECT `condition`,`name` FROM `coal_admin_auth_rule` WHERE `id` IN ('1','2','3','4','5','6','7','8','9','10','11','12','13','14','15','16','17','18','19','20','21','22','23','24','25','26','27','28','29','30','31','32','33','34','35','36','37','38','39','40','41','42','43','44','45','46','47','48','49','50','51','52','53','54','55','56','57','58','59','60','61','62','63','64','65','66','67','68','69','70','71','72','73','74','75','76','77','78','79','80','81','82','83','84','85','86','87','88','89','90','91','92','93','94','95','96','97','98','99','100','101','102','103','104','105','106','107','108','109','110','111','112','113','114','115','116','117','118','119','120','121','122','123','124','125','126','127','128','129','130','131','132','133','134','135','136','137','138','139','140','141','142','143','144','145','146','147','148','149','150','151','152','153','154','155','156','157','158','159','160','161','162','163','164','165','166','167','168','169','170','171','172','173','174','175','176','177','178','179','180','181','182','183','184','185','186','187','188','189','190','191','192','193','194','195','196','197','198','199','200') AND `type` = 1 AND `status` = 1  [ RunTime:0.0010s ]
SQL: SELECT * FROM `coal_menu` WHERE `is_admin` = 1 AND `status` = 1 AND `level` = 2 AND `pid` = 40 ORDER BY sort desc  [ RunTime:0.0004s ]
SQL: SELECT * FROM `coal_menu` WHERE `is_admin` = 1 AND `status` = 1 AND `level` = 3 AND `pid` = 41 ORDER BY sort desc  [ RunTime:0.0004s ]

[ 2017-08-10T15:19:49+08:00 ] 127.0.0.1 /Admin/Index/index.html
INFO: [ app_init ] --START--
INFO: Run Behavior\BuildLiteBehavior [ RunTime:0.000008s ]
INFO: [ app_init ] --END-- [ RunTime:0.000269s ]
INFO: [ app_begin ] --START--
INFO: Run Behavior\ReadHtmlCacheBehavior [ RunTime:0.000332s ]
INFO: [ app_begin ] --END-- [ RunTime:0.000364s ]
SQL: SHOW COLUMNS FROM `coal_menu` [ RunTime:0.0288s ]
SQL: SELECT * FROM `coal_menu` WHERE `is_admin` = 1 AND `status` = 1 AND `level` = 1 AND `pid` = 0 ORDER BY sort desc  [ RunTime:0.0004s ]
SQL: SHOW COLUMNS FROM `coal_admin_auth_group_access` [ RunTime:0.0132s ]
SQL: SELECT `uid`,`group_id`,`title`,`rules` FROM coal_admin_auth_group_access a INNER JOIN coal_admin_auth_group g on a.group_id=g.id  WHERE ( a.uid='1' and g.status='1' )  [ RunTime:0.0118s ]
SQL: SHOW COLUMNS FROM `coal_admin_auth_rule` [ RunTime:0.0128s ]
SQL: SELECT `condition`,`name` FROM `coal_admin_auth_rule` WHERE `id` IN ('1','2','3','4','5','6','7','8','9','10','11','12','13','14','15','16','17','18','19','20','21','22','23','24','25','26','27','28','29','30','31','32','33','34','35','36','37','38','39','40','41','42','43','44','45','46','47','48','49','50','51','52','53','54','55','56','57','58','59','60','61','62','63','64','65','66','67','68','69','70','71','72','73','74','75','76','77','78','79','80','81','82','83','84','85','86','87','88','89','90','91','92','93','94','95','96','97','98','99','100','101','102','103','104','105','106','107','108','109','110','111','112','113','114','115','116','117','118','119','120','121','122','123','124','125','126','127','128','129','130','131','132','133','134','135','136','137','138','139','140','141','142','143','144','145','146','147','148','149','150','151','152','153','154','155','156','157','158','159','160','161','162','163','164','165','166','167','168','169','170','171','172','173','174','175','176','177','178','179','180','181','182','183','184','185','186','187','188','189','190','191','192','193','194','195','196','197','198','199','200') AND `type` = 1 AND `status` = 1  [ RunTime:0.0016s ]
SQL: SHOW COLUMNS FROM `coal_users` [ RunTime:0.0158s ]
SQL: SELECT COUNT(*) AS tp_count FROM `coal_users` WHERE `is_authentication` = 0 LIMIT 1   [ RunTime:0.0052s ]
SQL: SELECT COUNT(*) AS tp_count FROM `coal_users` WHERE `is_authentication` = 2 LIMIT 1   [ RunTime:0.0005s ]
SQL: SELECT COUNT(*) AS tp_count FROM `coal_users` WHERE `is_authentication` = 1 LIMIT 1   [ RunTime:0.0008s ]
SQL: SHOW COLUMNS FROM `coal_truck` [ RunTime:0.0137s ]
SQL: SELECT COUNT(*) AS tp_count FROM `coal_truck` LIMIT 1   [ RunTime:0.0003s ]
SQL: SELECT COUNT(*) AS tp_count FROM `coal_truck` WHERE `owner_type` = 1 LIMIT 1   [ RunTime:0.0014s ]
SQL: SELECT COUNT(*) AS tp_count FROM `coal_truck` WHERE `owner_type` = 2 LIMIT 1   [ RunTime:0.0010s ]
SQL: SELECT COUNT(*) AS tp_count FROM `coal_truck` WHERE `state` = 1 LIMIT 1   [ RunTime:0.0003s ]
SQL: SELECT COUNT(*) AS tp_count FROM `coal_truck` WHERE `state` = 2 LIMIT 1   [ RunTime:0.0003s ]
SQL: SELECT COUNT(*) AS tp_count FROM `coal_truck` WHERE `state` = 3 LIMIT 1   [ RunTime:0.0003s ]
SQL: SELECT COUNT(*) AS tp_count FROM `coal_truck` WHERE `state` = 4 LIMIT 1   [ RunTime:0.0003s ]
SQL: SHOW COLUMNS FROM `coal_company` [ RunTime:0.0139s ]
SQL: SELECT * FROM `coal_company` WHERE `is_passed` = 0  [ RunTime:0.0016s ]
SQL: SELECT * FROM `coal_users` WHERE `company_id` = 308 AND `is_admin` = 1 LIMIT 1   [ RunTime:0.0010s ]
SQL: SELECT * FROM `coal_users` WHERE `company_id` = 309 AND `is_admin` = 1 LIMIT 1   [ RunTime:0.0009s ]
SQL: SELECT * FROM `coal_users` WHERE `company_id` = 329 AND `is_admin` = 1 LIMIT 1   [ RunTime:0.0009s ]
SQL: SELECT * FROM `coal_users` WHERE `company_id` = 330 AND `is_admin` = 1 LIMIT 1   [ RunTime:0.0009s ]
SQL: SELECT * FROM `coal_users` WHERE `company_id` = 337 AND `is_admin` = 1 LIMIT 1   [ RunTime:0.0009s ]
SQL: SELECT * FROM `coal_users` WHERE `company_id` = 361 AND `is_admin` = 1 LIMIT 1   [ RunTime:0.0009s ]
SQL: SELECT * FROM `coal_users` WHERE `company_id` = 362 AND `is_admin` = 1 LIMIT 1   [ RunTime:0.0009s ]
SQL: SELECT * FROM `coal_users` WHERE `company_id` = 364 AND `is_admin` = 1 LIMIT 1   [ RunTime:0.0009s ]
SQL: SELECT * FROM `coal_users` WHERE `company_id` = 365 AND `is_admin` = 1 LIMIT 1   [ RunTime:0.0009s ]
SQL: SELECT * FROM `coal_users` WHERE `company_id` = 366 AND `is_admin` = 1 LIMIT 1   [ RunTime:0.0009s ]
SQL: SELECT * FROM `coal_users` WHERE `company_id` = 370 AND `is_admin` = 1 LIMIT 1   [ RunTime:0.0009s ]
SQL: SELECT * FROM `coal_users` WHERE `company_id` = 371 AND `is_admin` = 1 LIMIT 1   [ RunTime:0.0009s ]
SQL: SELECT * FROM `coal_users` WHERE `company_id` = 372 AND `is_admin` = 1 LIMIT 1   [ RunTime:0.0009s ]
SQL: SELECT * FROM `coal_users` WHERE `company_id` = 373 AND `is_admin` = 1 LIMIT 1   [ RunTime:0.0010s ]
SQL: SELECT * FROM `coal_users` WHERE `company_id` = 374 AND `is_admin` = 1 LIMIT 1   [ RunTime:0.0014s ]
SQL: SELECT * FROM `coal_users` WHERE `company_id` = 375 AND `is_admin` = 1 LIMIT 1   [ RunTime:0.0010s ]
SQL: SELECT * FROM `coal_users` WHERE `company_id` = 378 AND `is_admin` = 1 LIMIT 1   [ RunTime:0.0010s ]
SQL: SELECT * FROM `coal_users` WHERE `company_id` = 379 AND `is_admin` = 1 LIMIT 1   [ RunTime:0.0012s ]
SQL: SELECT * FROM `coal_users` WHERE `company_id` = 383 AND `is_admin` = 1 LIMIT 1   [ RunTime:0.0010s ]
SQL: SELECT * FROM `coal_users` WHERE `company_id` = 384 AND `is_admin` = 1 LIMIT 1   [ RunTime:0.0010s ]
SQL: SELECT * FROM `coal_users` WHERE `company_id` = 388 AND `is_admin` = 1 LIMIT 1   [ RunTime:0.0013s ]
SQL: SELECT * FROM `coal_users` WHERE `company_id` = 389 AND `is_admin` = 1 LIMIT 1   [ RunTime:0.0011s ]
SQL: SELECT * FROM `coal_users` WHERE `company_id` = 390 AND `is_admin` = 1 LIMIT 1   [ RunTime:0.0010s ]
SQL: SELECT * FROM `coal_users` WHERE `company_id` = 392 AND `is_admin` = 1 LIMIT 1   [ RunTime:0.0006s ]
SQL: SELECT * FROM `coal_users` WHERE `company_id` = 393 AND `is_admin` = 1 LIMIT 1   [ RunTime:0.0009s ]
SQL: SELECT * FROM `coal_users` WHERE `company_id` = 394 AND `is_admin` = 1 LIMIT 1   [ RunTime:0.0009s ]
SQL: SELECT * FROM `coal_users` WHERE `company_id` = 395 AND `is_admin` = 1 LIMIT 1   [ RunTime:0.0009s ]
SQL: SELECT * FROM `coal_users` WHERE `company_id` = 396 AND `is_admin` = 1 LIMIT 1   [ RunTime:0.0009s ]
SQL: SELECT * FROM `coal_users` WHERE `company_id` = 397 AND `is_admin` = 1 LIMIT 1   [ RunTime:0.0015s ]
SQL: SELECT * FROM `coal_users` WHERE `company_id` = 398 AND `is_admin` = 1 LIMIT 1   [ RunTime:0.0010s ]
SQL: SELECT * FROM `coal_users` WHERE `company_id` = 399 AND `is_admin` = 1 LIMIT 1   [ RunTime:0.0009s ]
SQL: SELECT * FROM `coal_users` WHERE `company_id` = 400 AND `is_admin` = 1 LIMIT 1   [ RunTime:0.0009s ]
SQL: SELECT * FROM `coal_users` WHERE `company_id` = 401 AND `is_admin` = 1 LIMIT 1   [ RunTime:0.0009s ]
SQL: SELECT * FROM `coal_users` WHERE `company_id` = 403 AND `is_admin` = 1 LIMIT 1   [ RunTime:0.0009s ]
SQL: SELECT * FROM `coal_users` WHERE `company_id` = 404 AND `is_admin` = 1 LIMIT 1   [ RunTime:0.0009s ]
SQL: SELECT * FROM `coal_users` WHERE `company_id` = 405 AND `is_admin` = 1 LIMIT 1   [ RunTime:0.0009s ]
SQL: SELECT * FROM `coal_users` WHERE `company_id` = 406 AND `is_admin` = 1 LIMIT 1   [ RunTime:0.0009s ]
SQL: SELECT * FROM `coal_users` WHERE `company_id` = 407 AND `is_admin` = 1 LIMIT 1   [ RunTime:0.0009s ]
SQL: SELECT * FROM `coal_users` WHERE `company_id` = 409 AND `is_admin` = 1 LIMIT 1   [ RunTime:0.0009s ]
SQL: SELECT * FROM `coal_users` WHERE `company_id` = 410 AND `is_admin` = 1 LIMIT 1   [ RunTime:0.0009s ]
SQL: SELECT * FROM `coal_users` WHERE `company_id` = 411 AND `is_admin` = 1 LIMIT 1   [ RunTime:0.0009s ]
SQL: SELECT * FROM `coal_users` WHERE `company_id` = 412 AND `is_admin` = 1 LIMIT 1   [ RunTime:0.0009s ]
SQL: SELECT * FROM `coal_users` WHERE `company_id` = 414 AND `is_admin` = 1 LIMIT 1   [ RunTime:0.0009s ]
SQL: SELECT * FROM `coal_users` WHERE `company_id` = 419 AND `is_admin` = 1 LIMIT 1   [ RunTime:0.0009s ]
SQL: SELECT * FROM `coal_users` WHERE `company_id` = 420 AND `is_admin` = 1 LIMIT 1   [ RunTime:0.0012s ]
SQL: SELECT * FROM `coal_users` WHERE `company_id` = 421 AND `is_admin` = 1 LIMIT 1   [ RunTime:0.0010s ]
SQL: SELECT * FROM `coal_users` WHERE `company_id` = 422 AND `is_admin` = 1 LIMIT 1   [ RunTime:0.0009s ]
SQL: SELECT * FROM `coal_users` WHERE `company_id` = 424 AND `is_admin` = 1 LIMIT 1   [ RunTime:0.0009s ]
SQL: SELECT * FROM `coal_users` WHERE `company_id` = 425 AND `is_admin` = 1 LIMIT 1   [ RunTime:0.0009s ]
SQL: SELECT * FROM `coal_users` WHERE `company_id` = 426 AND `is_admin` = 1 LIMIT 1   [ RunTime:0.0009s ]
SQL: SELECT * FROM `coal_users` WHERE `company_id` = 428 AND `is_admin` = 1 LIMIT 1   [ RunTime:0.0009s ]
SQL: SELECT * FROM `coal_users` WHERE `company_id` = 429 AND `is_admin` = 1 LIMIT 1   [ RunTime:0.0009s ]
SQL: SELECT * FROM `coal_users` WHERE `company_id` = 430 AND `is_admin` = 1 LIMIT 1   [ RunTime:0.0009s ]
SQL: SELECT * FROM `coal_users` WHERE `company_id` = 431 AND `is_admin` = 1 LIMIT 1   [ RunTime:0.0009s ]
SQL: SELECT COUNT(*) AS tp_count FROM `coal_company` WHERE `is_passed` = 1 LIMIT 1   [ RunTime:0.0002s ]
SQL: SELECT COUNT(*) AS tp_count FROM `coal_truck` WHERE `is_passed` = 0 LIMIT 1   [ RunTime:0.0002s ]
SQL: SELECT COUNT(*) AS tp_count FROM `coal_truck` WHERE `is_passed` = 1 LIMIT 1   [ RunTime:0.0002s ]
SQL: SHOW COLUMNS FROM `coal_driver` [ RunTime:0.0128s ]
SQL: SELECT COUNT(*) AS tp_count FROM `coal_driver` WHERE `is_passed` = 0 LIMIT 1   [ RunTime:0.0024s ]
SQL: SELECT COUNT(*) AS tp_count FROM `coal_driver` WHERE `is_passed` = 1 LIMIT 1   [ RunTime:0.0004s ]
SQL: SELECT COUNT(*) AS tp_count FROM `coal_truck` WHERE `is_passed` = 0 LIMIT 1   [ RunTime:0.0002s ]
SQL: SELECT COUNT(*) AS tp_count FROM `coal_truck` WHERE `is_passed` = 1 LIMIT 1   [ RunTime:0.0002s ]
SQL: SHOW COLUMNS FROM `coal_recruitment` [ RunTime:0.0112s ]
SQL: SELECT COUNT(*) AS tp_count FROM `coal_recruitment` WHERE `is_passed` = 0 LIMIT 1   [ RunTime:0.0002s ]
SQL: SELECT COUNT(*) AS tp_count FROM `coal_recruitment` WHERE `is_passed` = 1 LIMIT 1   [ RunTime:0.0001s ]
SQL: SHOW COLUMNS FROM `coal_human_info` [ RunTime:0.0105s ]
SQL: SELECT COUNT(*) AS tp_count FROM `coal_human_info` WHERE `is_passed` = 0 LIMIT 1   [ RunTime:0.0003s ]
SQL: SELECT COUNT(*) AS tp_count FROM `coal_human_info` WHERE `is_passed` = 1 LIMIT 1   [ RunTime:0.0002s ]
SQL: SHOW COLUMNS FROM `coal_logistics_goods` [ RunTime:0.0100s ]
SQL: SELECT COUNT(*) AS tp_count FROM `coal_logistics_goods` WHERE `is_passed` = 0 LIMIT 1   [ RunTime:0.0002s ]
SQL: SELECT COUNT(*) AS tp_count FROM `coal_logistics_goods` WHERE `is_passed` = 1 LIMIT 1   [ RunTime:0.0001s ]
SQL: SHOW COLUMNS FROM `coal_re_goods` [ RunTime:0.0138s ]
SQL: SELECT COUNT(*) AS tp_count FROM `coal_re_goods` WHERE `state` = 5 LIMIT 1   [ RunTime:0.0002s ]
SQL: SELECT COUNT(*) AS tp_count FROM `coal_re_goods` WHERE `state` IN (6,7) LIMIT 1   [ RunTime:0.0001s ]
SQL: SHOW COLUMNS FROM `coal_admin` [ RunTime:0.0115s ]
SQL: SELECT `login_time` FROM `coal_admin` WHERE `account` = 'admin' LIMIT 1   [ RunTime:0.0002s ]
INFO: [ view_parse ] --START--
INFO: [ template_filter ] --START--
INFO: Run Behavior\ContentReplaceBehavior [ RunTime:0.000159s ]
INFO: [ template_filter ] --END-- [ RunTime:0.000199s ]
NOTIC: [8] Undefined index: long_haul0 C:\phpStudy\WWW\mwt2.0_web\Application\Runtime\Cache\Admin\6fedbbe541e195344bf1450076482852.php 第 464 行.
NOTIC: [8] Undefined index: long_haul1 C:\phpStudy\WWW\mwt2.0_web\Application\Runtime\Cache\Admin\6fedbbe541e195344bf1450076482852.php 第 465 行.
NOTIC: [8] Undefined index: train0 C:\phpStudy\WWW\mwt2.0_web\Application\Runtime\Cache\Admin\6fedbbe541e195344bf1450076482852.php 第 469 行.
NOTIC: [8] Undefined index: train1 C:\phpStudy\WWW\mwt2.0_web\Application\Runtime\Cache\Admin\6fedbbe541e195344bf1450076482852.php 第 470 行.
NOTIC: [8] Undefined index: ship0 C:\phpStudy\WWW\mwt2.0_web\Application\Runtime\Cache\Admin\6fedbbe541e195344bf1450076482852.php 第 474 行.
NOTIC: [8] Undefined index: ship1 C:\phpStudy\WWW\mwt2.0_web\Application\Runtime\Cache\Admin\6fedbbe541e195344bf1450076482852.php 第 475 行.
INFO: Run Behavior\ParseTemplateBehavior [ RunTime:0.054927s ]
INFO: [ view_parse ] --END-- [ RunTime:0.054955s ]
INFO: [ view_filter ] --START--
INFO: Run Behavior\WriteHtmlCacheBehavior [ RunTime:0.000235s ]
INFO: [ view_filter ] --END-- [ RunTime:0.000254s ]
INFO: [ app_end ] --START--
INFO: Run Behavior\ShowPageTraceBehavior [ RunTime:0.000467s ]
INFO: [ app_end ] --END-- [ RunTime:0.000505s ]

[ 2017-08-10T15:19:53+08:00 ] 127.0.0.1 /Admin/Index/menu/id/40
INFO: [ app_init ] --START--
INFO: Run Behavior\BuildLiteBehavior [ RunTime:0.000011s ]
INFO: [ app_init ] --END-- [ RunTime:0.000498s ]
INFO: [ app_begin ] --START--
INFO: Run Behavior\ReadHtmlCacheBehavior [ RunTime:0.000296s ]
INFO: [ app_begin ] --END-- [ RunTime:0.000329s ]
SQL: SHOW COLUMNS FROM `coal_menu` [ RunTime:0.0186s ]
SQL: SELECT * FROM `coal_menu` WHERE `is_admin` = 1 AND `status` = 1 AND `level` = 1 AND `pid` = 0 ORDER BY sort desc  [ RunTime:0.0004s ]
SQL: SHOW COLUMNS FROM `coal_admin_auth_group_access` [ RunTime:0.0107s ]
SQL: SELECT `uid`,`group_id`,`title`,`rules` FROM coal_admin_auth_group_access a INNER JOIN coal_admin_auth_group g on a.group_id=g.id  WHERE ( a.uid='1' and g.status='1' )  [ RunTime:0.0003s ]
SQL: SHOW COLUMNS FROM `coal_admin_auth_rule` [ RunTime:0.0090s ]
SQL: SELECT `condition`,`name` FROM `coal_admin_auth_rule` WHERE `id` IN ('1','2','3','4','5','6','7','8','9','10','11','12','13','14','15','16','17','18','19','20','21','22','23','24','25','26','27','28','29','30','31','32','33','34','35','36','37','38','39','40','41','42','43','44','45','46','47','48','49','50','51','52','53','54','55','56','57','58','59','60','61','62','63','64','65','66','67','68','69','70','71','72','73','74','75','76','77','78','79','80','81','82','83','84','85','86','87','88','89','90','91','92','93','94','95','96','97','98','99','100','101','102','103','104','105','106','107','108','109','110','111','112','113','114','115','116','117','118','119','120','121','122','123','124','125','126','127','128','129','130','131','132','133','134','135','136','137','138','139','140','141','142','143','144','145','146','147','148','149','150','151','152','153','154','155','156','157','158','159','160','161','162','163','164','165','166','167','168','169','170','171','172','173','174','175','176','177','178','179','180','181','182','183','184','185','186','187','188','189','190','191','192','193','194','195','196','197','198','199','200') AND `type` = 1 AND `status` = 1  [ RunTime:0.0007s ]
SQL: SELECT * FROM `coal_menu` WHERE `is_admin` = 1 AND `status` = 1 AND `level` = 2 AND `pid` = 40 ORDER BY sort desc  [ RunTime:0.0004s ]
SQL: SELECT * FROM `coal_menu` WHERE `is_admin` = 1 AND `status` = 1 AND `level` = 3 AND `pid` = 41 ORDER BY sort desc  [ RunTime:0.0003s ]

[ 2017-08-10T15:20:40+08:00 ] 127.0.0.1 /Admin/Index/index.html
INFO: [ app_init ] --START--
INFO: Run Behavior\BuildLiteBehavior [ RunTime:0.000009s ]
INFO: [ app_init ] --END-- [ RunTime:0.000264s ]
INFO: [ app_begin ] --START--
INFO: Run Behavior\ReadHtmlCacheBehavior [ RunTime:0.000312s ]
INFO: [ app_begin ] --END-- [ RunTime:0.000347s ]
SQL: SHOW COLUMNS FROM `coal_menu` [ RunTime:0.0342s ]
SQL: SELECT * FROM `coal_menu` WHERE `is_admin` = 1 AND `status` = 1 AND `level` = 1 AND `pid` = 0 ORDER BY sort desc  [ RunTime:0.0005s ]
SQL: SHOW COLUMNS FROM `coal_admin_auth_group_access` [ RunTime:0.0113s ]
SQL: SELECT `uid`,`group_id`,`title`,`rules` FROM coal_admin_auth_group_access a INNER JOIN coal_admin_auth_group g on a.group_id=g.id  WHERE ( a.uid='1' and g.status='1' )  [ RunTime:0.0004s ]
SQL: SHOW COLUMNS FROM `coal_admin_auth_rule` [ RunTime:0.0110s ]
SQL: SELECT `condition`,`name` FROM `coal_admin_auth_rule` WHERE `id` IN ('1','2','3','4','5','6','7','8','9','10','11','12','13','14','15','16','17','18','19','20','21','22','23','24','25','26','27','28','29','30','31','32','33','34','35','36','37','38','39','40','41','42','43','44','45','46','47','48','49','50','51','52','53','54','55','56','57','58','59','60','61','62','63','64','65','66','67','68','69','70','71','72','73','74','75','76','77','78','79','80','81','82','83','84','85','86','87','88','89','90','91','92','93','94','95','96','97','98','99','100','101','102','103','104','105','106','107','108','109','110','111','112','113','114','115','116','117','118','119','120','121','122','123','124','125','126','127','128','129','130','131','132','133','134','135','136','137','138','139','140','141','142','143','144','145','146','147','148','149','150','151','152','153','154','155','156','157','158','159','160','161','162','163','164','165','166','167','168','169','170','171','172','173','174','175','176','177','178','179','180','181','182','183','184','185','186','187','188','189','190','191','192','193','194','195','196','197','198','199','200') AND `type` = 1 AND `status` = 1  [ RunTime:0.0009s ]
SQL: SHOW COLUMNS FROM `coal_users` [ RunTime:0.0067s ]
SQL: SELECT COUNT(*) AS tp_count FROM `coal_users` WHERE `is_authentication` = 0 LIMIT 1   [ RunTime:0.0005s ]
SQL: SELECT COUNT(*) AS tp_count FROM `coal_users` WHERE `is_authentication` = 2 LIMIT 1   [ RunTime:0.0004s ]
SQL: SELECT COUNT(*) AS tp_count FROM `coal_users` WHERE `is_authentication` = 1 LIMIT 1   [ RunTime:0.0005s ]
SQL: SHOW COLUMNS FROM `coal_truck` [ RunTime:0.0076s ]
SQL: SELECT COUNT(*) AS tp_count FROM `coal_truck` LIMIT 1   [ RunTime:0.0003s ]
SQL: SELECT COUNT(*) AS tp_count FROM `coal_truck` WHERE `owner_type` = 1 LIMIT 1   [ RunTime:0.0004s ]
SQL: SELECT COUNT(*) AS tp_count FROM `coal_truck` WHERE `owner_type` = 2 LIMIT 1   [ RunTime:0.0003s ]
SQL: SELECT COUNT(*) AS tp_count FROM `coal_truck` WHERE `state` = 1 LIMIT 1   [ RunTime:0.0003s ]
SQL: SELECT COUNT(*) AS tp_count FROM `coal_truck` WHERE `state` = 2 LIMIT 1   [ RunTime:0.0004s ]
SQL: SELECT COUNT(*) AS tp_count FROM `coal_truck` WHERE `state` = 3 LIMIT 1   [ RunTime:0.0003s ]
SQL: SELECT COUNT(*) AS tp_count FROM `coal_truck` WHERE `state` = 4 LIMIT 1   [ RunTime:0.0003s ]
SQL: SHOW COLUMNS FROM `coal_company` [ RunTime:0.0072s ]
SQL: SELECT * FROM `coal_company` WHERE `is_passed` = 0  [ RunTime:0.0006s ]
SQL: SELECT * FROM `coal_users` WHERE `company_id` = 308 AND `is_admin` = 1 LIMIT 1   [ RunTime:0.0011s ]
SQL: SELECT * FROM `coal_users` WHERE `company_id` = 309 AND `is_admin` = 1 LIMIT 1   [ RunTime:0.0011s ]
SQL: SELECT * FROM `coal_users` WHERE `company_id` = 329 AND `is_admin` = 1 LIMIT 1   [ RunTime:0.0011s ]
SQL: SELECT * FROM `coal_users` WHERE `company_id` = 330 AND `is_admin` = 1 LIMIT 1   [ RunTime:0.0011s ]
SQL: SELECT * FROM `coal_users` WHERE `company_id` = 337 AND `is_admin` = 1 LIMIT 1   [ RunTime:0.0011s ]
SQL: SELECT * FROM `coal_users` WHERE `company_id` = 361 AND `is_admin` = 1 LIMIT 1   [ RunTime:0.0010s ]
SQL: SELECT * FROM `coal_users` WHERE `company_id` = 362 AND `is_admin` = 1 LIMIT 1   [ RunTime:0.0011s ]
SQL: SELECT * FROM `coal_users` WHERE `company_id` = 364 AND `is_admin` = 1 LIMIT 1   [ RunTime:0.0011s ]
SQL: SELECT * FROM `coal_users` WHERE `company_id` = 365 AND `is_admin` = 1 LIMIT 1   [ RunTime:0.0011s ]
SQL: SELECT * FROM `coal_users` WHERE `company_id` = 366 AND `is_admin` = 1 LIMIT 1   [ RunTime:0.0011s ]
SQL: SELECT * FROM `coal_users` WHERE `company_id` = 370 AND `is_admin` = 1 LIMIT 1   [ RunTime:0.0011s ]
SQL: SELECT * FROM `coal_users` WHERE `company_id` = 371 AND `is_admin` = 1 LIMIT 1   [ RunTime:0.0011s ]
SQL: SELECT * FROM `coal_users` WHERE `company_id` = 372 AND `is_admin` = 1 LIMIT 1   [ RunTime:0.0047s ]
SQL: SELECT * FROM `coal_users` WHERE `company_id` = 373 AND `is_admin` = 1 LIMIT 1   [ RunTime:0.0011s ]
SQL: SELECT * FROM `coal_users` WHERE `company_id` = 374 AND `is_admin` = 1 LIMIT 1   [ RunTime:0.0011s ]
SQL: SELECT * FROM `coal_users` WHERE `company_id` = 375 AND `is_admin` = 1 LIMIT 1   [ RunTime:0.0011s ]
SQL: SELECT * FROM `coal_users` WHERE `company_id` = 378 AND `is_admin` = 1 LIMIT 1   [ RunTime:0.0010s ]
SQL: SELECT * FROM `coal_users` WHERE `company_id` = 379 AND `is_admin` = 1 LIMIT 1   [ RunTime:0.0011s ]
SQL: SELECT * FROM `coal_users` WHERE `company_id` = 383 AND `is_admin` = 1 LIMIT 1   [ RunTime:0.0011s ]
SQL: SELECT * FROM `coal_users` WHERE `company_id` = 384 AND `is_admin` = 1 LIMIT 1   [ RunTime:0.0011s ]
SQL: SELECT * FROM `coal_users` WHERE `company_id` = 388 AND `is_admin` = 1 LIMIT 1   [ RunTime:0.0011s ]
SQL: SELECT * FROM `coal_users` WHERE `company_id` = 389 AND `is_admin` = 1 LIMIT 1   [ RunTime:0.0011s ]
SQL: SELECT * FROM `coal_users` WHERE `company_id` = 390 AND `is_admin` = 1 LIMIT 1   [ RunTime:0.0011s ]
SQL: SELECT * FROM `coal_users` WHERE `company_id` = 392 AND `is_admin` = 1 LIMIT 1   [ RunTime:0.0007s ]
SQL: SELECT * FROM `coal_users` WHERE `company_id` = 393 AND `is_admin` = 1 LIMIT 1   [ RunTime:0.0011s ]
SQL: SELECT * FROM `coal_users` WHERE `company_id` = 394 AND `is_admin` = 1 LIMIT 1   [ RunTime:0.0014s ]
SQL: SELECT * FROM `coal_users` WHERE `company_id` = 395 AND `is_admin` = 1 LIMIT 1   [ RunTime:0.0011s ]
SQL: SELECT * FROM `coal_users` WHERE `company_id` = 396 AND `is_admin` = 1 LIMIT 1   [ RunTime:0.0011s ]
SQL: SELECT * FROM `coal_users` WHERE `company_id` = 397 AND `is_admin` = 1 LIMIT 1   [ RunTime:0.0011s ]
SQL: SELECT * FROM `coal_users` WHERE `company_id` = 398 AND `is_admin` = 1 LIMIT 1   [ RunTime:0.0011s ]
SQL: SELECT * FROM `coal_users` WHERE `company_id` = 399 AND `is_admin` = 1 LIMIT 1   [ RunTime:0.0011s ]
SQL: SELECT * FROM `coal_users` WHERE `company_id` = 400 AND `is_admin` = 1 LIMIT 1   [ RunTime:0.0011s ]
SQL: SELECT * FROM `coal_users` WHERE `company_id` = 401 AND `is_admin` = 1 LIMIT 1   [ RunTime:0.0011s ]
SQL: SELECT * FROM `coal_users` WHERE `company_id` = 403 AND `is_admin` = 1 LIMIT 1   [ RunTime:0.0011s ]
SQL: SELECT * FROM `coal_users` WHERE `company_id` = 404 AND `is_admin` = 1 LIMIT 1   [ RunTime:0.0010s ]
SQL: SELECT * FROM `coal_users` WHERE `company_id` = 405 AND `is_admin` = 1 LIMIT 1   [ RunTime:0.0009s ]
SQL: SELECT * FROM `coal_users` WHERE `company_id` = 406 AND `is_admin` = 1 LIMIT 1   [ RunTime:0.0009s ]
SQL: SELECT * FROM `coal_users` WHERE `company_id` = 407 AND `is_admin` = 1 LIMIT 1   [ RunTime:0.0009s ]
SQL: SELECT * FROM `coal_users` WHERE `company_id` = 409 AND `is_admin` = 1 LIMIT 1   [ RunTime:0.0010s ]
SQL: SELECT * FROM `coal_users` WHERE `company_id` = 410 AND `is_admin` = 1 LIMIT 1   [ RunTime:0.0019s ]
SQL: SELECT * FROM `coal_users` WHERE `company_id` = 411 AND `is_admin` = 1 LIMIT 1   [ RunTime:0.0009s ]
SQL: SELECT * FROM `coal_users` WHERE `company_id` = 412 AND `is_admin` = 1 LIMIT 1   [ RunTime:0.0009s ]
SQL: SELECT * FROM `coal_users` WHERE `company_id` = 414 AND `is_admin` = 1 LIMIT 1   [ RunTime:0.0009s ]
SQL: SELECT * FROM `coal_users` WHERE `company_id` = 419 AND `is_admin` = 1 LIMIT 1   [ RunTime:0.0010s ]
SQL: SELECT * FROM `coal_users` WHERE `company_id` = 420 AND `is_admin` = 1 LIMIT 1   [ RunTime:0.0010s ]
SQL: SELECT * FROM `coal_users` WHERE `company_id` = 421 AND `is_admin` = 1 LIMIT 1   [ RunTime:0.0010s ]
SQL: SELECT * FROM `coal_users` WHERE `company_id` = 422 AND `is_admin` = 1 LIMIT 1   [ RunTime:0.0010s ]
SQL: SELECT * FROM `coal_users` WHERE `company_id` = 424 AND `is_admin` = 1 LIMIT 1   [ RunTime:0.0010s ]
SQL: SELECT * FROM `coal_users` WHERE `company_id` = 425 AND `is_admin` = 1 LIMIT 1   [ RunTime:0.0009s ]
SQL: SELECT * FROM `coal_users` WHERE `company_id` = 426 AND `is_admin` = 1 LIMIT 1   [ RunTime:0.0009s ]
SQL: SELECT * FROM `coal_users` WHERE `company_id` = 428 AND `is_admin` = 1 LIMIT 1   [ RunTime:0.0010s ]
SQL: SELECT * FROM `coal_users` WHERE `company_id` = 429 AND `is_admin` = 1 LIMIT 1   [ RunTime:0.0010s ]
SQL: SELECT * FROM `coal_users` WHERE `company_id` = 430 AND `is_admin` = 1 LIMIT 1   [ RunTime:0.0010s ]
SQL: SELECT * FROM `coal_users` WHERE `company_id` = 431 AND `is_admin` = 1 LIMIT 1   [ RunTime:0.0010s ]
SQL: SELECT COUNT(*) AS tp_count FROM `coal_company` WHERE `is_passed` = 1 LIMIT 1   [ RunTime:0.0004s ]
SQL: SELECT COUNT(*) AS tp_count FROM `coal_truck` WHERE `is_passed` = 0 LIMIT 1   [ RunTime:0.0005s ]
SQL: SELECT COUNT(*) AS tp_count FROM `coal_truck` WHERE `is_passed` = 1 LIMIT 1   [ RunTime:0.0003s ]
SQL: SHOW COLUMNS FROM `coal_driver` [ RunTime:0.0064s ]
SQL: SELECT COUNT(*) AS tp_count FROM `coal_driver` WHERE `is_passed` = 0 LIMIT 1   [ RunTime:0.0003s ]
SQL: SELECT COUNT(*) AS tp_count FROM `coal_driver` WHERE `is_passed` = 1 LIMIT 1   [ RunTime:0.0003s ]
SQL: SELECT COUNT(*) AS tp_count FROM `coal_truck` WHERE `is_passed` = 0 LIMIT 1   [ RunTime:0.0002s ]
SQL: SELECT COUNT(*) AS tp_count FROM `coal_truck` WHERE `is_passed` = 1 LIMIT 1   [ RunTime:0.0002s ]
SQL: SHOW COLUMNS FROM `coal_recruitment` [ RunTime:0.0061s ]
SQL: SELECT COUNT(*) AS tp_count FROM `coal_recruitment` WHERE `is_passed` = 0 LIMIT 1   [ RunTime:0.0019s ]
SQL: SELECT COUNT(*) AS tp_count FROM `coal_recruitment` WHERE `is_passed` = 1 LIMIT 1   [ RunTime:0.0003s ]
SQL: SHOW COLUMNS FROM `coal_human_info` [ RunTime:0.0065s ]
SQL: SELECT COUNT(*) AS tp_count FROM `coal_human_info` WHERE `is_passed` = 0 LIMIT 1   [ RunTime:0.0002s ]
SQL: SELECT COUNT(*) AS tp_count FROM `coal_human_info` WHERE `is_passed` = 1 LIMIT 1   [ RunTime:0.0001s ]
SQL: SHOW COLUMNS FROM `coal_logistics_goods` [ RunTime:0.0114s ]
SQL: SELECT COUNT(*) AS tp_count FROM `coal_logistics_goods` WHERE `is_passed` = 0 LIMIT 1   [ RunTime:0.0002s ]
SQL: SELECT COUNT(*) AS tp_count FROM `coal_logistics_goods` WHERE `is_passed` = 1 LIMIT 1   [ RunTime:0.0001s ]
SQL: SHOW COLUMNS FROM `coal_re_goods` [ RunTime:0.0060s ]
SQL: SELECT COUNT(*) AS tp_count FROM `coal_re_goods` WHERE `state` = 5 LIMIT 1   [ RunTime:0.0002s ]
SQL: SELECT COUNT(*) AS tp_count FROM `coal_re_goods` WHERE `state` IN (6,7) LIMIT 1   [ RunTime:0.0001s ]
SQL: SHOW COLUMNS FROM `coal_admin` [ RunTime:0.0067s ]
SQL: SELECT `login_time` FROM `coal_admin` WHERE `account` = 'admin' LIMIT 1   [ RunTime:0.0002s ]
INFO: [ view_parse ] --START--
INFO: [ template_filter ] --START--
INFO: Run Behavior\ContentReplaceBehavior [ RunTime:0.000138s ]
INFO: [ template_filter ] --END-- [ RunTime:0.000166s ]
NOTIC: [8] Undefined index: long_haul0 C:\phpStudy\WWW\mwt2.0_web\Application\Runtime\Cache\Admin\6fedbbe541e195344bf1450076482852.php 第 464 行.
NOTIC: [8] Undefined index: long_haul1 C:\phpStudy\WWW\mwt2.0_web\Application\Runtime\Cache\Admin\6fedbbe541e195344bf1450076482852.php 第 465 行.
NOTIC: [8] Undefined index: train0 C:\phpStudy\WWW\mwt2.0_web\Application\Runtime\Cache\Admin\6fedbbe541e195344bf1450076482852.php 第 469 行.
NOTIC: [8] Undefined index: train1 C:\phpStudy\WWW\mwt2.0_web\Application\Runtime\Cache\Admin\6fedbbe541e195344bf1450076482852.php 第 470 行.
NOTIC: [8] Undefined index: ship0 C:\phpStudy\WWW\mwt2.0_web\Application\Runtime\Cache\Admin\6fedbbe541e195344bf1450076482852.php 第 474 行.
NOTIC: [8] Undefined index: ship1 C:\phpStudy\WWW\mwt2.0_web\Application\Runtime\Cache\Admin\6fedbbe541e195344bf1450076482852.php 第 475 行.
INFO: Run Behavior\ParseTemplateBehavior [ RunTime:0.048007s ]
INFO: [ view_parse ] --END-- [ RunTime:0.048036s ]
INFO: [ view_filter ] --START--
INFO: Run Behavior\WriteHtmlCacheBehavior [ RunTime:0.000211s ]
INFO: [ view_filter ] --END-- [ RunTime:0.000233s ]
INFO: [ app_end ] --START--
INFO: Run Behavior\ShowPageTraceBehavior [ RunTime:0.000496s ]
INFO: [ app_end ] --END-- [ RunTime:0.000543s ]

[ 2017-08-10T15:20:42+08:00 ] 127.0.0.1 /Admin/Index/menu/id/40
INFO: [ app_init ] --START--
INFO: Run Behavior\BuildLiteBehavior [ RunTime:0.000009s ]
INFO: [ app_init ] --END-- [ RunTime:0.000249s ]
INFO: [ app_begin ] --START--
INFO: Run Behavior\ReadHtmlCacheBehavior [ RunTime:0.000921s ]
INFO: [ app_begin ] --END-- [ RunTime:0.000967s ]
SQL: SHOW COLUMNS FROM `coal_menu` [ RunTime:0.0114s ]
SQL: SELECT * FROM `coal_menu` WHERE `is_admin` = 1 AND `status` = 1 AND `level` = 1 AND `pid` = 0 ORDER BY sort desc  [ RunTime:0.0005s ]
SQL: SHOW COLUMNS FROM `coal_admin_auth_group_access` [ RunTime:0.0108s ]
SQL: SELECT `uid`,`group_id`,`title`,`rules` FROM coal_admin_auth_group_access a INNER JOIN coal_admin_auth_group g on a.group_id=g.id  WHERE ( a.uid='1' and g.status='1' )  [ RunTime:0.0004s ]
SQL: SHOW COLUMNS FROM `coal_admin_auth_rule` [ RunTime:0.0093s ]
SQL: SELECT `condition`,`name` FROM `coal_admin_auth_rule` WHERE `id` IN ('1','2','3','4','5','6','7','8','9','10','11','12','13','14','15','16','17','18','19','20','21','22','23','24','25','26','27','28','29','30','31','32','33','34','35','36','37','38','39','40','41','42','43','44','45','46','47','48','49','50','51','52','53','54','55','56','57','58','59','60','61','62','63','64','65','66','67','68','69','70','71','72','73','74','75','76','77','78','79','80','81','82','83','84','85','86','87','88','89','90','91','92','93','94','95','96','97','98','99','100','101','102','103','104','105','106','107','108','109','110','111','112','113','114','115','116','117','118','119','120','121','122','123','124','125','126','127','128','129','130','131','132','133','134','135','136','137','138','139','140','141','142','143','144','145','146','147','148','149','150','151','152','153','154','155','156','157','158','159','160','161','162','163','164','165','166','167','168','169','170','171','172','173','174','175','176','177','178','179','180','181','182','183','184','185','186','187','188','189','190','191','192','193','194','195','196','197','198','199','200') AND `type` = 1 AND `status` = 1  [ RunTime:0.0006s ]
SQL: SELECT * FROM `coal_menu` WHERE `is_admin` = 1 AND `status` = 1 AND `level` = 2 AND `pid` = 40 ORDER BY sort desc  [ RunTime:0.0005s ]
SQL: SELECT * FROM `coal_menu` WHERE `is_admin` = 1 AND `status` = 1 AND `level` = 3 AND `pid` = 41 ORDER BY sort desc  [ RunTime:0.0003s ]

[ 2017-08-10T15:21:01+08:00 ] 127.0.0.1 /Admin/Index/index.html
INFO: [ app_init ] --START--
INFO: Run Behavior\BuildLiteBehavior [ RunTime:0.000009s ]
INFO: [ app_init ] --END-- [ RunTime:0.000228s ]
INFO: [ app_begin ] --START--
INFO: Run Behavior\ReadHtmlCacheBehavior [ RunTime:0.000309s ]
INFO: [ app_begin ] --END-- [ RunTime:0.000344s ]
SQL: SHOW COLUMNS FROM `coal_menu` [ RunTime:0.0331s ]
SQL: SELECT * FROM `coal_menu` WHERE `is_admin` = 1 AND `status` = 1 AND `level` = 1 AND `pid` = 0 ORDER BY sort desc  [ RunTime:0.0011s ]
SQL: SHOW COLUMNS FROM `coal_admin_auth_group_access` [ RunTime:0.0177s ]
SQL: SELECT `uid`,`group_id`,`title`,`rules` FROM coal_admin_auth_group_access a INNER JOIN coal_admin_auth_group g on a.group_id=g.id  WHERE ( a.uid='1' and g.status='1' )  [ RunTime:0.0005s ]
SQL: SHOW COLUMNS FROM `coal_admin_auth_rule` [ RunTime:0.0134s ]
SQL: SELECT `condition`,`name` FROM `coal_admin_auth_rule` WHERE `id` IN ('1','2','3','4','5','6','7','8','9','10','11','12','13','14','15','16','17','18','19','20','21','22','23','24','25','26','27','28','29','30','31','32','33','34','35','36','37','38','39','40','41','42','43','44','45','46','47','48','49','50','51','52','53','54','55','56','57','58','59','60','61','62','63','64','65','66','67','68','69','70','71','72','73','74','75','76','77','78','79','80','81','82','83','84','85','86','87','88','89','90','91','92','93','94','95','96','97','98','99','100','101','102','103','104','105','106','107','108','109','110','111','112','113','114','115','116','117','118','119','120','121','122','123','124','125','126','127','128','129','130','131','132','133','134','135','136','137','138','139','140','141','142','143','144','145','146','147','148','149','150','151','152','153','154','155','156','157','158','159','160','161','162','163','164','165','166','167','168','169','170','171','172','173','174','175','176','177','178','179','180','181','182','183','184','185','186','187','188','189','190','191','192','193','194','195','196','197','198','199','200') AND `type` = 1 AND `status` = 1  [ RunTime:0.0010s ]
SQL: SHOW COLUMNS FROM `coal_users` [ RunTime:0.0080s ]
SQL: SELECT COUNT(*) AS tp_count FROM `coal_users` WHERE `is_authentication` = 0 LIMIT 1   [ RunTime:0.0005s ]
SQL: SELECT COUNT(*) AS tp_count FROM `coal_users` WHERE `is_authentication` = 2 LIMIT 1   [ RunTime:0.0005s ]
SQL: SELECT COUNT(*) AS tp_count FROM `coal_users` WHERE `is_authentication` = 1 LIMIT 1   [ RunTime:0.0005s ]
SQL: SHOW COLUMNS FROM `coal_truck` [ RunTime:0.0071s ]
SQL: SELECT COUNT(*) AS tp_count FROM `coal_truck` LIMIT 1   [ RunTime:0.0004s ]
SQL: SELECT COUNT(*) AS tp_count FROM `coal_truck` WHERE `owner_type` = 1 LIMIT 1   [ RunTime:0.0006s ]
SQL: SELECT COUNT(*) AS tp_count FROM `coal_truck` WHERE `owner_type` = 2 LIMIT 1   [ RunTime:0.0004s ]
SQL: SELECT COUNT(*) AS tp_count FROM `coal_truck` WHERE `state` = 1 LIMIT 1   [ RunTime:0.0003s ]
SQL: SELECT COUNT(*) AS tp_count FROM `coal_truck` WHERE `state` = 2 LIMIT 1   [ RunTime:0.0004s ]
SQL: SELECT COUNT(*) AS tp_count FROM `coal_truck` WHERE `state` = 3 LIMIT 1   [ RunTime:0.0004s ]
SQL: SELECT COUNT(*) AS tp_count FROM `coal_truck` WHERE `state` = 4 LIMIT 1   [ RunTime:0.0004s ]
SQL: SHOW COLUMNS FROM `coal_company` [ RunTime:0.0079s ]
SQL: SELECT * FROM `coal_company` WHERE `is_passed` = 0  [ RunTime:0.0005s ]
SQL: SELECT * FROM `coal_users` WHERE `company_id` = 308 AND `is_admin` = 1 LIMIT 1   [ RunTime:0.0011s ]
SQL: SELECT * FROM `coal_users` WHERE `company_id` = 309 AND `is_admin` = 1 LIMIT 1   [ RunTime:0.0010s ]
SQL: SELECT * FROM `coal_users` WHERE `company_id` = 329 AND `is_admin` = 1 LIMIT 1   [ RunTime:0.0010s ]
SQL: SELECT * FROM `coal_users` WHERE `company_id` = 330 AND `is_admin` = 1 LIMIT 1   [ RunTime:0.0012s ]
SQL: SELECT * FROM `coal_users` WHERE `company_id` = 337 AND `is_admin` = 1 LIMIT 1   [ RunTime:0.0013s ]
SQL: SELECT * FROM `coal_users` WHERE `company_id` = 361 AND `is_admin` = 1 LIMIT 1   [ RunTime:0.0011s ]
SQL: SELECT * FROM `coal_users` WHERE `company_id` = 362 AND `is_admin` = 1 LIMIT 1   [ RunTime:0.0011s ]
SQL: SELECT * FROM `coal_users` WHERE `company_id` = 364 AND `is_admin` = 1 LIMIT 1   [ RunTime:0.0011s ]
SQL: SELECT * FROM `coal_users` WHERE `company_id` = 365 AND `is_admin` = 1 LIMIT 1   [ RunTime:0.0011s ]
SQL: SELECT * FROM `coal_users` WHERE `company_id` = 366 AND `is_admin` = 1 LIMIT 1   [ RunTime:0.0011s ]
SQL: SELECT * FROM `coal_users` WHERE `company_id` = 370 AND `is_admin` = 1 LIMIT 1   [ RunTime:0.0011s ]
SQL: SELECT * FROM `coal_users` WHERE `company_id` = 371 AND `is_admin` = 1 LIMIT 1   [ RunTime:0.0010s ]
SQL: SELECT * FROM `coal_users` WHERE `company_id` = 372 AND `is_admin` = 1 LIMIT 1   [ RunTime:0.0011s ]
SQL: SELECT * FROM `coal_users` WHERE `company_id` = 373 AND `is_admin` = 1 LIMIT 1   [ RunTime:0.0011s ]
SQL: SELECT * FROM `coal_users` WHERE `company_id` = 374 AND `is_admin` = 1 LIMIT 1   [ RunTime:0.0011s ]
SQL: SELECT * FROM `coal_users` WHERE `company_id` = 375 AND `is_admin` = 1 LIMIT 1   [ RunTime:0.0011s ]
SQL: SELECT * FROM `coal_users` WHERE `company_id` = 378 AND `is_admin` = 1 LIMIT 1   [ RunTime:0.0011s ]
SQL: SELECT * FROM `coal_users` WHERE `company_id` = 379 AND `is_admin` = 1 LIMIT 1   [ RunTime:0.0018s ]
SQL: SELECT * FROM `coal_users` WHERE `company_id` = 383 AND `is_admin` = 1 LIMIT 1   [ RunTime:0.0011s ]
SQL: SELECT * FROM `coal_users` WHERE `company_id` = 384 AND `is_admin` = 1 LIMIT 1   [ RunTime:0.0010s ]
SQL: SELECT * FROM `coal_users` WHERE `company_id` = 388 AND `is_admin` = 1 LIMIT 1   [ RunTime:0.0011s ]
SQL: SELECT * FROM `coal_users` WHERE `company_id` = 389 AND `is_admin` = 1 LIMIT 1   [ RunTime:0.0011s ]
SQL: SELECT * FROM `coal_users` WHERE `company_id` = 390 AND `is_admin` = 1 LIMIT 1   [ RunTime:0.0011s ]
SQL: SELECT * FROM `coal_users` WHERE `company_id` = 392 AND `is_admin` = 1 LIMIT 1   [ RunTime:0.0007s ]
SQL: SELECT * FROM `coal_users` WHERE `company_id` = 393 AND `is_admin` = 1 LIMIT 1   [ RunTime:0.0011s ]
SQL: SELECT * FROM `coal_users` WHERE `company_id` = 394 AND `is_admin` = 1 LIMIT 1   [ RunTime:0.0011s ]
SQL: SELECT * FROM `coal_users` WHERE `company_id` = 395 AND `is_admin` = 1 LIMIT 1   [ RunTime:0.0011s ]
SQL: SELECT * FROM `coal_users` WHERE `company_id` = 396 AND `is_admin` = 1 LIMIT 1   [ RunTime:0.0011s ]
SQL: SELECT * FROM `coal_users` WHERE `company_id` = 397 AND `is_admin` = 1 LIMIT 1   [ RunTime:0.0011s ]
SQL: SELECT * FROM `coal_users` WHERE `company_id` = 398 AND `is_admin` = 1 LIMIT 1   [ RunTime:0.0011s ]
SQL: SELECT * FROM `coal_users` WHERE `company_id` = 399 AND `is_admin` = 1 LIMIT 1   [ RunTime:0.0011s ]
SQL: SELECT * FROM `coal_users` WHERE `company_id` = 400 AND `is_admin` = 1 LIMIT 1   [ RunTime:0.0011s ]
SQL: SELECT * FROM `coal_users` WHERE `company_id` = 401 AND `is_admin` = 1 LIMIT 1   [ RunTime:0.0011s ]
SQL: SELECT * FROM `coal_users` WHERE `company_id` = 403 AND `is_admin` = 1 LIMIT 1   [ RunTime:0.0010s ]
SQL: SELECT * FROM `coal_users` WHERE `company_id` = 404 AND `is_admin` = 1 LIMIT 1   [ RunTime:0.0010s ]
SQL: SELECT * FROM `coal_users` WHERE `company_id` = 405 AND `is_admin` = 1 LIMIT 1   [ RunTime:0.0011s ]
SQL: SELECT * FROM `coal_users` WHERE `company_id` = 406 AND `is_admin` = 1 LIMIT 1   [ RunTime:0.0011s ]
SQL: SELECT * FROM `coal_users` WHERE `company_id` = 407 AND `is_admin` = 1 LIMIT 1   [ RunTime:0.0011s ]
SQL: SELECT * FROM `coal_users` WHERE `company_id` = 409 AND `is_admin` = 1 LIMIT 1   [ RunTime:0.0011s ]
SQL: SELECT * FROM `coal_users` WHERE `company_id` = 410 AND `is_admin` = 1 LIMIT 1   [ RunTime:0.0011s ]
SQL: SELECT * FROM `coal_users` WHERE `company_id` = 411 AND `is_admin` = 1 LIMIT 1   [ RunTime:0.0010s ]
SQL: SELECT * FROM `coal_users` WHERE `company_id` = 412 AND `is_admin` = 1 LIMIT 1   [ RunTime:0.0011s ]
SQL: SELECT * FROM `coal_users` WHERE `company_id` = 414 AND `is_admin` = 1 LIMIT 1   [ RunTime:0.0011s ]
SQL: SELECT * FROM `coal_users` WHERE `company_id` = 419 AND `is_admin` = 1 LIMIT 1   [ RunTime:0.0011s ]
SQL: SELECT * FROM `coal_users` WHERE `company_id` = 420 AND `is_admin` = 1 LIMIT 1   [ RunTime:0.0011s ]
SQL: SELECT * FROM `coal_users` WHERE `company_id` = 421 AND `is_admin` = 1 LIMIT 1   [ RunTime:0.0011s ]
SQL: SELECT * FROM `coal_users` WHERE `company_id` = 422 AND `is_admin` = 1 LIMIT 1   [ RunTime:0.0014s ]
SQL: SELECT * FROM `coal_users` WHERE `company_id` = 424 AND `is_admin` = 1 LIMIT 1   [ RunTime:0.0011s ]
SQL: SELECT * FROM `coal_users` WHERE `company_id` = 425 AND `is_admin` = 1 LIMIT 1   [ RunTime:0.0010s ]
SQL: SELECT * FROM `coal_users` WHERE `company_id` = 426 AND `is_admin` = 1 LIMIT 1   [ RunTime:0.0011s ]
SQL: SELECT * FROM `coal_users` WHERE `company_id` = 428 AND `is_admin` = 1 LIMIT 1   [ RunTime:0.0012s ]
SQL: SELECT * FROM `coal_users` WHERE `company_id` = 429 AND `is_admin` = 1 LIMIT 1   [ RunTime:0.0011s ]
SQL: SELECT * FROM `coal_users` WHERE `company_id` = 430 AND `is_admin` = 1 LIMIT 1   [ RunTime:0.0011s ]
SQL: SELECT * FROM `coal_users` WHERE `company_id` = 431 AND `is_admin` = 1 LIMIT 1   [ RunTime:0.0011s ]
SQL: SELECT COUNT(*) AS tp_count FROM `coal_company` WHERE `is_passed` = 1 LIMIT 1   [ RunTime:0.0003s ]
SQL: SELECT COUNT(*) AS tp_count FROM `coal_truck` WHERE `is_passed` = 0 LIMIT 1   [ RunTime:0.0003s ]
SQL: SELECT COUNT(*) AS tp_count FROM `coal_truck` WHERE `is_passed` = 1 LIMIT 1   [ RunTime:0.0003s ]
SQL: SHOW COLUMNS FROM `coal_driver` [ RunTime:0.0088s ]
SQL: SELECT COUNT(*) AS tp_count FROM `coal_driver` WHERE `is_passed` = 0 LIMIT 1   [ RunTime:0.0004s ]
SQL: SELECT COUNT(*) AS tp_count FROM `coal_driver` WHERE `is_passed` = 1 LIMIT 1   [ RunTime:0.0003s ]
SQL: SELECT COUNT(*) AS tp_count FROM `coal_truck` WHERE `is_passed` = 0 LIMIT 1   [ RunTime:0.0003s ]
SQL: SELECT COUNT(*) AS tp_count FROM `coal_truck` WHERE `is_passed` = 1 LIMIT 1   [ RunTime:0.0003s ]
SQL: SHOW COLUMNS FROM `coal_recruitment` [ RunTime:0.0063s ]
SQL: SELECT COUNT(*) AS tp_count FROM `coal_recruitment` WHERE `is_passed` = 0 LIMIT 1   [ RunTime:0.0003s ]
SQL: SELECT COUNT(*) AS tp_count FROM `coal_recruitment` WHERE `is_passed` = 1 LIMIT 1   [ RunTime:0.0002s ]
SQL: SHOW COLUMNS FROM `coal_human_info` [ RunTime:0.0068s ]
SQL: SELECT COUNT(*) AS tp_count FROM `coal_human_info` WHERE `is_passed` = 0 LIMIT 1   [ RunTime:0.0002s ]
SQL: SELECT COUNT(*) AS tp_count FROM `coal_human_info` WHERE `is_passed` = 1 LIMIT 1   [ RunTime:0.0001s ]
SQL: SHOW COLUMNS FROM `coal_logistics_goods` [ RunTime:0.0061s ]
SQL: SELECT COUNT(*) AS tp_count FROM `coal_logistics_goods` WHERE `is_passed` = 0 LIMIT 1   [ RunTime:0.0002s ]
SQL: SELECT COUNT(*) AS tp_count FROM `coal_logistics_goods` WHERE `is_passed` = 1 LIMIT 1   [ RunTime:0.0001s ]
SQL: SHOW COLUMNS FROM `coal_re_goods` [ RunTime:0.0061s ]
SQL: SELECT COUNT(*) AS tp_count FROM `coal_re_goods` WHERE `state` = 5 LIMIT 1   [ RunTime:0.0002s ]
SQL: SELECT COUNT(*) AS tp_count FROM `coal_re_goods` WHERE `state` IN (6,7) LIMIT 1   [ RunTime:0.0001s ]
SQL: SHOW COLUMNS FROM `coal_admin` [ RunTime:0.0069s ]
SQL: SELECT `login_time` FROM `coal_admin` WHERE `account` = 'admin' LIMIT 1   [ RunTime:0.0002s ]
INFO: [ view_parse ] --START--
INFO: [ template_filter ] --START--
INFO: Run Behavior\ContentReplaceBehavior [ RunTime:0.000147s ]
INFO: [ template_filter ] --END-- [ RunTime:0.000176s ]
NOTIC: [8] Undefined index: long_haul0 C:\phpStudy\WWW\mwt2.0_web\Application\Runtime\Cache\Admin\6fedbbe541e195344bf1450076482852.php 第 464 行.
NOTIC: [8] Undefined index: long_haul1 C:\phpStudy\WWW\mwt2.0_web\Application\Runtime\Cache\Admin\6fedbbe541e195344bf1450076482852.php 第 465 行.
NOTIC: [8] Undefined index: train0 C:\phpStudy\WWW\mwt2.0_web\Application\Runtime\Cache\Admin\6fedbbe541e195344bf1450076482852.php 第 469 行.
NOTIC: [8] Undefined index: train1 C:\phpStudy\WWW\mwt2.0_web\Application\Runtime\Cache\Admin\6fedbbe541e195344bf1450076482852.php 第 470 行.
NOTIC: [8] Undefined index: ship0 C:\phpStudy\WWW\mwt2.0_web\Application\Runtime\Cache\Admin\6fedbbe541e195344bf1450076482852.php 第 474 行.
NOTIC: [8] Undefined index: ship1 C:\phpStudy\WWW\mwt2.0_web\Application\Runtime\Cache\Admin\6fedbbe541e195344bf1450076482852.php 第 475 行.
INFO: Run Behavior\ParseTemplateBehavior [ RunTime:0.046438s ]
INFO: [ view_parse ] --END-- [ RunTime:0.046467s ]
INFO: [ view_filter ] --START--
INFO: Run Behavior\WriteHtmlCacheBehavior [ RunTime:0.000177s ]
INFO: [ view_filter ] --END-- [ RunTime:0.000196s ]
INFO: [ app_end ] --START--
INFO: Run Behavior\ShowPageTraceBehavior [ RunTime:0.000360s ]
INFO: [ app_end ] --END-- [ RunTime:0.000403s ]

[ 2017-08-10T15:21:03+08:00 ] 127.0.0.1 /Admin/Index/menu/id/40
INFO: [ app_init ] --START--
INFO: Run Behavior\BuildLiteBehavior [ RunTime:0.000009s ]
INFO: [ app_init ] --END-- [ RunTime:0.000275s ]
INFO: [ app_begin ] --START--
INFO: Run Behavior\ReadHtmlCacheBehavior [ RunTime:0.000284s ]
INFO: [ app_begin ] --END-- [ RunTime:0.000310s ]
SQL: SHOW COLUMNS FROM `coal_menu` [ RunTime:0.0196s ]
SQL: SELECT * FROM `coal_menu` WHERE `is_admin` = 1 AND `status` = 1 AND `level` = 1 AND `pid` = 0 ORDER BY sort desc  [ RunTime:0.0004s ]
SQL: SHOW COLUMNS FROM `coal_admin_auth_group_access` [ RunTime:0.0098s ]
SQL: SELECT `uid`,`group_id`,`title`,`rules` FROM coal_admin_auth_group_access a INNER JOIN coal_admin_auth_group g on a.group_id=g.id  WHERE ( a.uid='1' and g.status='1' )  [ RunTime:0.0007s ]
SQL: SHOW COLUMNS FROM `coal_admin_auth_rule` [ RunTime:0.0077s ]
SQL: SELECT `condition`,`name` FROM `coal_admin_auth_rule` WHERE `id` IN ('1','2','3','4','5','6','7','8','9','10','11','12','13','14','15','16','17','18','19','20','21','22','23','24','25','26','27','28','29','30','31','32','33','34','35','36','37','38','39','40','41','42','43','44','45','46','47','48','49','50','51','52','53','54','55','56','57','58','59','60','61','62','63','64','65','66','67','68','69','70','71','72','73','74','75','76','77','78','79','80','81','82','83','84','85','86','87','88','89','90','91','92','93','94','95','96','97','98','99','100','101','102','103','104','105','106','107','108','109','110','111','112','113','114','115','116','117','118','119','120','121','122','123','124','125','126','127','128','129','130','131','132','133','134','135','136','137','138','139','140','141','142','143','144','145','146','147','148','149','150','151','152','153','154','155','156','157','158','159','160','161','162','163','164','165','166','167','168','169','170','171','172','173','174','175','176','177','178','179','180','181','182','183','184','185','186','187','188','189','190','191','192','193','194','195','196','197','198','199','200') AND `type` = 1 AND `status` = 1  [ RunTime:0.0007s ]
SQL: SELECT * FROM `coal_menu` WHERE `is_admin` = 1 AND `status` = 1 AND `level` = 2 AND `pid` = 40 ORDER BY sort desc  [ RunTime:0.0006s ]
SQL: SELECT * FROM `coal_menu` WHERE `is_admin` = 1 AND `status` = 1 AND `level` = 3 AND `pid` = 41 ORDER BY sort desc  [ RunTime:0.0003s ]

[ 2017-08-10T15:21:05+08:00 ] 127.0.0.1 /Admin/Index/menu/id/46
INFO: [ app_init ] --START--
INFO: Run Behavior\BuildLiteBehavior [ RunTime:0.000008s ]
INFO: [ app_init ] --END-- [ RunTime:0.000208s ]
INFO: [ app_begin ] --START--
INFO: Run Behavior\ReadHtmlCacheBehavior [ RunTime:0.000257s ]
INFO: [ app_begin ] --END-- [ RunTime:0.000283s ]
SQL: SHOW COLUMNS FROM `coal_menu` [ RunTime:0.0122s ]
SQL: SELECT * FROM `coal_menu` WHERE `is_admin` = 1 AND `status` = 1 AND `level` = 1 AND `pid` = 0 ORDER BY sort desc  [ RunTime:0.0004s ]
SQL: SHOW COLUMNS FROM `coal_admin_auth_group_access` [ RunTime:0.0085s ]
SQL: SELECT `uid`,`group_id`,`title`,`rules` FROM coal_admin_auth_group_access a INNER JOIN coal_admin_auth_group g on a.group_id=g.id  WHERE ( a.uid='1' and g.status='1' )  [ RunTime:0.0004s ]
SQL: SHOW COLUMNS FROM `coal_admin_auth_rule` [ RunTime:0.0070s ]
SQL: SELECT `condition`,`name` FROM `coal_admin_auth_rule` WHERE `id` IN ('1','2','3','4','5','6','7','8','9','10','11','12','13','14','15','16','17','18','19','20','21','22','23','24','25','26','27','28','29','30','31','32','33','34','35','36','37','38','39','40','41','42','43','44','45','46','47','48','49','50','51','52','53','54','55','56','57','58','59','60','61','62','63','64','65','66','67','68','69','70','71','72','73','74','75','76','77','78','79','80','81','82','83','84','85','86','87','88','89','90','91','92','93','94','95','96','97','98','99','100','101','102','103','104','105','106','107','108','109','110','111','112','113','114','115','116','117','118','119','120','121','122','123','124','125','126','127','128','129','130','131','132','133','134','135','136','137','138','139','140','141','142','143','144','145','146','147','148','149','150','151','152','153','154','155','156','157','158','159','160','161','162','163','164','165','166','167','168','169','170','171','172','173','174','175','176','177','178','179','180','181','182','183','184','185','186','187','188','189','190','191','192','193','194','195','196','197','198','199','200') AND `type` = 1 AND `status` = 1  [ RunTime:0.0006s ]
SQL: SELECT * FROM `coal_menu` WHERE `is_admin` = 1 AND `status` = 1 AND `level` = 2 AND `pid` = 46 ORDER BY sort desc  [ RunTime:0.0003s ]
SQL: SELECT * FROM `coal_menu` WHERE `is_admin` = 1 AND `status` = 1 AND `level` = 3 AND `pid` = 47 ORDER BY sort desc  [ RunTime:0.0003s ]
SQL: SELECT * FROM `coal_menu` WHERE `is_admin` = 1 AND `status` = 1 AND `level` = 3 AND `pid` = 52 ORDER BY sort desc  [ RunTime:0.0003s ]
SQL: SELECT * FROM `coal_menu` WHERE `is_admin` = 1 AND `status` = 1 AND `level` = 3 AND `pid` = 57 ORDER BY sort desc  [ RunTime:0.0004s ]
SQL: SELECT * FROM `coal_menu` WHERE `is_admin` = 1 AND `status` = 1 AND `level` = 3 AND `pid` = 94 ORDER BY sort desc  [ RunTime:0.0003s ]

[ 2017-08-10T15:21:11+08:00 ] 127.0.0.1 /Admin/Industry/todaymarket?_=1502349661532
INFO: [ app_init ] --START--
INFO: Run Behavior\BuildLiteBehavior [ RunTime:0.000010s ]
INFO: [ app_init ] --END-- [ RunTime:0.000336s ]
INFO: [ app_begin ] --START--
INFO: Run Behavior\ReadHtmlCacheBehavior [ RunTime:0.000704s ]
INFO: [ app_begin ] --END-- [ RunTime:0.000743s ]
SQL: SHOW COLUMNS FROM `coal_admin_auth_rule` [ RunTime:0.0140s ]
SQL: SELECT `status` FROM `coal_admin_auth_rule` WHERE `name` = 'Admin/Industry/todaymarket' LIMIT 1   [ RunTime:0.0002s ]
SQL: SHOW COLUMNS FROM `coal_admin_auth_group_access` [ RunTime:0.0128s ]
SQL: SELECT `uid`,`group_id`,`title`,`rules` FROM coal_admin_auth_group_access a INNER JOIN coal_admin_auth_group g on a.group_id=g.id  WHERE ( a.uid='1' and g.status='1' )  [ RunTime:0.0003s ]
SQL: SHOW COLUMNS FROM `coal_admin_auth_rule` [ RunTime:0.0111s ]
SQL: SELECT `condition`,`name` FROM `coal_admin_auth_rule` WHERE `id` IN ('1','2','3','4','5','6','7','8','9','10','11','12','13','14','15','16','17','18','19','20','21','22','23','24','25','26','27','28','29','30','31','32','33','34','35','36','37','38','39','40','41','42','43','44','45','46','47','48','49','50','51','52','53','54','55','56','57','58','59','60','61','62','63','64','65','66','67','68','69','70','71','72','73','74','75','76','77','78','79','80','81','82','83','84','85','86','87','88','89','90','91','92','93','94','95','96','97','98','99','100','101','102','103','104','105','106','107','108','109','110','111','112','113','114','115','116','117','118','119','120','121','122','123','124','125','126','127','128','129','130','131','132','133','134','135','136','137','138','139','140','141','142','143','144','145','146','147','148','149','150','151','152','153','154','155','156','157','158','159','160','161','162','163','164','165','166','167','168','169','170','171','172','173','174','175','176','177','178','179','180','181','182','183','184','185','186','187','188','189','190','191','192','193','194','195','196','197','198','199','200') AND `type` = 1 AND `status` = 1  [ RunTime:0.0006s ]
INFO: [ view_parse ] --START--
INFO: [ template_filter ] --START--
INFO: Run Behavior\ContentReplaceBehavior [ RunTime:0.000028s ]
INFO: [ template_filter ] --END-- [ RunTime:0.000056s ]
INFO: Run Behavior\ParseTemplateBehavior [ RunTime:0.028122s ]
INFO: [ view_parse ] --END-- [ RunTime:0.030207s ]
INFO: [ view_filter ] --START--
INFO: Run Behavior\WriteHtmlCacheBehavior [ RunTime:0.000426s ]
INFO: [ view_filter ] --END-- [ RunTime:0.000451s ]
INFO: [ app_end ] --START--
INFO: Run Behavior\ShowPageTraceBehavior [ RunTime:0.000324s ]
INFO: [ app_end ] --END-- [ RunTime:0.000345s ]

[ 2017-08-10T15:21:13+08:00 ] 127.0.0.1 /Admin/Industry/getTmarket.html
INFO: [ app_init ] --START--
INFO: Run Behavior\BuildLiteBehavior [ RunTime:0.000007s ]
INFO: [ app_init ] --END-- [ RunTime:0.000214s ]
INFO: [ app_begin ] --START--
INFO: Run Behavior\ReadHtmlCacheBehavior [ RunTime:0.000285s ]
INFO: [ app_begin ] --END-- [ RunTime:0.000314s ]
SQL: SHOW COLUMNS FROM `coal_admin_auth_rule` [ RunTime:0.0216s ]
SQL: SELECT `status` FROM `coal_admin_auth_rule` WHERE `name` = 'Admin/Industry/getTmarket' LIMIT 1   [ RunTime:0.0002s ]
SQL: SHOW COLUMNS FROM `coal_admin_auth_group_access` [ RunTime:0.0159s ]
SQL: SELECT `uid`,`group_id`,`title`,`rules` FROM coal_admin_auth_group_access a INNER JOIN coal_admin_auth_group g on a.group_id=g.id  WHERE ( a.uid='1' and g.status='1' )  [ RunTime:0.0002s ]
SQL: SHOW COLUMNS FROM `coal_admin_auth_rule` [ RunTime:0.0129s ]
SQL: SELECT `condition`,`name` FROM `coal_admin_auth_rule` WHERE `id` IN ('1','2','3','4','5','6','7','8','9','10','11','12','13','14','15','16','17','18','19','20','21','22','23','24','25','26','27','28','29','30','31','32','33','34','35','36','37','38','39','40','41','42','43','44','45','46','47','48','49','50','51','52','53','54','55','56','57','58','59','60','61','62','63','64','65','66','67','68','69','70','71','72','73','74','75','76','77','78','79','80','81','82','83','84','85','86','87','88','89','90','91','92','93','94','95','96','97','98','99','100','101','102','103','104','105','106','107','108','109','110','111','112','113','114','115','116','117','118','119','120','121','122','123','124','125','126','127','128','129','130','131','132','133','134','135','136','137','138','139','140','141','142','143','144','145','146','147','148','149','150','151','152','153','154','155','156','157','158','159','160','161','162','163','164','165','166','167','168','169','170','171','172','173','174','175','176','177','178','179','180','181','182','183','184','185','186','187','188','189','190','191','192','193','194','195','196','197','198','199','200') AND `type` = 1 AND `status` = 1  [ RunTime:0.0006s ]
SQL: SHOW COLUMNS FROM `coal_today_market` [ RunTime:0.0358s ]
SQL: SELECT COUNT(*) AS tp_count FROM `coal_today_market` LIMIT 1   [ RunTime:0.0008s ]
SQL: SELECT * FROM `coal_today_market` ORDER BY update_time desc,id desc LIMIT 0,10   [ RunTime:0.0044s ]
INFO: [ app_end ] --START--
INFO: Run Behavior\ShowPageTraceBehavior [ RunTime:0.003480s ]
INFO: [ app_end ] --END-- [ RunTime:0.003582s ]

